{"/Users/ryu/hacktiv8/Final Project/Mody-Project/server/app.js": {"path":"/Users/ryu/hacktiv8/Final Project/Mody-Project/server/app.js","statementMap":{"0":{"start":{"line":1,"column":0},"end":{"line":3,"column":1}},"1":{"start":{"line":2,"column":2},"end":{"line":2,"column":29}},"2":{"start":{"line":5,"column":13},"end":{"line":5,"column":28}},"3":{"start":{"line":6,"column":16},"end":{"line":6,"column":34}},"4":{"start":{"line":7,"column":12},"end":{"line":7,"column":21}},"5":{"start":{"line":9,"column":15},"end":{"line":9,"column":34}},"6":{"start":{"line":10,"column":21},"end":{"line":10,"column":58}},"7":{"start":{"line":12,"column":0},"end":{"line":12,"column":16}},"8":{"start":{"line":13,"column":0},"end":{"line":13,"column":48}},"9":{"start":{"line":14,"column":0},"end":{"line":14,"column":24}},"10":{"start":{"line":16,"column":0},"end":{"line":16,"column":16}},"11":{"start":{"line":17,"column":0},"end":{"line":17,"column":22}},"12":{"start":{"line":19,"column":0},"end":{"line":19,"column":21}}},"fnMap":{},"branchMap":{"0":{"loc":{"start":{"line":1,"column":0},"end":{"line":3,"column":1}},"type":"if","locations":[{"start":{"line":1,"column":0},"end":{"line":3,"column":1}},{"start":{},"end":{}}],"line":1}},"s":{"0":1,"1":1,"2":1,"3":1,"4":1,"5":1,"6":1,"7":1,"8":1,"9":1,"10":1,"11":1,"12":1},"f":{},"b":{"0":[1,0]},"_coverageSchema":"1a1c01bbd47fc00a2c39e90264f33305004495a9","hash":"bdab8a7f1d28e544088b16e7d1b2bc6fdfbac7e0"}
,"/Users/ryu/hacktiv8/Final Project/Mody-Project/server/controllers/category.js": {"path":"/Users/ryu/hacktiv8/Final Project/Mody-Project/server/controllers/category.js","statementMap":{"0":{"start":{"line":1,"column":21},"end":{"line":1,"column":41}},"1":{"start":{"line":5,"column":2},"end":{"line":14,"column":3}},"2":{"start":{"line":6,"column":20},"end":{"line":10,"column":5}},"3":{"start":{"line":11,"column":3},"end":{"line":11,"column":34}},"4":{"start":{"line":13,"column":3},"end":{"line":13,"column":15}},"5":{"start":{"line":18,"column":2},"end":{"line":26,"column":3}},"6":{"start":{"line":19,"column":26},"end":{"line":19,"column":34}},"7":{"start":{"line":20,"column":20},"end":{"line":20,"column":57}},"8":{"start":{"line":21,"column":3},"end":{"line":23,"column":6}},"9":{"start":{"line":25,"column":3},"end":{"line":25,"column":15}},"10":{"start":{"line":30,"column":2},"end":{"line":44,"column":3}},"11":{"start":{"line":31,"column":26},"end":{"line":31,"column":34}},"12":{"start":{"line":32,"column":14},"end":{"line":32,"column":35}},"13":{"start":{"line":34,"column":20},"end":{"line":34,"column":76}},"14":{"start":{"line":36,"column":3},"end":{"line":38,"column":4}},"15":{"start":{"line":37,"column":4},"end":{"line":37,"column":31}},"16":{"start":{"line":39,"column":3},"end":{"line":41,"column":6}},"17":{"start":{"line":43,"column":3},"end":{"line":43,"column":15}},"18":{"start":{"line":48,"column":2},"end":{"line":60,"column":3}},"19":{"start":{"line":49,"column":26},"end":{"line":49,"column":36}},"20":{"start":{"line":51,"column":20},"end":{"line":51,"column":73}},"21":{"start":{"line":52,"column":3},"end":{"line":54,"column":4}},"22":{"start":{"line":53,"column":4},"end":{"line":53,"column":31}},"23":{"start":{"line":55,"column":3},"end":{"line":57,"column":6}},"24":{"start":{"line":59,"column":3},"end":{"line":59,"column":15}},"25":{"start":{"line":64,"column":0},"end":{"line":64,"column":28}}},"fnMap":{"0":{"name":"(anonymous_0)","decl":{"start":{"line":4,"column":1},"end":{"line":4,"column":2}},"loc":{"start":{"line":4,"column":44},"end":{"line":15,"column":2}},"line":4},"1":{"name":"(anonymous_1)","decl":{"start":{"line":17,"column":1},"end":{"line":17,"column":2}},"loc":{"start":{"line":17,"column":42},"end":{"line":27,"column":2}},"line":17},"2":{"name":"(anonymous_2)","decl":{"start":{"line":29,"column":1},"end":{"line":29,"column":2}},"loc":{"start":{"line":29,"column":45},"end":{"line":45,"column":2}},"line":29},"3":{"name":"(anonymous_3)","decl":{"start":{"line":47,"column":1},"end":{"line":47,"column":2}},"loc":{"start":{"line":47,"column":45},"end":{"line":61,"column":2}},"line":47}},"branchMap":{"0":{"loc":{"start":{"line":36,"column":3},"end":{"line":38,"column":4}},"type":"if","locations":[{"start":{"line":36,"column":3},"end":{"line":38,"column":4}},{"start":{},"end":{}}],"line":36},"1":{"loc":{"start":{"line":52,"column":3},"end":{"line":54,"column":4}},"type":"if","locations":[{"start":{"line":52,"column":3},"end":{"line":54,"column":4}},{"start":{},"end":{}}],"line":52}},"s":{"0":1,"1":0,"2":0,"3":0,"4":0,"5":0,"6":0,"7":0,"8":0,"9":0,"10":0,"11":0,"12":0,"13":0,"14":0,"15":0,"16":0,"17":0,"18":0,"19":0,"20":0,"21":0,"22":0,"23":0,"24":0,"25":1},"f":{"0":0,"1":0,"2":0,"3":0},"b":{"0":[0,0],"1":[0,0]},"_coverageSchema":"1a1c01bbd47fc00a2c39e90264f33305004495a9","hash":"b100573cf296caeda788045464f00f4d78ed925b"}
,"/Users/ryu/hacktiv8/Final Project/Mody-Project/server/controllers/profile.js": {"path":"/Users/ryu/hacktiv8/Final Project/Mody-Project/server/controllers/profile.js","statementMap":{"0":{"start":{"line":1,"column":20},"end":{"line":1,"column":40}},"1":{"start":{"line":5,"column":2},"end":{"line":16,"column":3}},"2":{"start":{"line":6,"column":22},"end":{"line":10,"column":5}},"3":{"start":{"line":11,"column":3},"end":{"line":13,"column":4}},"4":{"start":{"line":12,"column":4},"end":{"line":12,"column":37}},"5":{"start":{"line":15,"column":3},"end":{"line":15,"column":15}},"6":{"start":{"line":20,"column":2},"end":{"line":39,"column":3}},"7":{"start":{"line":21,"column":58},"end":{"line":21,"column":66}},"8":{"start":{"line":23,"column":25},"end":{"line":35,"column":4}},"9":{"start":{"line":36,"column":3},"end":{"line":36,"column":82}},"10":{"start":{"line":36,"column":22},"end":{"line":36,"column":82}},"11":{"start":{"line":38,"column":3},"end":{"line":38,"column":15}},"12":{"start":{"line":43,"column":0},"end":{"line":43,"column":35}}},"fnMap":{"0":{"name":"(anonymous_0)","decl":{"start":{"line":4,"column":1},"end":{"line":4,"column":2}},"loc":{"start":{"line":4,"column":44},"end":{"line":17,"column":2}},"line":4},"1":{"name":"(anonymous_1)","decl":{"start":{"line":19,"column":1},"end":{"line":19,"column":2}},"loc":{"start":{"line":19,"column":44},"end":{"line":40,"column":2}},"line":19}},"branchMap":{"0":{"loc":{"start":{"line":11,"column":3},"end":{"line":13,"column":4}},"type":"if","locations":[{"start":{"line":11,"column":3},"end":{"line":13,"column":4}},{"start":{},"end":{}}],"line":11},"1":{"loc":{"start":{"line":36,"column":3},"end":{"line":36,"column":82}},"type":"if","locations":[{"start":{"line":36,"column":3},"end":{"line":36,"column":82}},{"start":{},"end":{}}],"line":36}},"s":{"0":1,"1":0,"2":0,"3":0,"4":0,"5":0,"6":0,"7":0,"8":0,"9":0,"10":0,"11":0,"12":1},"f":{"0":0,"1":0},"b":{"0":[0,0],"1":[0,0]},"_coverageSchema":"1a1c01bbd47fc00a2c39e90264f33305004495a9","hash":"96ead3cbca392f5bab472df0d8458d9cd48c15d6"}
,"/Users/ryu/hacktiv8/Final Project/Mody-Project/server/controllers/transaction.js": {"path":"/Users/ryu/hacktiv8/Final Project/Mody-Project/server/controllers/transaction.js","statementMap":{"0":{"start":{"line":1,"column":15},"end":{"line":1,"column":35}},"1":{"start":{"line":2,"column":59},"end":{"line":2,"column":79}},"2":{"start":{"line":6,"column":12},"end":{"line":6,"column":41}},"3":{"start":{"line":7,"column":2},"end":{"line":98,"column":3}},"4":{"start":{"line":8,"column":29},"end":{"line":8,"column":39}},"5":{"start":{"line":10,"column":44},"end":{"line":10,"column":52}},"6":{"start":{"line":12,"column":28},"end":{"line":12,"column":89}},"7":{"start":{"line":14,"column":24},"end":{"line":14,"column":96}},"8":{"start":{"line":15,"column":22},"end":{"line":15,"column":90}},"9":{"start":{"line":17,"column":3},"end":{"line":41,"column":4}},"10":{"start":{"line":18,"column":4},"end":{"line":28,"column":6}},"11":{"start":{"line":29,"column":10},"end":{"line":41,"column":4}},"12":{"start":{"line":30,"column":4},"end":{"line":40,"column":6}},"13":{"start":{"line":43,"column":29},"end":{"line":58,"column":4}},"14":{"start":{"line":60,"column":25},"end":{"line":60,"column":93}},"15":{"start":{"line":62,"column":27},"end":{"line":62,"column":82}},"16":{"start":{"line":63,"column":3},"end":{"line":63,"column":37}},"17":{"start":{"line":64,"column":3},"end":{"line":88,"column":4}},"18":{"start":{"line":65,"column":4},"end":{"line":75,"column":6}},"19":{"start":{"line":76,"column":10},"end":{"line":88,"column":4}},"20":{"start":{"line":77,"column":4},"end":{"line":87,"column":6}},"21":{"start":{"line":90,"column":3},"end":{"line":90,"column":20}},"22":{"start":{"line":92,"column":3},"end":{"line":94,"column":6}},"23":{"start":{"line":96,"column":3},"end":{"line":96,"column":22}},"24":{"start":{"line":97,"column":3},"end":{"line":97,"column":15}},"25":{"start":{"line":102,"column":12},"end":{"line":102,"column":41}},"26":{"start":{"line":103,"column":2},"end":{"line":148,"column":3}},"27":{"start":{"line":104,"column":29},"end":{"line":104,"column":39}},"28":{"start":{"line":105,"column":28},"end":{"line":105,"column":89}},"29":{"start":{"line":106,"column":22},"end":{"line":106,"column":90}},"30":{"start":{"line":107,"column":24},"end":{"line":107,"column":96}},"31":{"start":{"line":109,"column":3},"end":{"line":133,"column":4}},"32":{"start":{"line":110,"column":4},"end":{"line":120,"column":6}},"33":{"start":{"line":121,"column":10},"end":{"line":133,"column":4}},"34":{"start":{"line":122,"column":4},"end":{"line":132,"column":6}},"35":{"start":{"line":134,"column":3},"end":{"line":139,"column":6}},"36":{"start":{"line":141,"column":3},"end":{"line":141,"column":20}},"37":{"start":{"line":142,"column":3},"end":{"line":144,"column":6}},"38":{"start":{"line":152,"column":12},"end":{"line":152,"column":41}},"39":{"start":{"line":153,"column":2},"end":{"line":209,"column":3}},"40":{"start":{"line":154,"column":56},"end":{"line":154,"column":64}},"41":{"start":{"line":156,"column":29},"end":{"line":169,"column":4}},"42":{"start":{"line":171,"column":24},"end":{"line":171,"column":79}},"43":{"start":{"line":173,"column":22},"end":{"line":173,"column":73}},"44":{"start":{"line":175,"column":3},"end":{"line":199,"column":4}},"45":{"start":{"line":176,"column":4},"end":{"line":186,"column":6}},"46":{"start":{"line":187,"column":10},"end":{"line":199,"column":4}},"47":{"start":{"line":188,"column":4},"end":{"line":198,"column":6}},"48":{"start":{"line":201,"column":3},"end":{"line":201,"column":20}},"49":{"start":{"line":202,"column":3},"end":{"line":205,"column":6}},"50":{"start":{"line":207,"column":3},"end":{"line":207,"column":22}},"51":{"start":{"line":208,"column":3},"end":{"line":208,"column":15}},"52":{"start":{"line":214,"column":23},"end":{"line":214,"column":31}},"53":{"start":{"line":215,"column":21},"end":{"line":215,"column":30}},"54":{"start":{"line":216,"column":16},"end":{"line":227,"column":3}},"55":{"start":{"line":228,"column":2},"end":{"line":235,"column":3}},"56":{"start":{"line":229,"column":3},"end":{"line":234,"column":5}},"57":{"start":{"line":236,"column":27},"end":{"line":236,"column":59}},"58":{"start":{"line":237,"column":2},"end":{"line":237,"column":41}},"59":{"start":{"line":245,"column":28},"end":{"line":245,"column":38}},"60":{"start":{"line":247,"column":22},"end":{"line":262,"column":4}},"61":{"start":{"line":263,"column":2},"end":{"line":263,"column":36}},"62":{"start":{"line":270,"column":0},"end":{"line":270,"column":40}}},"fnMap":{"0":{"name":"(anonymous_0)","decl":{"start":{"line":5,"column":1},"end":{"line":5,"column":2}},"loc":{"start":{"line":5,"column":48},"end":{"line":99,"column":2}},"line":5},"1":{"name":"(anonymous_1)","decl":{"start":{"line":101,"column":1},"end":{"line":101,"column":2}},"loc":{"start":{"line":101,"column":48},"end":{"line":149,"column":2}},"line":101},"2":{"name":"(anonymous_2)","decl":{"start":{"line":151,"column":1},"end":{"line":151,"column":2}},"loc":{"start":{"line":151,"column":48},"end":{"line":210,"column":2}},"line":151},"3":{"name":"(anonymous_3)","decl":{"start":{"line":212,"column":1},"end":{"line":212,"column":2}},"loc":{"start":{"line":212,"column":45},"end":{"line":241,"column":2}},"line":212},"4":{"name":"(anonymous_4)","decl":{"start":{"line":243,"column":1},"end":{"line":243,"column":2}},"loc":{"start":{"line":243,"column":51},"end":{"line":267,"column":2}},"line":243}},"branchMap":{"0":{"loc":{"start":{"line":17,"column":3},"end":{"line":41,"column":4}},"type":"if","locations":[{"start":{"line":17,"column":3},"end":{"line":41,"column":4}},{"start":{"line":29,"column":10},"end":{"line":41,"column":4}}],"line":17},"1":{"loc":{"start":{"line":29,"column":10},"end":{"line":41,"column":4}},"type":"if","locations":[{"start":{"line":29,"column":10},"end":{"line":41,"column":4}},{"start":{},"end":{}}],"line":29},"2":{"loc":{"start":{"line":64,"column":3},"end":{"line":88,"column":4}},"type":"if","locations":[{"start":{"line":64,"column":3},"end":{"line":88,"column":4}},{"start":{"line":76,"column":10},"end":{"line":88,"column":4}}],"line":64},"3":{"loc":{"start":{"line":76,"column":10},"end":{"line":88,"column":4}},"type":"if","locations":[{"start":{"line":76,"column":10},"end":{"line":88,"column":4}},{"start":{},"end":{}}],"line":76},"4":{"loc":{"start":{"line":109,"column":3},"end":{"line":133,"column":4}},"type":"if","locations":[{"start":{"line":109,"column":3},"end":{"line":133,"column":4}},{"start":{"line":121,"column":10},"end":{"line":133,"column":4}}],"line":109},"5":{"loc":{"start":{"line":121,"column":10},"end":{"line":133,"column":4}},"type":"if","locations":[{"start":{"line":121,"column":10},"end":{"line":133,"column":4}},{"start":{},"end":{}}],"line":121},"6":{"loc":{"start":{"line":175,"column":3},"end":{"line":199,"column":4}},"type":"if","locations":[{"start":{"line":175,"column":3},"end":{"line":199,"column":4}},{"start":{"line":187,"column":10},"end":{"line":199,"column":4}}],"line":175},"7":{"loc":{"start":{"line":187,"column":10},"end":{"line":199,"column":4}},"type":"if","locations":[{"start":{"line":187,"column":10},"end":{"line":199,"column":4}},{"start":{},"end":{}}],"line":187},"8":{"loc":{"start":{"line":228,"column":2},"end":{"line":235,"column":3}},"type":"if","locations":[{"start":{"line":228,"column":2},"end":{"line":235,"column":3}},{"start":{},"end":{}}],"line":228}},"s":{"0":1,"1":1,"2":7,"3":7,"4":7,"5":7,"6":7,"7":7,"8":7,"9":7,"10":2,"11":5,"12":5,"13":7,"14":4,"15":4,"16":4,"17":4,"18":1,"19":3,"20":3,"21":4,"22":4,"23":3,"24":3,"25":3,"26":3,"27":3,"28":3,"29":3,"30":3,"31":3,"32":1,"33":2,"34":2,"35":3,"36":3,"37":3,"38":3,"39":3,"40":3,"41":3,"42":2,"43":2,"44":2,"45":1,"46":1,"47":1,"48":2,"49":2,"50":1,"51":1,"52":3,"53":3,"54":3,"55":3,"56":1,"57":3,"58":3,"59":1,"60":1,"61":1,"62":1},"f":{"0":7,"1":3,"2":3,"3":3,"4":1},"b":{"0":[2,5],"1":[5,0],"2":[1,3],"3":[3,0],"4":[1,2],"5":[2,0],"6":[1,1],"7":[1,0],"8":[1,2]},"_coverageSchema":"1a1c01bbd47fc00a2c39e90264f33305004495a9","hash":"82fc1ab08c6ce2e9ce09adf10b0c2b17e8d98e58"}
,"/Users/ryu/hacktiv8/Final Project/Mody-Project/server/controllers/user.js": {"path":"/Users/ryu/hacktiv8/Final Project/Mody-Project/server/controllers/user.js","statementMap":{"0":{"start":{"line":1,"column":28},"end":{"line":1,"column":56}},"1":{"start":{"line":2,"column":24},"end":{"line":2,"column":49}},"2":{"start":{"line":3,"column":26},"end":{"line":3,"column":46}},"3":{"start":{"line":7,"column":2},"end":{"line":26,"column":3}},"4":{"start":{"line":8,"column":41},"end":{"line":8,"column":49}},"5":{"start":{"line":9,"column":19},"end":{"line":13,"column":4}},"6":{"start":{"line":14,"column":22},"end":{"line":14,"column":48}},"7":{"start":{"line":16,"column":3},"end":{"line":18,"column":6}},"8":{"start":{"line":20,"column":3},"end":{"line":23,"column":6}},"9":{"start":{"line":25,"column":3},"end":{"line":25,"column":15}},"10":{"start":{"line":30,"column":2},"end":{"line":40,"column":3}},"11":{"start":{"line":31,"column":17},"end":{"line":35,"column":5}},"12":{"start":{"line":37,"column":3},"end":{"line":37,"column":31}},"13":{"start":{"line":39,"column":3},"end":{"line":39,"column":15}},"14":{"start":{"line":44,"column":2},"end":{"line":57,"column":3}},"15":{"start":{"line":45,"column":22},"end":{"line":45,"column":32}},"16":{"start":{"line":46,"column":20},"end":{"line":50,"column":5}},"17":{"start":{"line":51,"column":3},"end":{"line":53,"column":4}},"18":{"start":{"line":52,"column":4},"end":{"line":52,"column":31}},"19":{"start":{"line":54,"column":3},"end":{"line":54,"column":34}},"20":{"start":{"line":56,"column":3},"end":{"line":56,"column":15}},"21":{"start":{"line":61,"column":2},"end":{"line":96,"column":3}},"22":{"start":{"line":62,"column":3},"end":{"line":93,"column":4}},"23":{"start":{"line":63,"column":32},"end":{"line":63,"column":40}},"24":{"start":{"line":65,"column":4},"end":{"line":67,"column":5}},"25":{"start":{"line":66,"column":5},"end":{"line":66,"column":37}},"26":{"start":{"line":68,"column":17},"end":{"line":72,"column":6}},"27":{"start":{"line":74,"column":4},"end":{"line":90,"column":5}},"28":{"start":{"line":75,"column":29},"end":{"line":75,"column":69}},"29":{"start":{"line":77,"column":5},"end":{"line":79,"column":6}},"30":{"start":{"line":78,"column":6},"end":{"line":78,"column":47}},"31":{"start":{"line":81,"column":21},"end":{"line":83,"column":6}},"32":{"start":{"line":84,"column":26},"end":{"line":84,"column":46}},"33":{"start":{"line":85,"column":5},"end":{"line":87,"column":8}},"34":{"start":{"line":89,"column":5},"end":{"line":89,"column":46}},"35":{"start":{"line":92,"column":4},"end":{"line":92,"column":16}},"36":{"start":{"line":95,"column":3},"end":{"line":95,"column":15}},"37":{"start":{"line":100,"column":2},"end":{"line":135,"column":3}},"38":{"start":{"line":101,"column":28},"end":{"line":101,"column":39}},"39":{"start":{"line":102,"column":18},"end":{"line":102,"column":72}},"40":{"start":{"line":103,"column":18},"end":{"line":106,"column":5}},"41":{"start":{"line":107,"column":19},"end":{"line":107,"column":38}},"42":{"start":{"line":109,"column":27},"end":{"line":119,"column":5}},"43":{"start":{"line":121,"column":24},"end":{"line":123,"column":5}},"44":{"start":{"line":125,"column":3},"end":{"line":132,"column":7}},"45":{"start":{"line":134,"column":3},"end":{"line":134,"column":15}},"46":{"start":{"line":139,"column":0},"end":{"line":139,"column":32}}},"fnMap":{"0":{"name":"(anonymous_0)","decl":{"start":{"line":6,"column":1},"end":{"line":6,"column":2}},"loc":{"start":{"line":6,"column":39},"end":{"line":27,"column":2}},"line":6},"1":{"name":"(anonymous_1)","decl":{"start":{"line":29,"column":1},"end":{"line":29,"column":2}},"loc":{"start":{"line":29,"column":42},"end":{"line":41,"column":2}},"line":29},"2":{"name":"(anonymous_2)","decl":{"start":{"line":43,"column":1},"end":{"line":43,"column":2}},"loc":{"start":{"line":43,"column":39},"end":{"line":58,"column":2}},"line":43},"3":{"name":"(anonymous_3)","decl":{"start":{"line":60,"column":1},"end":{"line":60,"column":2}},"loc":{"start":{"line":60,"column":36},"end":{"line":97,"column":2}},"line":60},"4":{"name":"(anonymous_4)","decl":{"start":{"line":99,"column":1},"end":{"line":99,"column":2}},"loc":{"start":{"line":99,"column":43},"end":{"line":136,"column":2}},"line":99}},"branchMap":{"0":{"loc":{"start":{"line":51,"column":3},"end":{"line":53,"column":4}},"type":"if","locations":[{"start":{"line":51,"column":3},"end":{"line":53,"column":4}},{"start":{},"end":{}}],"line":51},"1":{"loc":{"start":{"line":65,"column":4},"end":{"line":67,"column":5}},"type":"if","locations":[{"start":{"line":65,"column":4},"end":{"line":67,"column":5}},{"start":{},"end":{}}],"line":65},"2":{"loc":{"start":{"line":65,"column":8},"end":{"line":65,"column":27}},"type":"binary-expr","locations":[{"start":{"line":65,"column":8},"end":{"line":65,"column":14}},{"start":{"line":65,"column":18},"end":{"line":65,"column":27}}],"line":65},"3":{"loc":{"start":{"line":74,"column":4},"end":{"line":90,"column":5}},"type":"if","locations":[{"start":{"line":74,"column":4},"end":{"line":90,"column":5}},{"start":{"line":88,"column":11},"end":{"line":90,"column":5}}],"line":74},"4":{"loc":{"start":{"line":77,"column":5},"end":{"line":79,"column":6}},"type":"if","locations":[{"start":{"line":77,"column":5},"end":{"line":79,"column":6}},{"start":{},"end":{}}],"line":77}},"s":{"0":1,"1":1,"2":1,"3":0,"4":0,"5":0,"6":0,"7":0,"8":0,"9":0,"10":0,"11":0,"12":0,"13":0,"14":0,"15":0,"16":0,"17":0,"18":0,"19":0,"20":0,"21":11,"22":11,"23":11,"24":11,"25":0,"26":11,"27":11,"28":11,"29":11,"30":0,"31":11,"32":11,"33":11,"34":0,"35":0,"36":0,"37":0,"38":0,"39":0,"40":0,"41":0,"42":0,"43":0,"44":0,"45":0,"46":1},"f":{"0":0,"1":0,"2":0,"3":11,"4":0},"b":{"0":[0,0],"1":[0,11],"2":[11,11],"3":[11,0],"4":[0,11]},"_coverageSchema":"1a1c01bbd47fc00a2c39e90264f33305004495a9","hash":"af33d709f0a184b3d25359c60d7ade1e3c301893"}
,"/Users/ryu/hacktiv8/Final Project/Mody-Project/server/controllers/userWallet.js": {"path":"/Users/ryu/hacktiv8/Final Project/Mody-Project/server/controllers/userWallet.js","statementMap":{"0":{"start":{"line":1,"column":60},"end":{"line":1,"column":80}},"1":{"start":{"line":5,"column":2},"end":{"line":19,"column":3}},"2":{"start":{"line":6,"column":26},"end":{"line":6,"column":34}},"3":{"start":{"line":7,"column":23},"end":{"line":14,"column":5}},"4":{"start":{"line":16,"column":3},"end":{"line":16,"column":37}},"5":{"start":{"line":18,"column":3},"end":{"line":18,"column":15}},"6":{"start":{"line":23,"column":2},"end":{"line":35,"column":3}},"7":{"start":{"line":24,"column":38},"end":{"line":24,"column":46}},"8":{"start":{"line":26,"column":25},"end":{"line":30,"column":5}},"9":{"start":{"line":32,"column":3},"end":{"line":32,"column":39}},"10":{"start":{"line":34,"column":3},"end":{"line":34,"column":15}},"11":{"start":{"line":39,"column":2},"end":{"line":59,"column":3}},"12":{"start":{"line":40,"column":28},"end":{"line":40,"column":38}},"13":{"start":{"line":41,"column":3},"end":{"line":43,"column":4}},"14":{"start":{"line":42,"column":4},"end":{"line":42,"column":33}},"15":{"start":{"line":45,"column":28},"end":{"line":45,"column":67}},"16":{"start":{"line":46,"column":3},"end":{"line":48,"column":4}},"17":{"start":{"line":47,"column":4},"end":{"line":47,"column":31}},"18":{"start":{"line":50,"column":3},"end":{"line":54,"column":6}},"19":{"start":{"line":56,"column":3},"end":{"line":56,"column":95}},"20":{"start":{"line":58,"column":3},"end":{"line":58,"column":15}},"21":{"start":{"line":63,"column":2},"end":{"line":98,"column":3}},"22":{"start":{"line":64,"column":28},"end":{"line":64,"column":38}},"23":{"start":{"line":65,"column":28},"end":{"line":65,"column":36}},"24":{"start":{"line":66,"column":3},"end":{"line":68,"column":4}},"25":{"start":{"line":67,"column":4},"end":{"line":67,"column":33}},"26":{"start":{"line":70,"column":3},"end":{"line":72,"column":4}},"27":{"start":{"line":71,"column":4},"end":{"line":71,"column":33}},"28":{"start":{"line":74,"column":3},"end":{"line":76,"column":4}},"29":{"start":{"line":75,"column":4},"end":{"line":75,"column":36}},"30":{"start":{"line":78,"column":29},"end":{"line":78,"column":68}},"31":{"start":{"line":79,"column":3},"end":{"line":81,"column":4}},"32":{"start":{"line":80,"column":4},"end":{"line":80,"column":31}},"33":{"start":{"line":83,"column":3},"end":{"line":93,"column":5}},"34":{"start":{"line":95,"column":3},"end":{"line":95,"column":95}},"35":{"start":{"line":97,"column":3},"end":{"line":97,"column":15}},"36":{"start":{"line":102,"column":0},"end":{"line":102,"column":28}}},"fnMap":{"0":{"name":"(anonymous_0)","decl":{"start":{"line":4,"column":1},"end":{"line":4,"column":2}},"loc":{"start":{"line":4,"column":47},"end":{"line":20,"column":2}},"line":4},"1":{"name":"(anonymous_1)","decl":{"start":{"line":22,"column":1},"end":{"line":22,"column":2}},"loc":{"start":{"line":22,"column":47},"end":{"line":36,"column":2}},"line":22},"2":{"name":"(anonymous_2)","decl":{"start":{"line":38,"column":1},"end":{"line":38,"column":2}},"loc":{"start":{"line":38,"column":47},"end":{"line":60,"column":2}},"line":38},"3":{"name":"(anonymous_3)","decl":{"start":{"line":62,"column":1},"end":{"line":62,"column":2}},"loc":{"start":{"line":62,"column":47},"end":{"line":99,"column":2}},"line":62}},"branchMap":{"0":{"loc":{"start":{"line":41,"column":3},"end":{"line":43,"column":4}},"type":"if","locations":[{"start":{"line":41,"column":3},"end":{"line":43,"column":4}},{"start":{},"end":{}}],"line":41},"1":{"loc":{"start":{"line":46,"column":3},"end":{"line":48,"column":4}},"type":"if","locations":[{"start":{"line":46,"column":3},"end":{"line":48,"column":4}},{"start":{},"end":{}}],"line":46},"2":{"loc":{"start":{"line":66,"column":3},"end":{"line":68,"column":4}},"type":"if","locations":[{"start":{"line":66,"column":3},"end":{"line":68,"column":4}},{"start":{},"end":{}}],"line":66},"3":{"loc":{"start":{"line":70,"column":3},"end":{"line":72,"column":4}},"type":"if","locations":[{"start":{"line":70,"column":3},"end":{"line":72,"column":4}},{"start":{},"end":{}}],"line":70},"4":{"loc":{"start":{"line":74,"column":3},"end":{"line":76,"column":4}},"type":"if","locations":[{"start":{"line":74,"column":3},"end":{"line":76,"column":4}},{"start":{},"end":{}}],"line":74},"5":{"loc":{"start":{"line":79,"column":3},"end":{"line":81,"column":4}},"type":"if","locations":[{"start":{"line":79,"column":3},"end":{"line":81,"column":4}},{"start":{},"end":{}}],"line":79}},"s":{"0":1,"1":0,"2":0,"3":0,"4":0,"5":0,"6":0,"7":0,"8":0,"9":0,"10":0,"11":0,"12":0,"13":0,"14":0,"15":0,"16":0,"17":0,"18":0,"19":0,"20":0,"21":0,"22":0,"23":0,"24":0,"25":0,"26":0,"27":0,"28":0,"29":0,"30":0,"31":0,"32":0,"33":0,"34":0,"35":0,"36":1},"f":{"0":0,"1":0,"2":0,"3":0},"b":{"0":[0,0],"1":[0,0],"2":[0,0],"3":[0,0],"4":[0,0],"5":[0,0]},"_coverageSchema":"1a1c01bbd47fc00a2c39e90264f33305004495a9","hash":"cbda7c76386186467ac578ef3f63c67d2b8157ed"}
,"/Users/ryu/hacktiv8/Final Project/Mody-Project/server/controllers/wallet.js": {"path":"/Users/ryu/hacktiv8/Final Project/Mody-Project/server/controllers/wallet.js","statementMap":{"0":{"start":{"line":1,"column":60},"end":{"line":1,"column":80}},"1":{"start":{"line":5,"column":2},"end":{"line":31,"column":3}},"2":{"start":{"line":6,"column":18},"end":{"line":6,"column":26}},"3":{"start":{"line":8,"column":19},"end":{"line":26,"column":5}},"4":{"start":{"line":28,"column":3},"end":{"line":28,"column":33}},"5":{"start":{"line":30,"column":3},"end":{"line":30,"column":15}},"6":{"start":{"line":35,"column":2},"end":{"line":75,"column":3}},"7":{"start":{"line":36,"column":24},"end":{"line":36,"column":34}},"8":{"start":{"line":38,"column":3},"end":{"line":40,"column":4}},"9":{"start":{"line":39,"column":4},"end":{"line":39,"column":33}},"10":{"start":{"line":42,"column":18},"end":{"line":66,"column":5}},"11":{"start":{"line":68,"column":3},"end":{"line":70,"column":4}},"12":{"start":{"line":69,"column":4},"end":{"line":69,"column":31}},"13":{"start":{"line":72,"column":3},"end":{"line":72,"column":32}},"14":{"start":{"line":74,"column":3},"end":{"line":74,"column":15}},"15":{"start":{"line":79,"column":2},"end":{"line":96,"column":3}},"16":{"start":{"line":80,"column":20},"end":{"line":80,"column":28}},"17":{"start":{"line":81,"column":18},"end":{"line":81,"column":26}},"18":{"start":{"line":83,"column":21},"end":{"line":85,"column":5}},"19":{"start":{"line":87,"column":3},"end":{"line":91,"column":6}},"20":{"start":{"line":93,"column":3},"end":{"line":93,"column":35}},"21":{"start":{"line":95,"column":3},"end":{"line":95,"column":15}},"22":{"start":{"line":100,"column":2},"end":{"line":112,"column":3}},"23":{"start":{"line":101,"column":24},"end":{"line":101,"column":34}},"24":{"start":{"line":103,"column":3},"end":{"line":107,"column":6}},"25":{"start":{"line":109,"column":3},"end":{"line":109,"column":88}},"26":{"start":{"line":111,"column":3},"end":{"line":111,"column":15}},"27":{"start":{"line":116,"column":2},"end":{"line":140,"column":3}},"28":{"start":{"line":117,"column":24},"end":{"line":117,"column":34}},"29":{"start":{"line":118,"column":20},"end":{"line":118,"column":28}},"30":{"start":{"line":119,"column":3},"end":{"line":119,"column":54}},"31":{"start":{"line":119,"column":25},"end":{"line":119,"column":54}},"32":{"start":{"line":121,"column":3},"end":{"line":123,"column":4}},"33":{"start":{"line":122,"column":4},"end":{"line":122,"column":36}},"34":{"start":{"line":125,"column":25},"end":{"line":132,"column":4}},"35":{"start":{"line":133,"column":3},"end":{"line":137,"column":4}},"36":{"start":{"line":134,"column":4},"end":{"line":134,"column":89}},"37":{"start":{"line":136,"column":4},"end":{"line":136,"column":31}},"38":{"start":{"line":139,"column":3},"end":{"line":139,"column":15}},"39":{"start":{"line":144,"column":0},"end":{"line":144,"column":28}}},"fnMap":{"0":{"name":"(anonymous_0)","decl":{"start":{"line":4,"column":1},"end":{"line":4,"column":2}},"loc":{"start":{"line":4,"column":43},"end":{"line":32,"column":2}},"line":4},"1":{"name":"(anonymous_1)","decl":{"start":{"line":34,"column":1},"end":{"line":34,"column":2}},"loc":{"start":{"line":34,"column":46},"end":{"line":76,"column":2}},"line":34},"2":{"name":"(anonymous_2)","decl":{"start":{"line":78,"column":1},"end":{"line":78,"column":2}},"loc":{"start":{"line":78,"column":43},"end":{"line":97,"column":2}},"line":78},"3":{"name":"(anonymous_3)","decl":{"start":{"line":99,"column":1},"end":{"line":99,"column":2}},"loc":{"start":{"line":99,"column":43},"end":{"line":113,"column":2}},"line":99},"4":{"name":"(anonymous_4)","decl":{"start":{"line":115,"column":1},"end":{"line":115,"column":2}},"loc":{"start":{"line":115,"column":43},"end":{"line":141,"column":2}},"line":115}},"branchMap":{"0":{"loc":{"start":{"line":38,"column":3},"end":{"line":40,"column":4}},"type":"if","locations":[{"start":{"line":38,"column":3},"end":{"line":40,"column":4}},{"start":{},"end":{}}],"line":38},"1":{"loc":{"start":{"line":68,"column":3},"end":{"line":70,"column":4}},"type":"if","locations":[{"start":{"line":68,"column":3},"end":{"line":70,"column":4}},{"start":{},"end":{}}],"line":68},"2":{"loc":{"start":{"line":119,"column":3},"end":{"line":119,"column":54}},"type":"if","locations":[{"start":{"line":119,"column":3},"end":{"line":119,"column":54}},{"start":{},"end":{}}],"line":119},"3":{"loc":{"start":{"line":121,"column":3},"end":{"line":123,"column":4}},"type":"if","locations":[{"start":{"line":121,"column":3},"end":{"line":123,"column":4}},{"start":{},"end":{}}],"line":121},"4":{"loc":{"start":{"line":133,"column":3},"end":{"line":137,"column":4}},"type":"if","locations":[{"start":{"line":133,"column":3},"end":{"line":137,"column":4}},{"start":{"line":135,"column":10},"end":{"line":137,"column":4}}],"line":133}},"s":{"0":1,"1":0,"2":0,"3":0,"4":0,"5":0,"6":0,"7":0,"8":0,"9":0,"10":0,"11":0,"12":0,"13":0,"14":0,"15":1,"16":1,"17":1,"18":1,"19":1,"20":1,"21":0,"22":0,"23":0,"24":0,"25":0,"26":0,"27":0,"28":0,"29":0,"30":0,"31":0,"32":0,"33":0,"34":0,"35":0,"36":0,"37":0,"38":0,"39":1},"f":{"0":0,"1":0,"2":1,"3":0,"4":0},"b":{"0":[0,0],"1":[0,0],"2":[0,0],"3":[0,0],"4":[0,0]},"_coverageSchema":"1a1c01bbd47fc00a2c39e90264f33305004495a9","hash":"e519967baa7226d7d5953d24745eb5985b01062f"}
,"/Users/ryu/hacktiv8/Final Project/Mody-Project/server/helpers/bcrypt.js": {"path":"/Users/ryu/hacktiv8/Final Project/Mody-Project/server/helpers/bcrypt.js","statementMap":{"0":{"start":{"line":1,"column":15},"end":{"line":1,"column":34}},"1":{"start":{"line":3,"column":21},"end":{"line":5,"column":1}},"2":{"start":{"line":4,"column":1},"end":{"line":4,"column":38}},"3":{"start":{"line":7,"column":24},"end":{"line":9,"column":1}},"4":{"start":{"line":8,"column":1},"end":{"line":8,"column":53}},"5":{"start":{"line":11,"column":0},"end":{"line":11,"column":51}}},"fnMap":{"0":{"name":"(anonymous_0)","decl":{"start":{"line":3,"column":21},"end":{"line":3,"column":22}},"loc":{"start":{"line":3,"column":35},"end":{"line":5,"column":1}},"line":3},"1":{"name":"(anonymous_1)","decl":{"start":{"line":7,"column":24},"end":{"line":7,"column":25}},"loc":{"start":{"line":7,"column":54},"end":{"line":9,"column":1}},"line":7}},"branchMap":{},"s":{"0":1,"1":1,"2":3,"3":1,"4":11,"5":1},"f":{"0":3,"1":11},"b":{},"_coverageSchema":"1a1c01bbd47fc00a2c39e90264f33305004495a9","hash":"e5ec4518c2a9824e7ebad1d75bd3c50cd6f462e2"}
,"/Users/ryu/hacktiv8/Final Project/Mody-Project/server/helpers/jwt.js": {"path":"/Users/ryu/hacktiv8/Final Project/Mody-Project/server/helpers/jwt.js","statementMap":{"0":{"start":{"line":1,"column":12},"end":{"line":1,"column":35}},"1":{"start":{"line":2,"column":18},"end":{"line":2,"column":40}},"2":{"start":{"line":4,"column":20},"end":{"line":6,"column":1}},"3":{"start":{"line":5,"column":2},"end":{"line":5,"column":38}},"4":{"start":{"line":8,"column":20},"end":{"line":10,"column":1}},"5":{"start":{"line":9,"column":2},"end":{"line":9,"column":38}},"6":{"start":{"line":12,"column":0},"end":{"line":12,"column":46}}},"fnMap":{"0":{"name":"(anonymous_0)","decl":{"start":{"line":4,"column":20},"end":{"line":4,"column":21}},"loc":{"start":{"line":4,"column":33},"end":{"line":6,"column":1}},"line":4},"1":{"name":"(anonymous_1)","decl":{"start":{"line":8,"column":20},"end":{"line":8,"column":21}},"loc":{"start":{"line":8,"column":31},"end":{"line":10,"column":1}},"line":8}},"branchMap":{},"s":{"0":1,"1":1,"2":1,"3":11,"4":1,"5":31,"6":1},"f":{"0":11,"1":31},"b":{},"_coverageSchema":"1a1c01bbd47fc00a2c39e90264f33305004495a9","hash":"c243abd116bda2a866b6672ff295a28abd1175cc"}
,"/Users/ryu/hacktiv8/Final Project/Mody-Project/server/middlewares/authentication.js": {"path":"/Users/ryu/hacktiv8/Final Project/Mody-Project/server/middlewares/authentication.js","statementMap":{"0":{"start":{"line":1,"column":17},"end":{"line":1,"column":37}},"1":{"start":{"line":2,"column":24},"end":{"line":2,"column":49}},"2":{"start":{"line":4,"column":23},"end":{"line":27,"column":1}},"3":{"start":{"line":5,"column":2},"end":{"line":25,"column":3}},"4":{"start":{"line":6,"column":29},"end":{"line":6,"column":44}},"5":{"start":{"line":8,"column":4},"end":{"line":10,"column":5}},"6":{"start":{"line":9,"column":6},"end":{"line":9,"column":37}},"7":{"start":{"line":11,"column":20},"end":{"line":11,"column":45}},"8":{"start":{"line":12,"column":19},"end":{"line":12,"column":26}},"9":{"start":{"line":13,"column":24},"end":{"line":13,"column":47}},"10":{"start":{"line":15,"column":4},"end":{"line":17,"column":5}},"11":{"start":{"line":16,"column":6},"end":{"line":16,"column":37}},"12":{"start":{"line":19,"column":4},"end":{"line":21,"column":6}},"13":{"start":{"line":22,"column":4},"end":{"line":22,"column":11}},"14":{"start":{"line":24,"column":4},"end":{"line":24,"column":16}},"15":{"start":{"line":29,"column":0},"end":{"line":29,"column":36}}},"fnMap":{"0":{"name":"(anonymous_0)","decl":{"start":{"line":4,"column":23},"end":{"line":4,"column":24}},"loc":{"start":{"line":4,"column":58},"end":{"line":27,"column":1}},"line":4}},"branchMap":{"0":{"loc":{"start":{"line":8,"column":4},"end":{"line":10,"column":5}},"type":"if","locations":[{"start":{"line":8,"column":4},"end":{"line":10,"column":5}},{"start":{},"end":{}}],"line":8},"1":{"loc":{"start":{"line":15,"column":4},"end":{"line":17,"column":5}},"type":"if","locations":[{"start":{"line":15,"column":4},"end":{"line":17,"column":5}},{"start":{},"end":{}}],"line":15}},"s":{"0":1,"1":1,"2":1,"3":32,"4":32,"5":32,"6":1,"7":31,"8":29,"9":29,"10":29,"11":0,"12":29,"13":29,"14":3,"15":1},"f":{"0":32},"b":{"0":[1,31],"1":[0,29]},"_coverageSchema":"1a1c01bbd47fc00a2c39e90264f33305004495a9","hash":"11f88d5f17f68117e8e3cf6f8f8e4e90c42b1256"}
,"/Users/ryu/hacktiv8/Final Project/Mody-Project/server/middlewares/authorization.js": {"path":"/Users/ryu/hacktiv8/Final Project/Mody-Project/server/middlewares/authorization.js","statementMap":{"0":{"start":{"line":1,"column":44},"end":{"line":1,"column":64}},"1":{"start":{"line":3,"column":1},"end":{"line":30,"column":2}},"2":{"start":{"line":4,"column":28},"end":{"line":4,"column":38}},"3":{"start":{"line":6,"column":2},"end":{"line":8,"column":3}},"4":{"start":{"line":7,"column":3},"end":{"line":7,"column":32}},"5":{"start":{"line":10,"column":26},"end":{"line":10,"column":67}},"6":{"start":{"line":11,"column":2},"end":{"line":13,"column":3}},"7":{"start":{"line":12,"column":3},"end":{"line":12,"column":42}},"8":{"start":{"line":15,"column":25},"end":{"line":20,"column":4}},"9":{"start":{"line":21,"column":2},"end":{"line":27,"column":3}},"10":{"start":{"line":22,"column":3},"end":{"line":22,"column":31}},"11":{"start":{"line":23,"column":9},"end":{"line":27,"column":3}},"12":{"start":{"line":24,"column":3},"end":{"line":24,"column":10}},"13":{"start":{"line":26,"column":3},"end":{"line":26,"column":31}},"14":{"start":{"line":29,"column":2},"end":{"line":29,"column":14}},"15":{"start":{"line":34,"column":1},"end":{"line":52,"column":2}},"16":{"start":{"line":35,"column":23},"end":{"line":35,"column":31}},"17":{"start":{"line":36,"column":21},"end":{"line":36,"column":52}},"18":{"start":{"line":37,"column":2},"end":{"line":39,"column":3}},"19":{"start":{"line":38,"column":3},"end":{"line":38,"column":36}},"20":{"start":{"line":40,"column":25},"end":{"line":45,"column":4}},"21":{"start":{"line":46,"column":2},"end":{"line":48,"column":3}},"22":{"start":{"line":47,"column":3},"end":{"line":47,"column":31}},"23":{"start":{"line":49,"column":2},"end":{"line":49,"column":9}},"24":{"start":{"line":51,"column":2},"end":{"line":51,"column":14}},"25":{"start":{"line":56,"column":1},"end":{"line":81,"column":2}},"26":{"start":{"line":57,"column":23},"end":{"line":57,"column":33}},"27":{"start":{"line":58,"column":2},"end":{"line":58,"column":53}},"28":{"start":{"line":58,"column":24},"end":{"line":58,"column":53}},"29":{"start":{"line":60,"column":21},"end":{"line":60,"column":52}},"30":{"start":{"line":62,"column":2},"end":{"line":64,"column":3}},"31":{"start":{"line":63,"column":3},"end":{"line":63,"column":36}},"32":{"start":{"line":66,"column":25},"end":{"line":71,"column":4}},"33":{"start":{"line":73,"column":2},"end":{"line":77,"column":3}},"34":{"start":{"line":74,"column":3},"end":{"line":74,"column":31}},"35":{"start":{"line":75,"column":9},"end":{"line":77,"column":3}},"36":{"start":{"line":76,"column":3},"end":{"line":76,"column":31}},"37":{"start":{"line":78,"column":2},"end":{"line":78,"column":9}},"38":{"start":{"line":80,"column":2},"end":{"line":80,"column":14}},"39":{"start":{"line":84,"column":0},"end":{"line":88,"column":2}}},"fnMap":{"0":{"name":"authorizationTransactionRole","decl":{"start":{"line":2,"column":15},"end":{"line":2,"column":43}},"loc":{"start":{"line":2,"column":60},"end":{"line":31,"column":1}},"line":2},"1":{"name":"readOrCreateTransaction","decl":{"start":{"line":33,"column":15},"end":{"line":33,"column":38}},"loc":{"start":{"line":33,"column":55},"end":{"line":53,"column":1}},"line":33},"2":{"name":"deleteAuthorization","decl":{"start":{"line":55,"column":15},"end":{"line":55,"column":34}},"loc":{"start":{"line":55,"column":51},"end":{"line":82,"column":1}},"line":55}},"branchMap":{"0":{"loc":{"start":{"line":6,"column":2},"end":{"line":8,"column":3}},"type":"if","locations":[{"start":{"line":6,"column":2},"end":{"line":8,"column":3}},{"start":{},"end":{}}],"line":6},"1":{"loc":{"start":{"line":11,"column":2},"end":{"line":13,"column":3}},"type":"if","locations":[{"start":{"line":11,"column":2},"end":{"line":13,"column":3}},{"start":{},"end":{}}],"line":11},"2":{"loc":{"start":{"line":21,"column":2},"end":{"line":27,"column":3}},"type":"if","locations":[{"start":{"line":21,"column":2},"end":{"line":27,"column":3}},{"start":{"line":23,"column":9},"end":{"line":27,"column":3}}],"line":21},"3":{"loc":{"start":{"line":23,"column":9},"end":{"line":27,"column":3}},"type":"if","locations":[{"start":{"line":23,"column":9},"end":{"line":27,"column":3}},{"start":{"line":25,"column":9},"end":{"line":27,"column":3}}],"line":23},"4":{"loc":{"start":{"line":23,"column":13},"end":{"line":23,"column":81}},"type":"binary-expr","locations":[{"start":{"line":23,"column":13},"end":{"line":23,"column":44}},{"start":{"line":23,"column":48},"end":{"line":23,"column":81}}],"line":23},"5":{"loc":{"start":{"line":37,"column":2},"end":{"line":39,"column":3}},"type":"if","locations":[{"start":{"line":37,"column":2},"end":{"line":39,"column":3}},{"start":{},"end":{}}],"line":37},"6":{"loc":{"start":{"line":46,"column":2},"end":{"line":48,"column":3}},"type":"if","locations":[{"start":{"line":46,"column":2},"end":{"line":48,"column":3}},{"start":{},"end":{}}],"line":46},"7":{"loc":{"start":{"line":58,"column":2},"end":{"line":58,"column":53}},"type":"if","locations":[{"start":{"line":58,"column":2},"end":{"line":58,"column":53}},{"start":{},"end":{}}],"line":58},"8":{"loc":{"start":{"line":62,"column":2},"end":{"line":64,"column":3}},"type":"if","locations":[{"start":{"line":62,"column":2},"end":{"line":64,"column":3}},{"start":{},"end":{}}],"line":62},"9":{"loc":{"start":{"line":73,"column":2},"end":{"line":77,"column":3}},"type":"if","locations":[{"start":{"line":73,"column":2},"end":{"line":77,"column":3}},{"start":{"line":75,"column":9},"end":{"line":77,"column":3}}],"line":73},"10":{"loc":{"start":{"line":75,"column":9},"end":{"line":77,"column":3}},"type":"if","locations":[{"start":{"line":75,"column":9},"end":{"line":77,"column":3}},{"start":{},"end":{}}],"line":75}},"s":{"0":1,"1":21,"2":21,"3":21,"4":3,"5":18,"6":18,"7":3,"8":15,"9":15,"10":1,"11":14,"12":11,"13":3,"14":10,"15":7,"16":7,"17":7,"18":7,"19":1,"20":6,"21":6,"22":0,"23":6,"24":1,"25":0,"26":0,"27":0,"28":0,"29":0,"30":0,"31":0,"32":0,"33":0,"34":0,"35":0,"36":0,"37":0,"38":0,"39":1},"f":{"0":21,"1":7,"2":0},"b":{"0":[3,18],"1":[3,15],"2":[1,14],"3":[11,3],"4":[14,5],"5":[1,6],"6":[0,6],"7":[0,0],"8":[0,0],"9":[0,0],"10":[0,0]},"_coverageSchema":"1a1c01bbd47fc00a2c39e90264f33305004495a9","hash":"ca8362e6471f388fd3fd767cd1d958b30204f90b"}
,"/Users/ryu/hacktiv8/Final Project/Mody-Project/server/middlewares/errorHandler.js": {"path":"/Users/ryu/hacktiv8/Final Project/Mody-Project/server/middlewares/errorHandler.js","statementMap":{"0":{"start":{"line":2,"column":1},"end":{"line":2,"column":25}},"1":{"start":{"line":3,"column":1},"end":{"line":11,"column":2}},"2":{"start":{"line":7,"column":17},"end":{"line":9,"column":4}},"3":{"start":{"line":8,"column":3},"end":{"line":8,"column":24}},"4":{"start":{"line":10,"column":2},"end":{"line":10,"column":44}},"5":{"start":{"line":12,"column":1},"end":{"line":38,"column":2}},"6":{"start":{"line":13,"column":2},"end":{"line":13,"column":63}},"7":{"start":{"line":14,"column":8},"end":{"line":38,"column":2}},"8":{"start":{"line":15,"column":2},"end":{"line":15,"column":50}},"9":{"start":{"line":16,"column":8},"end":{"line":38,"column":2}},"10":{"start":{"line":17,"column":2},"end":{"line":17,"column":62}},"11":{"start":{"line":18,"column":8},"end":{"line":38,"column":2}},"12":{"start":{"line":19,"column":2},"end":{"line":19,"column":58}},"13":{"start":{"line":20,"column":8},"end":{"line":38,"column":2}},"14":{"start":{"line":21,"column":2},"end":{"line":21,"column":53}},"15":{"start":{"line":22,"column":8},"end":{"line":38,"column":2}},"16":{"start":{"line":23,"column":2},"end":{"line":23,"column":49}},"17":{"start":{"line":24,"column":8},"end":{"line":38,"column":2}},"18":{"start":{"line":25,"column":2},"end":{"line":25,"column":54}},"19":{"start":{"line":26,"column":8},"end":{"line":38,"column":2}},"20":{"start":{"line":27,"column":2},"end":{"line":27,"column":67}},"21":{"start":{"line":28,"column":8},"end":{"line":38,"column":2}},"22":{"start":{"line":29,"column":2},"end":{"line":29,"column":64}},"23":{"start":{"line":30,"column":8},"end":{"line":38,"column":2}},"24":{"start":{"line":31,"column":2},"end":{"line":31,"column":62}},"25":{"start":{"line":32,"column":8},"end":{"line":38,"column":2}},"26":{"start":{"line":33,"column":2},"end":{"line":33,"column":68}},"27":{"start":{"line":34,"column":8},"end":{"line":38,"column":2}},"28":{"start":{"line":35,"column":2},"end":{"line":35,"column":53}},"29":{"start":{"line":37,"column":2},"end":{"line":37,"column":61}},"30":{"start":{"line":41,"column":0},"end":{"line":41,"column":30}}},"fnMap":{"0":{"name":"errorHandler","decl":{"start":{"line":1,"column":9},"end":{"line":1,"column":21}},"loc":{"start":{"line":1,"column":45},"end":{"line":39,"column":1}},"line":1},"1":{"name":"(anonymous_1)","decl":{"start":{"line":7,"column":34},"end":{"line":7,"column":35}},"loc":{"start":{"line":7,"column":45},"end":{"line":9,"column":3}},"line":7}},"branchMap":{"0":{"loc":{"start":{"line":3,"column":1},"end":{"line":11,"column":2}},"type":"if","locations":[{"start":{"line":3,"column":1},"end":{"line":11,"column":2}},{"start":{},"end":{}}],"line":3},"1":{"loc":{"start":{"line":4,"column":2},"end":{"line":5,"column":49}},"type":"binary-expr","locations":[{"start":{"line":4,"column":2},"end":{"line":4,"column":43}},{"start":{"line":5,"column":2},"end":{"line":5,"column":49}}],"line":4},"2":{"loc":{"start":{"line":12,"column":1},"end":{"line":38,"column":2}},"type":"if","locations":[{"start":{"line":12,"column":1},"end":{"line":38,"column":2}},{"start":{"line":14,"column":8},"end":{"line":38,"column":2}}],"line":12},"3":{"loc":{"start":{"line":14,"column":8},"end":{"line":38,"column":2}},"type":"if","locations":[{"start":{"line":14,"column":8},"end":{"line":38,"column":2}},{"start":{"line":16,"column":8},"end":{"line":38,"column":2}}],"line":14},"4":{"loc":{"start":{"line":16,"column":8},"end":{"line":38,"column":2}},"type":"if","locations":[{"start":{"line":16,"column":8},"end":{"line":38,"column":2}},{"start":{"line":18,"column":8},"end":{"line":38,"column":2}}],"line":16},"5":{"loc":{"start":{"line":18,"column":8},"end":{"line":38,"column":2}},"type":"if","locations":[{"start":{"line":18,"column":8},"end":{"line":38,"column":2}},{"start":{"line":20,"column":8},"end":{"line":38,"column":2}}],"line":18},"6":{"loc":{"start":{"line":20,"column":8},"end":{"line":38,"column":2}},"type":"if","locations":[{"start":{"line":20,"column":8},"end":{"line":38,"column":2}},{"start":{"line":22,"column":8},"end":{"line":38,"column":2}}],"line":20},"7":{"loc":{"start":{"line":20,"column":12},"end":{"line":20,"column":79}},"type":"binary-expr","locations":[{"start":{"line":20,"column":12},"end":{"line":20,"column":41}},{"start":{"line":20,"column":45},"end":{"line":20,"column":79}}],"line":20},"8":{"loc":{"start":{"line":22,"column":8},"end":{"line":38,"column":2}},"type":"if","locations":[{"start":{"line":22,"column":8},"end":{"line":38,"column":2}},{"start":{"line":24,"column":8},"end":{"line":38,"column":2}}],"line":22},"9":{"loc":{"start":{"line":24,"column":8},"end":{"line":38,"column":2}},"type":"if","locations":[{"start":{"line":24,"column":8},"end":{"line":38,"column":2}},{"start":{"line":26,"column":8},"end":{"line":38,"column":2}}],"line":24},"10":{"loc":{"start":{"line":26,"column":8},"end":{"line":38,"column":2}},"type":"if","locations":[{"start":{"line":26,"column":8},"end":{"line":38,"column":2}},{"start":{"line":28,"column":8},"end":{"line":38,"column":2}}],"line":26},"11":{"loc":{"start":{"line":28,"column":8},"end":{"line":38,"column":2}},"type":"if","locations":[{"start":{"line":28,"column":8},"end":{"line":38,"column":2}},{"start":{"line":30,"column":8},"end":{"line":38,"column":2}}],"line":28},"12":{"loc":{"start":{"line":30,"column":8},"end":{"line":38,"column":2}},"type":"if","locations":[{"start":{"line":30,"column":8},"end":{"line":38,"column":2}},{"start":{"line":32,"column":8},"end":{"line":38,"column":2}}],"line":30},"13":{"loc":{"start":{"line":32,"column":8},"end":{"line":38,"column":2}},"type":"if","locations":[{"start":{"line":32,"column":8},"end":{"line":38,"column":2}},{"start":{"line":34,"column":8},"end":{"line":38,"column":2}}],"line":32},"14":{"loc":{"start":{"line":34,"column":8},"end":{"line":38,"column":2}},"type":"if","locations":[{"start":{"line":34,"column":8},"end":{"line":38,"column":2}},{"start":{"line":36,"column":8},"end":{"line":38,"column":2}}],"line":34}},"s":{"0":18,"1":18,"2":4,"3":7,"4":4,"5":18,"6":0,"7":18,"8":3,"9":15,"10":0,"11":15,"12":0,"13":15,"14":3,"15":12,"16":4,"17":8,"18":0,"19":8,"20":3,"21":5,"22":0,"23":5,"24":1,"25":4,"26":0,"27":4,"28":0,"29":4,"30":1},"f":{"0":18,"1":7},"b":{"0":[4,14],"1":[18,14],"2":[0,18],"3":[3,15],"4":[0,15],"5":[0,15],"6":[3,12],"7":[15,14],"8":[4,8],"9":[0,8],"10":[3,5],"11":[0,5],"12":[1,4],"13":[0,4],"14":[0,4]},"_coverageSchema":"1a1c01bbd47fc00a2c39e90264f33305004495a9","hash":"20cf12afb13178fe7cac9a9980987a6c0050d5e3"}
,"/Users/ryu/hacktiv8/Final Project/Mody-Project/server/models/category.js": {"path":"/Users/ryu/hacktiv8/Final Project/Mody-Project/server/models/category.js","statementMap":{"0":{"start":{"line":2,"column":18},"end":{"line":2,"column":38}},"1":{"start":{"line":3,"column":0},"end":{"line":42,"column":2}},"2":{"start":{"line":6,"column":3},"end":{"line":6,"column":70}},"3":{"start":{"line":9,"column":1},"end":{"line":40,"column":3}},"4":{"start":{"line":41,"column":1},"end":{"line":41,"column":17}}},"fnMap":{"0":{"name":"(anonymous_0)","decl":{"start":{"line":3,"column":17},"end":{"line":3,"column":18}},"loc":{"start":{"line":3,"column":43},"end":{"line":42,"column":1}},"line":3},"1":{"name":"(anonymous_1)","decl":{"start":{"line":5,"column":2},"end":{"line":5,"column":3}},"loc":{"start":{"line":5,"column":27},"end":{"line":7,"column":3}},"line":5}},"branchMap":{},"s":{"0":1,"1":1,"2":1,"3":1,"4":1},"f":{"0":1,"1":1},"b":{},"_coverageSchema":"1a1c01bbd47fc00a2c39e90264f33305004495a9","hash":"82001be3ac3a4279d7e3f2c63c661a485f6ff648"}
,"/Users/ryu/hacktiv8/Final Project/Mody-Project/server/models/index.js": {"path":"/Users/ryu/hacktiv8/Final Project/Mody-Project/server/models/index.js","statementMap":{"0":{"start":{"line":3,"column":11},"end":{"line":3,"column":24}},"1":{"start":{"line":4,"column":13},"end":{"line":4,"column":28}},"2":{"start":{"line":5,"column":18},"end":{"line":5,"column":38}},"3":{"start":{"line":6,"column":17},"end":{"line":6,"column":42}},"4":{"start":{"line":7,"column":12},"end":{"line":7,"column":49}},"5":{"start":{"line":8,"column":15},"end":{"line":8,"column":65}},"6":{"start":{"line":9,"column":11},"end":{"line":9,"column":13}},"7":{"start":{"line":12,"column":0},"end":{"line":16,"column":1}},"8":{"start":{"line":13,"column":2},"end":{"line":13,"column":74}},"9":{"start":{"line":15,"column":2},"end":{"line":15,"column":87}},"10":{"start":{"line":18,"column":0},"end":{"line":26,"column":5}},"11":{"start":{"line":21,"column":4},"end":{"line":21,"column":90}},"12":{"start":{"line":24,"column":18},"end":{"line":24,"column":85}},"13":{"start":{"line":25,"column":4},"end":{"line":25,"column":27}},"14":{"start":{"line":28,"column":0},"end":{"line":32,"column":3}},"15":{"start":{"line":29,"column":2},"end":{"line":31,"column":3}},"16":{"start":{"line":30,"column":4},"end":{"line":30,"column":32}},"17":{"start":{"line":34,"column":0},"end":{"line":34,"column":25}},"18":{"start":{"line":35,"column":0},"end":{"line":35,"column":25}},"19":{"start":{"line":37,"column":0},"end":{"line":37,"column":20}}},"fnMap":{"0":{"name":"(anonymous_0)","decl":{"start":{"line":20,"column":10},"end":{"line":20,"column":11}},"loc":{"start":{"line":20,"column":18},"end":{"line":22,"column":3}},"line":20},"1":{"name":"(anonymous_1)","decl":{"start":{"line":23,"column":11},"end":{"line":23,"column":12}},"loc":{"start":{"line":23,"column":19},"end":{"line":26,"column":3}},"line":23},"2":{"name":"(anonymous_2)","decl":{"start":{"line":28,"column":24},"end":{"line":28,"column":25}},"loc":{"start":{"line":28,"column":37},"end":{"line":32,"column":1}},"line":28}},"branchMap":{"0":{"loc":{"start":{"line":7,"column":12},"end":{"line":7,"column":49}},"type":"binary-expr","locations":[{"start":{"line":7,"column":12},"end":{"line":7,"column":32}},{"start":{"line":7,"column":36},"end":{"line":7,"column":49}}],"line":7},"1":{"loc":{"start":{"line":12,"column":0},"end":{"line":16,"column":1}},"type":"if","locations":[{"start":{"line":12,"column":0},"end":{"line":16,"column":1}},{"start":{"line":14,"column":7},"end":{"line":16,"column":1}}],"line":12},"2":{"loc":{"start":{"line":21,"column":11},"end":{"line":21,"column":89}},"type":"binary-expr","locations":[{"start":{"line":21,"column":12},"end":{"line":21,"column":35}},{"start":{"line":21,"column":41},"end":{"line":21,"column":58}},{"start":{"line":21,"column":64},"end":{"line":21,"column":88}}],"line":21},"3":{"loc":{"start":{"line":29,"column":2},"end":{"line":31,"column":3}},"type":"if","locations":[{"start":{"line":29,"column":2},"end":{"line":31,"column":3}},{"start":{},"end":{}}],"line":29}},"s":{"0":1,"1":1,"2":1,"3":1,"4":1,"5":1,"6":1,"7":1,"8":0,"9":1,"10":1,"11":7,"12":6,"13":6,"14":1,"15":6,"16":6,"17":1,"18":1,"19":1},"f":{"0":7,"1":6,"2":6},"b":{"0":[1,0],"1":[0,1],"2":[7,7,6],"3":[6,0]},"_coverageSchema":"1a1c01bbd47fc00a2c39e90264f33305004495a9","hash":"b0c22d2bf350acd794b5fd9d309ebe992ffca45a"}
,"/Users/ryu/hacktiv8/Final Project/Mody-Project/server/models/profile.js": {"path":"/Users/ryu/hacktiv8/Final Project/Mody-Project/server/models/profile.js","statementMap":{"0":{"start":{"line":2,"column":18},"end":{"line":2,"column":38}},"1":{"start":{"line":3,"column":0},"end":{"line":34,"column":2}},"2":{"start":{"line":6,"column":6},"end":{"line":6,"column":63}},"3":{"start":{"line":9,"column":2},"end":{"line":32,"column":4}},"4":{"start":{"line":33,"column":2},"end":{"line":33,"column":17}}},"fnMap":{"0":{"name":"(anonymous_0)","decl":{"start":{"line":3,"column":17},"end":{"line":3,"column":18}},"loc":{"start":{"line":3,"column":43},"end":{"line":34,"column":1}},"line":3},"1":{"name":"(anonymous_1)","decl":{"start":{"line":5,"column":4},"end":{"line":5,"column":5}},"loc":{"start":{"line":5,"column":29},"end":{"line":7,"column":5}},"line":5}},"branchMap":{},"s":{"0":1,"1":1,"2":1,"3":1,"4":1},"f":{"0":1,"1":1},"b":{},"_coverageSchema":"1a1c01bbd47fc00a2c39e90264f33305004495a9","hash":"6804197ae4c9f515f5df1458ebc8226980d1c7dc"}
,"/Users/ryu/hacktiv8/Final Project/Mody-Project/server/models/transaction.js": {"path":"/Users/ryu/hacktiv8/Final Project/Mody-Project/server/models/transaction.js","statementMap":{"0":{"start":{"line":2,"column":18},"end":{"line":2,"column":38}},"1":{"start":{"line":3,"column":0},"end":{"line":107,"column":2}},"2":{"start":{"line":11,"column":3},"end":{"line":11,"column":72}},"3":{"start":{"line":12,"column":3},"end":{"line":12,"column":64}},"4":{"start":{"line":13,"column":3},"end":{"line":13,"column":68}},"5":{"start":{"line":16,"column":1},"end":{"line":105,"column":3}},"6":{"start":{"line":106,"column":1},"end":{"line":106,"column":20}}},"fnMap":{"0":{"name":"(anonymous_0)","decl":{"start":{"line":3,"column":17},"end":{"line":3,"column":18}},"loc":{"start":{"line":3,"column":43},"end":{"line":107,"column":1}},"line":3},"1":{"name":"(anonymous_1)","decl":{"start":{"line":10,"column":2},"end":{"line":10,"column":3}},"loc":{"start":{"line":10,"column":27},"end":{"line":14,"column":3}},"line":10}},"branchMap":{},"s":{"0":1,"1":1,"2":1,"3":1,"4":1,"5":1,"6":1},"f":{"0":1,"1":1},"b":{},"_coverageSchema":"1a1c01bbd47fc00a2c39e90264f33305004495a9","hash":"2fd96d7270d08e906e8c7b3f8ee161cc49358b99"}
,"/Users/ryu/hacktiv8/Final Project/Mody-Project/server/models/user.js": {"path":"/Users/ryu/hacktiv8/Final Project/Mody-Project/server/models/user.js","statementMap":{"0":{"start":{"line":2,"column":18},"end":{"line":2,"column":38}},"1":{"start":{"line":3,"column":25},"end":{"line":3,"column":53}},"2":{"start":{"line":4,"column":0},"end":{"line":75,"column":2}},"3":{"start":{"line":7,"column":6},"end":{"line":7,"column":60}},"4":{"start":{"line":8,"column":6},"end":{"line":8,"column":65}},"5":{"start":{"line":9,"column":6},"end":{"line":9,"column":64}},"6":{"start":{"line":12,"column":2},"end":{"line":73,"column":4}},"7":{"start":{"line":66,"column":10},"end":{"line":66,"column":62}},"8":{"start":{"line":69,"column":10},"end":{"line":69,"column":46}},"9":{"start":{"line":74,"column":2},"end":{"line":74,"column":14}}},"fnMap":{"0":{"name":"(anonymous_0)","decl":{"start":{"line":4,"column":17},"end":{"line":4,"column":18}},"loc":{"start":{"line":4,"column":43},"end":{"line":75,"column":1}},"line":4},"1":{"name":"(anonymous_1)","decl":{"start":{"line":6,"column":4},"end":{"line":6,"column":5}},"loc":{"start":{"line":6,"column":29},"end":{"line":10,"column":5}},"line":6},"2":{"name":"(anonymous_2)","decl":{"start":{"line":65,"column":22},"end":{"line":65,"column":23}},"loc":{"start":{"line":65,"column":36},"end":{"line":67,"column":9}},"line":65},"3":{"name":"(anonymous_3)","decl":{"start":{"line":68,"column":21},"end":{"line":68,"column":22}},"loc":{"start":{"line":68,"column":35},"end":{"line":70,"column":9}},"line":68}},"branchMap":{},"s":{"0":1,"1":1,"2":1,"3":1,"4":1,"5":1,"6":1,"7":0,"8":0,"9":1},"f":{"0":1,"1":1,"2":0,"3":0},"b":{},"_coverageSchema":"1a1c01bbd47fc00a2c39e90264f33305004495a9","hash":"8e5b7d191a0b82c9c1b7a466c56be673fdcee817"}
,"/Users/ryu/hacktiv8/Final Project/Mody-Project/server/models/userwallet.js": {"path":"/Users/ryu/hacktiv8/Final Project/Mody-Project/server/models/userwallet.js","statementMap":{"0":{"start":{"line":2,"column":18},"end":{"line":2,"column":38}},"1":{"start":{"line":3,"column":0},"end":{"line":55,"column":2}},"2":{"start":{"line":6,"column":3},"end":{"line":6,"column":67}},"3":{"start":{"line":7,"column":3},"end":{"line":7,"column":63}},"4":{"start":{"line":10,"column":1},"end":{"line":53,"column":3}},"5":{"start":{"line":54,"column":1},"end":{"line":54,"column":19}}},"fnMap":{"0":{"name":"(anonymous_0)","decl":{"start":{"line":3,"column":17},"end":{"line":3,"column":18}},"loc":{"start":{"line":3,"column":43},"end":{"line":55,"column":1}},"line":3},"1":{"name":"(anonymous_1)","decl":{"start":{"line":5,"column":2},"end":{"line":5,"column":3}},"loc":{"start":{"line":5,"column":27},"end":{"line":8,"column":3}},"line":5}},"branchMap":{},"s":{"0":1,"1":1,"2":1,"3":1,"4":1,"5":1},"f":{"0":1,"1":1},"b":{},"_coverageSchema":"1a1c01bbd47fc00a2c39e90264f33305004495a9","hash":"76a99c0fc594c1840322d5a75f6fb09f98caf258"}
,"/Users/ryu/hacktiv8/Final Project/Mody-Project/server/models/wallet.js": {"path":"/Users/ryu/hacktiv8/Final Project/Mody-Project/server/models/wallet.js","statementMap":{"0":{"start":{"line":2,"column":18},"end":{"line":2,"column":38}},"1":{"start":{"line":3,"column":0},"end":{"line":37,"column":2}},"2":{"start":{"line":6,"column":3},"end":{"line":6,"column":66}},"3":{"start":{"line":7,"column":3},"end":{"line":7,"column":65}},"4":{"start":{"line":10,"column":1},"end":{"line":32,"column":3}},"5":{"start":{"line":33,"column":1},"end":{"line":35,"column":4}},"6":{"start":{"line":34,"column":2},"end":{"line":34,"column":21}},"7":{"start":{"line":36,"column":1},"end":{"line":36,"column":15}}},"fnMap":{"0":{"name":"(anonymous_0)","decl":{"start":{"line":3,"column":17},"end":{"line":3,"column":18}},"loc":{"start":{"line":3,"column":43},"end":{"line":37,"column":1}},"line":3},"1":{"name":"(anonymous_1)","decl":{"start":{"line":5,"column":2},"end":{"line":5,"column":3}},"loc":{"start":{"line":5,"column":27},"end":{"line":8,"column":3}},"line":5},"2":{"name":"(anonymous_2)","decl":{"start":{"line":33,"column":21},"end":{"line":33,"column":22}},"loc":{"start":{"line":33,"column":42},"end":{"line":35,"column":2}},"line":33}},"branchMap":{},"s":{"0":1,"1":1,"2":1,"3":1,"4":1,"5":1,"6":1,"7":1},"f":{"0":1,"1":1,"2":1},"b":{},"_coverageSchema":"1a1c01bbd47fc00a2c39e90264f33305004495a9","hash":"a50af6be11b357a7648ad2364e011f712c7e0edf"}
,"/Users/ryu/hacktiv8/Final Project/Mody-Project/server/routes/categories.js": {"path":"/Users/ryu/hacktiv8/Final Project/Mody-Project/server/routes/categories.js","statementMap":{"0":{"start":{"line":1,"column":19},"end":{"line":1,"column":46}},"1":{"start":{"line":2,"column":27},"end":{"line":2,"column":61}},"2":{"start":{"line":4,"column":0},"end":{"line":4,"column":54}},"3":{"start":{"line":5,"column":0},"end":{"line":5,"column":53}},"4":{"start":{"line":6,"column":0},"end":{"line":6,"column":66}},"5":{"start":{"line":7,"column":0},"end":{"line":7,"column":69}},"6":{"start":{"line":9,"column":0},"end":{"line":9,"column":28}}},"fnMap":{},"branchMap":{},"s":{"0":1,"1":1,"2":1,"3":1,"4":1,"5":1,"6":1},"f":{},"b":{},"_coverageSchema":"1a1c01bbd47fc00a2c39e90264f33305004495a9","hash":"7b9bf143e71795e0a3b76de4d26c98e01b158a3b"}
,"/Users/ryu/hacktiv8/Final Project/Mody-Project/server/routes/index.js": {"path":"/Users/ryu/hacktiv8/Final Project/Mody-Project/server/routes/index.js","statementMap":{"0":{"start":{"line":1,"column":16},"end":{"line":1,"column":34}},"1":{"start":{"line":2,"column":15},"end":{"line":2,"column":31}},"2":{"start":{"line":4,"column":14},"end":{"line":4,"column":32}},"3":{"start":{"line":5,"column":19},"end":{"line":5,"column":42}},"4":{"start":{"line":6,"column":16},"end":{"line":6,"column":36}},"5":{"start":{"line":7,"column":21},"end":{"line":7,"column":46}},"6":{"start":{"line":8,"column":20},"end":{"line":8,"column":44}},"7":{"start":{"line":9,"column":17},"end":{"line":9,"column":38}},"8":{"start":{"line":10,"column":27},"end":{"line":10,"column":67}},"9":{"start":{"line":12,"column":0},"end":{"line":12,"column":28}},"10":{"start":{"line":13,"column":0},"end":{"line":13,"column":27}},"11":{"start":{"line":14,"column":0},"end":{"line":14,"column":38}},"12":{"start":{"line":15,"column":0},"end":{"line":15,"column":32}},"13":{"start":{"line":16,"column":0},"end":{"line":16,"column":42}},"14":{"start":{"line":17,"column":0},"end":{"line":17,"column":40}},"15":{"start":{"line":18,"column":0},"end":{"line":18,"column":34}},"16":{"start":{"line":20,"column":0},"end":{"line":20,"column":24}}},"fnMap":{},"branchMap":{},"s":{"0":1,"1":1,"2":1,"3":1,"4":1,"5":1,"6":1,"7":1,"8":1,"9":1,"10":1,"11":1,"12":1,"13":1,"14":1,"15":1,"16":1},"f":{},"b":{},"_coverageSchema":"1a1c01bbd47fc00a2c39e90264f33305004495a9","hash":"a5d231cdecbc8101406432853e4285ceda4d8160"}
,"/Users/ryu/hacktiv8/Final Project/Mody-Project/server/routes/profiles.js": {"path":"/Users/ryu/hacktiv8/Final Project/Mody-Project/server/routes/profiles.js","statementMap":{"0":{"start":{"line":1,"column":17},"end":{"line":1,"column":44}},"1":{"start":{"line":2,"column":26},"end":{"line":2,"column":59}},"2":{"start":{"line":4,"column":0},"end":{"line":4,"column":50}},"3":{"start":{"line":5,"column":0},"end":{"line":5,"column":56}},"4":{"start":{"line":7,"column":0},"end":{"line":7,"column":25}}},"fnMap":{},"branchMap":{},"s":{"0":1,"1":1,"2":1,"3":1,"4":1},"f":{},"b":{},"_coverageSchema":"1a1c01bbd47fc00a2c39e90264f33305004495a9","hash":"d7e3d7455d3fcf18ba4324628db75ed48e659c63"}
,"/Users/ryu/hacktiv8/Final Project/Mody-Project/server/routes/transactions.js": {"path":"/Users/ryu/hacktiv8/Final Project/Mody-Project/server/routes/transactions.js","statementMap":{"0":{"start":{"line":1,"column":31},"end":{"line":1,"column":68}},"1":{"start":{"line":2,"column":21},"end":{"line":2,"column":48}},"2":{"start":{"line":3,"column":66},"end":{"line":3,"column":105}},"3":{"start":{"line":6,"column":0},"end":{"line":6,"column":86}},"4":{"start":{"line":7,"column":0},"end":{"line":7,"column":90}},"5":{"start":{"line":8,"column":0},"end":{"line":8,"column":111}},"6":{"start":{"line":9,"column":0},"end":{"line":9,"column":111}},"7":{"start":{"line":10,"column":0},"end":{"line":10,"column":108}},"8":{"start":{"line":13,"column":0},"end":{"line":13,"column":30}}},"fnMap":{},"branchMap":{},"s":{"0":1,"1":1,"2":1,"3":1,"4":1,"5":1,"6":1,"7":1,"8":1},"f":{},"b":{},"_coverageSchema":"1a1c01bbd47fc00a2c39e90264f33305004495a9","hash":"4c8c50e84c3cea6b2d52444fee3e6f455ac2149c"}
,"/Users/ryu/hacktiv8/Final Project/Mody-Project/server/routes/userWallets.js": {"path":"/Users/ryu/hacktiv8/Final Project/Mody-Project/server/routes/userWallets.js","statementMap":{"0":{"start":{"line":1,"column":16},"end":{"line":1,"column":34}},"1":{"start":{"line":2,"column":20},"end":{"line":2,"column":36}},"2":{"start":{"line":3,"column":29},"end":{"line":3,"column":65}},"3":{"start":{"line":5,"column":0},"end":{"line":5,"column":60}},"4":{"start":{"line":6,"column":0},"end":{"line":6,"column":61}},"5":{"start":{"line":7,"column":0},"end":{"line":7,"column":76}},"6":{"start":{"line":8,"column":0},"end":{"line":8,"column":73}},"7":{"start":{"line":10,"column":0},"end":{"line":10,"column":29}}},"fnMap":{},"branchMap":{},"s":{"0":1,"1":1,"2":1,"3":1,"4":1,"5":1,"6":1,"7":1},"f":{},"b":{},"_coverageSchema":"1a1c01bbd47fc00a2c39e90264f33305004495a9","hash":"2300dfd712e25cd10f1f2e5a63c67a51336dc72d"}
,"/Users/ryu/hacktiv8/Final Project/Mody-Project/server/routes/users.js": {"path":"/Users/ryu/hacktiv8/Final Project/Mody-Project/server/routes/users.js","statementMap":{"0":{"start":{"line":1,"column":16},"end":{"line":1,"column":34}},"1":{"start":{"line":2,"column":23},"end":{"line":2,"column":53}},"2":{"start":{"line":3,"column":14},"end":{"line":3,"column":30}},"3":{"start":{"line":4,"column":27},"end":{"line":4,"column":67}},"4":{"start":{"line":6,"column":0},"end":{"line":6,"column":49}},"5":{"start":{"line":7,"column":0},"end":{"line":7,"column":43}},"6":{"start":{"line":8,"column":0},"end":{"line":8,"column":56}},"7":{"start":{"line":9,"column":0},"end":{"line":9,"column":26}},"8":{"start":{"line":10,"column":0},"end":{"line":10,"column":43}},"9":{"start":{"line":11,"column":0},"end":{"line":11,"column":47}},"10":{"start":{"line":13,"column":0},"end":{"line":13,"column":23}}},"fnMap":{},"branchMap":{},"s":{"0":1,"1":1,"2":1,"3":1,"4":1,"5":1,"6":1,"7":1,"8":1,"9":1,"10":1},"f":{},"b":{},"_coverageSchema":"1a1c01bbd47fc00a2c39e90264f33305004495a9","hash":"2a93835e8ca38939daab61b13db5a77a45fd680f"}
,"/Users/ryu/hacktiv8/Final Project/Mody-Project/server/routes/wallets.js": {"path":"/Users/ryu/hacktiv8/Final Project/Mody-Project/server/routes/wallets.js","statementMap":{"0":{"start":{"line":1,"column":16},"end":{"line":1,"column":34}},"1":{"start":{"line":2,"column":16},"end":{"line":2,"column":32}},"2":{"start":{"line":3,"column":25},"end":{"line":3,"column":57}},"3":{"start":{"line":4,"column":32},"end":{"line":4,"column":71}},"4":{"start":{"line":6,"column":0},"end":{"line":6,"column":48}},"5":{"start":{"line":7,"column":0},"end":{"line":7,"column":60}},"6":{"start":{"line":8,"column":0},"end":{"line":8,"column":49}},"7":{"start":{"line":9,"column":0},"end":{"line":9,"column":81}},"8":{"start":{"line":10,"column":0},"end":{"line":10,"column":57}},"9":{"start":{"line":12,"column":0},"end":{"line":12,"column":25}}},"fnMap":{},"branchMap":{},"s":{"0":1,"1":1,"2":1,"3":1,"4":1,"5":1,"6":1,"7":1,"8":1,"9":1},"f":{},"b":{},"_coverageSchema":"1a1c01bbd47fc00a2c39e90264f33305004495a9","hash":"0eb84561e64a0786fecd5a90bbe27e565f6a1b5a"}
}
