{"D:\\hactiv8\\Phase 3\\Project\\Mody-Project\\server\\app.js": {"path":"D:\\hactiv8\\Phase 3\\Project\\Mody-Project\\server\\app.js","statementMap":{"0":{"start":{"line":1,"column":0},"end":{"line":3,"column":1}},"1":{"start":{"line":2,"column":2},"end":{"line":2,"column":29}},"2":{"start":{"line":5,"column":13},"end":{"line":5,"column":28}},"3":{"start":{"line":6,"column":16},"end":{"line":6,"column":34}},"4":{"start":{"line":7,"column":12},"end":{"line":7,"column":21}},"5":{"start":{"line":9,"column":15},"end":{"line":9,"column":34}},"6":{"start":{"line":10,"column":21},"end":{"line":10,"column":58}},"7":{"start":{"line":12,"column":0},"end":{"line":12,"column":16}},"8":{"start":{"line":13,"column":0},"end":{"line":13,"column":48}},"9":{"start":{"line":14,"column":0},"end":{"line":14,"column":24}},"10":{"start":{"line":16,"column":0},"end":{"line":16,"column":16}},"11":{"start":{"line":17,"column":0},"end":{"line":17,"column":22}},"12":{"start":{"line":19,"column":0},"end":{"line":19,"column":21}}},"fnMap":{},"branchMap":{"0":{"loc":{"start":{"line":1,"column":0},"end":{"line":3,"column":1}},"type":"if","locations":[{"start":{"line":1,"column":0},"end":{"line":3,"column":1}},{"start":{},"end":{}}],"line":1}},"s":{"0":6,"1":6,"2":6,"3":6,"4":6,"5":6,"6":6,"7":6,"8":6,"9":6,"10":6,"11":6,"12":6},"f":{},"b":{"0":[6,0]},"_coverageSchema":"1a1c01bbd47fc00a2c39e90264f33305004495a9","hash":"fa808c4bb415fb511a339b69fb6e64f0bc8534e1"}
,"D:\\hactiv8\\Phase 3\\Project\\Mody-Project\\server\\controllers\\category.js": {"path":"D:\\hactiv8\\Phase 3\\Project\\Mody-Project\\server\\controllers\\category.js","statementMap":{"0":{"start":{"line":1,"column":21},"end":{"line":1,"column":41}},"1":{"start":{"line":5,"column":2},"end":{"line":14,"column":3}},"2":{"start":{"line":6,"column":20},"end":{"line":10,"column":5}},"3":{"start":{"line":11,"column":3},"end":{"line":11,"column":34}},"4":{"start":{"line":13,"column":3},"end":{"line":13,"column":15}},"5":{"start":{"line":18,"column":2},"end":{"line":26,"column":3}},"6":{"start":{"line":19,"column":26},"end":{"line":19,"column":34}},"7":{"start":{"line":20,"column":20},"end":{"line":20,"column":57}},"8":{"start":{"line":21,"column":3},"end":{"line":23,"column":6}},"9":{"start":{"line":25,"column":3},"end":{"line":25,"column":15}},"10":{"start":{"line":30,"column":2},"end":{"line":44,"column":3}},"11":{"start":{"line":31,"column":26},"end":{"line":31,"column":34}},"12":{"start":{"line":32,"column":14},"end":{"line":32,"column":35}},"13":{"start":{"line":34,"column":20},"end":{"line":34,"column":76}},"14":{"start":{"line":36,"column":3},"end":{"line":38,"column":4}},"15":{"start":{"line":37,"column":4},"end":{"line":37,"column":31}},"16":{"start":{"line":39,"column":3},"end":{"line":41,"column":6}},"17":{"start":{"line":43,"column":3},"end":{"line":43,"column":15}},"18":{"start":{"line":48,"column":2},"end":{"line":60,"column":3}},"19":{"start":{"line":49,"column":26},"end":{"line":49,"column":36}},"20":{"start":{"line":51,"column":20},"end":{"line":51,"column":73}},"21":{"start":{"line":52,"column":3},"end":{"line":54,"column":4}},"22":{"start":{"line":53,"column":4},"end":{"line":53,"column":31}},"23":{"start":{"line":55,"column":3},"end":{"line":57,"column":6}},"24":{"start":{"line":59,"column":3},"end":{"line":59,"column":15}},"25":{"start":{"line":64,"column":0},"end":{"line":64,"column":28}}},"fnMap":{"0":{"name":"(anonymous_0)","decl":{"start":{"line":4,"column":1},"end":{"line":4,"column":2}},"loc":{"start":{"line":4,"column":44},"end":{"line":15,"column":2}},"line":4},"1":{"name":"(anonymous_1)","decl":{"start":{"line":17,"column":1},"end":{"line":17,"column":2}},"loc":{"start":{"line":17,"column":42},"end":{"line":27,"column":2}},"line":17},"2":{"name":"(anonymous_2)","decl":{"start":{"line":29,"column":1},"end":{"line":29,"column":2}},"loc":{"start":{"line":29,"column":45},"end":{"line":45,"column":2}},"line":29},"3":{"name":"(anonymous_3)","decl":{"start":{"line":47,"column":1},"end":{"line":47,"column":2}},"loc":{"start":{"line":47,"column":45},"end":{"line":61,"column":2}},"line":47}},"branchMap":{"0":{"loc":{"start":{"line":36,"column":3},"end":{"line":38,"column":4}},"type":"if","locations":[{"start":{"line":36,"column":3},"end":{"line":38,"column":4}},{"start":{},"end":{}}],"line":36},"1":{"loc":{"start":{"line":52,"column":3},"end":{"line":54,"column":4}},"type":"if","locations":[{"start":{"line":52,"column":3},"end":{"line":54,"column":4}},{"start":{},"end":{}}],"line":52}},"s":{"0":6,"1":1,"2":1,"3":1,"4":0,"5":3,"6":3,"7":3,"8":1,"9":2,"10":4,"11":4,"12":4,"13":4,"14":2,"15":1,"16":1,"17":3,"18":2,"19":2,"20":2,"21":2,"22":1,"23":1,"24":1,"25":6},"f":{"0":1,"1":3,"2":4,"3":2},"b":{"0":[1,1],"1":[1,1]},"_coverageSchema":"1a1c01bbd47fc00a2c39e90264f33305004495a9","hash":"b5d6cbd2f8b36867b7123b95eec630ef3d1fcc50"}
,"D:\\hactiv8\\Phase 3\\Project\\Mody-Project\\server\\controllers\\profile.js": {"path":"D:\\hactiv8\\Phase 3\\Project\\Mody-Project\\server\\controllers\\profile.js","statementMap":{"0":{"start":{"line":1,"column":20},"end":{"line":1,"column":40}},"1":{"start":{"line":5,"column":2},"end":{"line":16,"column":3}},"2":{"start":{"line":6,"column":22},"end":{"line":10,"column":5}},"3":{"start":{"line":11,"column":3},"end":{"line":13,"column":4}},"4":{"start":{"line":12,"column":4},"end":{"line":12,"column":37}},"5":{"start":{"line":15,"column":3},"end":{"line":15,"column":15}},"6":{"start":{"line":20,"column":2},"end":{"line":39,"column":3}},"7":{"start":{"line":21,"column":58},"end":{"line":21,"column":66}},"8":{"start":{"line":23,"column":25},"end":{"line":35,"column":4}},"9":{"start":{"line":36,"column":3},"end":{"line":36,"column":82}},"10":{"start":{"line":36,"column":22},"end":{"line":36,"column":82}},"11":{"start":{"line":38,"column":3},"end":{"line":38,"column":15}},"12":{"start":{"line":43,"column":0},"end":{"line":43,"column":35}}},"fnMap":{"0":{"name":"(anonymous_0)","decl":{"start":{"line":4,"column":1},"end":{"line":4,"column":2}},"loc":{"start":{"line":4,"column":44},"end":{"line":17,"column":2}},"line":4},"1":{"name":"(anonymous_1)","decl":{"start":{"line":19,"column":1},"end":{"line":19,"column":2}},"loc":{"start":{"line":19,"column":44},"end":{"line":40,"column":2}},"line":19}},"branchMap":{"0":{"loc":{"start":{"line":11,"column":3},"end":{"line":13,"column":4}},"type":"if","locations":[{"start":{"line":11,"column":3},"end":{"line":13,"column":4}},{"start":{},"end":{}}],"line":11},"1":{"loc":{"start":{"line":36,"column":3},"end":{"line":36,"column":82}},"type":"if","locations":[{"start":{"line":36,"column":3},"end":{"line":36,"column":82}},{"start":{},"end":{}}],"line":36}},"s":{"0":6,"1":1,"2":1,"3":1,"4":1,"5":0,"6":1,"7":1,"8":1,"9":1,"10":1,"11":0,"12":6},"f":{"0":1,"1":1},"b":{"0":[1,0],"1":[1,0]},"_coverageSchema":"1a1c01bbd47fc00a2c39e90264f33305004495a9","hash":"503a6e8355e075287170d3c7b18dfe1d3f144aa5"}
,"D:\\hactiv8\\Phase 3\\Project\\Mody-Project\\server\\controllers\\transaction.js": {"path":"D:\\hactiv8\\Phase 3\\Project\\Mody-Project\\server\\controllers\\transaction.js","statementMap":{"0":{"start":{"line":1,"column":15},"end":{"line":1,"column":35}},"1":{"start":{"line":2,"column":59},"end":{"line":2,"column":79}},"2":{"start":{"line":6,"column":2},"end":{"line":6,"column":41}},"3":{"start":{"line":7,"column":12},"end":{"line":7,"column":41}},"4":{"start":{"line":8,"column":2},"end":{"line":102,"column":3}},"5":{"start":{"line":9,"column":29},"end":{"line":9,"column":39}},"6":{"start":{"line":11,"column":44},"end":{"line":11,"column":52}},"7":{"start":{"line":13,"column":28},"end":{"line":13,"column":89}},"8":{"start":{"line":15,"column":3},"end":{"line":17,"column":4}},"9":{"start":{"line":16,"column":4},"end":{"line":16,"column":43}},"10":{"start":{"line":18,"column":24},"end":{"line":18,"column":96}},"11":{"start":{"line":19,"column":22},"end":{"line":19,"column":90}},"12":{"start":{"line":21,"column":3},"end":{"line":45,"column":4}},"13":{"start":{"line":22,"column":4},"end":{"line":32,"column":6}},"14":{"start":{"line":33,"column":10},"end":{"line":45,"column":4}},"15":{"start":{"line":34,"column":4},"end":{"line":44,"column":6}},"16":{"start":{"line":47,"column":29},"end":{"line":62,"column":4}},"17":{"start":{"line":64,"column":25},"end":{"line":64,"column":93}},"18":{"start":{"line":66,"column":27},"end":{"line":66,"column":82}},"19":{"start":{"line":68,"column":3},"end":{"line":92,"column":4}},"20":{"start":{"line":69,"column":4},"end":{"line":79,"column":6}},"21":{"start":{"line":80,"column":10},"end":{"line":92,"column":4}},"22":{"start":{"line":81,"column":4},"end":{"line":91,"column":6}},"23":{"start":{"line":94,"column":3},"end":{"line":94,"column":20}},"24":{"start":{"line":96,"column":3},"end":{"line":98,"column":6}},"25":{"start":{"line":100,"column":3},"end":{"line":100,"column":22}},"26":{"start":{"line":101,"column":3},"end":{"line":101,"column":15}},"27":{"start":{"line":106,"column":12},"end":{"line":106,"column":41}},"28":{"start":{"line":107,"column":2},"end":{"line":157,"column":3}},"29":{"start":{"line":108,"column":29},"end":{"line":108,"column":39}},"30":{"start":{"line":109,"column":28},"end":{"line":109,"column":89}},"31":{"start":{"line":110,"column":22},"end":{"line":110,"column":90}},"32":{"start":{"line":111,"column":24},"end":{"line":111,"column":96}},"33":{"start":{"line":113,"column":3},"end":{"line":115,"column":4}},"34":{"start":{"line":114,"column":4},"end":{"line":114,"column":43}},"35":{"start":{"line":117,"column":3},"end":{"line":141,"column":4}},"36":{"start":{"line":118,"column":4},"end":{"line":128,"column":6}},"37":{"start":{"line":129,"column":10},"end":{"line":141,"column":4}},"38":{"start":{"line":130,"column":4},"end":{"line":140,"column":6}},"39":{"start":{"line":143,"column":3},"end":{"line":148,"column":6}},"40":{"start":{"line":150,"column":3},"end":{"line":150,"column":20}},"41":{"start":{"line":151,"column":3},"end":{"line":153,"column":6}},"42":{"start":{"line":155,"column":3},"end":{"line":155,"column":22}},"43":{"start":{"line":156,"column":3},"end":{"line":156,"column":15}},"44":{"start":{"line":161,"column":12},"end":{"line":161,"column":41}},"45":{"start":{"line":162,"column":2},"end":{"line":218,"column":3}},"46":{"start":{"line":163,"column":56},"end":{"line":163,"column":64}},"47":{"start":{"line":165,"column":29},"end":{"line":178,"column":4}},"48":{"start":{"line":180,"column":24},"end":{"line":180,"column":79}},"49":{"start":{"line":182,"column":22},"end":{"line":182,"column":73}},"50":{"start":{"line":184,"column":3},"end":{"line":208,"column":4}},"51":{"start":{"line":185,"column":4},"end":{"line":195,"column":6}},"52":{"start":{"line":196,"column":10},"end":{"line":208,"column":4}},"53":{"start":{"line":197,"column":4},"end":{"line":207,"column":6}},"54":{"start":{"line":210,"column":3},"end":{"line":210,"column":20}},"55":{"start":{"line":211,"column":3},"end":{"line":214,"column":6}},"56":{"start":{"line":216,"column":3},"end":{"line":216,"column":22}},"57":{"start":{"line":217,"column":3},"end":{"line":217,"column":15}},"58":{"start":{"line":222,"column":2},"end":{"line":252,"column":3}},"59":{"start":{"line":223,"column":24},"end":{"line":223,"column":32}},"60":{"start":{"line":224,"column":22},"end":{"line":224,"column":31}},"61":{"start":{"line":225,"column":17},"end":{"line":236,"column":4}},"62":{"start":{"line":237,"column":3},"end":{"line":244,"column":4}},"63":{"start":{"line":238,"column":4},"end":{"line":243,"column":6}},"64":{"start":{"line":245,"column":28},"end":{"line":245,"column":60}},"65":{"start":{"line":246,"column":3},"end":{"line":248,"column":4}},"66":{"start":{"line":247,"column":4},"end":{"line":247,"column":43}},"67":{"start":{"line":249,"column":3},"end":{"line":249,"column":42}},"68":{"start":{"line":251,"column":3},"end":{"line":251,"column":15}},"69":{"start":{"line":256,"column":2},"end":{"line":285,"column":3}},"70":{"start":{"line":257,"column":29},"end":{"line":257,"column":39}},"71":{"start":{"line":259,"column":3},"end":{"line":261,"column":4}},"72":{"start":{"line":260,"column":4},"end":{"line":260,"column":33}},"73":{"start":{"line":263,"column":23},"end":{"line":278,"column":5}},"74":{"start":{"line":279,"column":3},"end":{"line":281,"column":4}},"75":{"start":{"line":280,"column":4},"end":{"line":280,"column":31}},"76":{"start":{"line":282,"column":3},"end":{"line":282,"column":37}},"77":{"start":{"line":284,"column":3},"end":{"line":284,"column":15}},"78":{"start":{"line":289,"column":0},"end":{"line":289,"column":40}}},"fnMap":{"0":{"name":"(anonymous_0)","decl":{"start":{"line":5,"column":1},"end":{"line":5,"column":2}},"loc":{"start":{"line":5,"column":48},"end":{"line":103,"column":2}},"line":5},"1":{"name":"(anonymous_1)","decl":{"start":{"line":105,"column":1},"end":{"line":105,"column":2}},"loc":{"start":{"line":105,"column":48},"end":{"line":158,"column":2}},"line":105},"2":{"name":"(anonymous_2)","decl":{"start":{"line":160,"column":1},"end":{"line":160,"column":2}},"loc":{"start":{"line":160,"column":48},"end":{"line":219,"column":2}},"line":160},"3":{"name":"(anonymous_3)","decl":{"start":{"line":221,"column":1},"end":{"line":221,"column":2}},"loc":{"start":{"line":221,"column":45},"end":{"line":253,"column":2}},"line":221},"4":{"name":"(anonymous_4)","decl":{"start":{"line":255,"column":1},"end":{"line":255,"column":2}},"loc":{"start":{"line":255,"column":51},"end":{"line":286,"column":2}},"line":255}},"branchMap":{"0":{"loc":{"start":{"line":15,"column":3},"end":{"line":17,"column":4}},"type":"if","locations":[{"start":{"line":15,"column":3},"end":{"line":17,"column":4}},{"start":{},"end":{}}],"line":15},"1":{"loc":{"start":{"line":21,"column":3},"end":{"line":45,"column":4}},"type":"if","locations":[{"start":{"line":21,"column":3},"end":{"line":45,"column":4}},{"start":{"line":33,"column":10},"end":{"line":45,"column":4}}],"line":21},"2":{"loc":{"start":{"line":33,"column":10},"end":{"line":45,"column":4}},"type":"if","locations":[{"start":{"line":33,"column":10},"end":{"line":45,"column":4}},{"start":{},"end":{}}],"line":33},"3":{"loc":{"start":{"line":68,"column":3},"end":{"line":92,"column":4}},"type":"if","locations":[{"start":{"line":68,"column":3},"end":{"line":92,"column":4}},{"start":{"line":80,"column":10},"end":{"line":92,"column":4}}],"line":68},"4":{"loc":{"start":{"line":80,"column":10},"end":{"line":92,"column":4}},"type":"if","locations":[{"start":{"line":80,"column":10},"end":{"line":92,"column":4}},{"start":{},"end":{}}],"line":80},"5":{"loc":{"start":{"line":113,"column":3},"end":{"line":115,"column":4}},"type":"if","locations":[{"start":{"line":113,"column":3},"end":{"line":115,"column":4}},{"start":{},"end":{}}],"line":113},"6":{"loc":{"start":{"line":117,"column":3},"end":{"line":141,"column":4}},"type":"if","locations":[{"start":{"line":117,"column":3},"end":{"line":141,"column":4}},{"start":{"line":129,"column":10},"end":{"line":141,"column":4}}],"line":117},"7":{"loc":{"start":{"line":129,"column":10},"end":{"line":141,"column":4}},"type":"if","locations":[{"start":{"line":129,"column":10},"end":{"line":141,"column":4}},{"start":{},"end":{}}],"line":129},"8":{"loc":{"start":{"line":184,"column":3},"end":{"line":208,"column":4}},"type":"if","locations":[{"start":{"line":184,"column":3},"end":{"line":208,"column":4}},{"start":{"line":196,"column":10},"end":{"line":208,"column":4}}],"line":184},"9":{"loc":{"start":{"line":196,"column":10},"end":{"line":208,"column":4}},"type":"if","locations":[{"start":{"line":196,"column":10},"end":{"line":208,"column":4}},{"start":{},"end":{}}],"line":196},"10":{"loc":{"start":{"line":237,"column":3},"end":{"line":244,"column":4}},"type":"if","locations":[{"start":{"line":237,"column":3},"end":{"line":244,"column":4}},{"start":{},"end":{}}],"line":237},"11":{"loc":{"start":{"line":246,"column":3},"end":{"line":248,"column":4}},"type":"if","locations":[{"start":{"line":246,"column":3},"end":{"line":248,"column":4}},{"start":{},"end":{}}],"line":246},"12":{"loc":{"start":{"line":259,"column":3},"end":{"line":261,"column":4}},"type":"if","locations":[{"start":{"line":259,"column":3},"end":{"line":261,"column":4}},{"start":{},"end":{}}],"line":259},"13":{"loc":{"start":{"line":279,"column":3},"end":{"line":281,"column":4}},"type":"if","locations":[{"start":{"line":279,"column":3},"end":{"line":281,"column":4}},{"start":{},"end":{}}],"line":279}},"s":{"0":6,"1":6,"2":4,"3":4,"4":4,"5":4,"6":4,"7":4,"8":4,"9":0,"10":4,"11":4,"12":4,"13":4,"14":0,"15":0,"16":4,"17":1,"18":1,"19":1,"20":1,"21":0,"22":0,"23":1,"24":1,"25":3,"26":3,"27":1,"28":1,"29":1,"30":1,"31":1,"32":1,"33":1,"34":0,"35":1,"36":1,"37":0,"38":0,"39":1,"40":1,"41":1,"42":0,"43":0,"44":2,"45":2,"46":2,"47":2,"48":1,"49":1,"50":1,"51":1,"52":0,"53":0,"54":1,"55":1,"56":1,"57":1,"58":1,"59":1,"60":1,"61":1,"62":1,"63":0,"64":1,"65":1,"66":0,"67":1,"68":0,"69":0,"70":0,"71":0,"72":0,"73":0,"74":0,"75":0,"76":0,"77":0,"78":6},"f":{"0":4,"1":1,"2":2,"3":1,"4":0},"b":{"0":[0,4],"1":[4,0],"2":[0,0],"3":[1,0],"4":[0,0],"5":[0,1],"6":[1,0],"7":[0,0],"8":[1,0],"9":[0,0],"10":[0,1],"11":[0,1],"12":[0,0],"13":[0,0]},"_coverageSchema":"1a1c01bbd47fc00a2c39e90264f33305004495a9","hash":"f7d676dbc901626a59289d78ef2b76a668174189"}
,"D:\\hactiv8\\Phase 3\\Project\\Mody-Project\\server\\controllers\\user.js": {"path":"D:\\hactiv8\\Phase 3\\Project\\Mody-Project\\server\\controllers\\user.js","statementMap":{"0":{"start":{"line":1,"column":28},"end":{"line":1,"column":56}},"1":{"start":{"line":2,"column":24},"end":{"line":2,"column":49}},"2":{"start":{"line":3,"column":26},"end":{"line":3,"column":46}},"3":{"start":{"line":7,"column":2},"end":{"line":26,"column":3}},"4":{"start":{"line":8,"column":41},"end":{"line":8,"column":49}},"5":{"start":{"line":9,"column":19},"end":{"line":13,"column":4}},"6":{"start":{"line":14,"column":22},"end":{"line":14,"column":48}},"7":{"start":{"line":16,"column":3},"end":{"line":18,"column":6}},"8":{"start":{"line":20,"column":3},"end":{"line":23,"column":6}},"9":{"start":{"line":25,"column":3},"end":{"line":25,"column":15}},"10":{"start":{"line":30,"column":2},"end":{"line":40,"column":3}},"11":{"start":{"line":31,"column":17},"end":{"line":35,"column":5}},"12":{"start":{"line":37,"column":3},"end":{"line":37,"column":31}},"13":{"start":{"line":39,"column":3},"end":{"line":39,"column":15}},"14":{"start":{"line":44,"column":2},"end":{"line":57,"column":3}},"15":{"start":{"line":45,"column":22},"end":{"line":45,"column":32}},"16":{"start":{"line":46,"column":20},"end":{"line":50,"column":5}},"17":{"start":{"line":51,"column":3},"end":{"line":53,"column":4}},"18":{"start":{"line":52,"column":4},"end":{"line":52,"column":31}},"19":{"start":{"line":54,"column":3},"end":{"line":54,"column":34}},"20":{"start":{"line":56,"column":3},"end":{"line":56,"column":15}},"21":{"start":{"line":61,"column":2},"end":{"line":96,"column":3}},"22":{"start":{"line":62,"column":3},"end":{"line":93,"column":4}},"23":{"start":{"line":63,"column":32},"end":{"line":63,"column":40}},"24":{"start":{"line":65,"column":4},"end":{"line":67,"column":5}},"25":{"start":{"line":66,"column":5},"end":{"line":66,"column":37}},"26":{"start":{"line":68,"column":17},"end":{"line":72,"column":6}},"27":{"start":{"line":74,"column":4},"end":{"line":90,"column":5}},"28":{"start":{"line":75,"column":29},"end":{"line":75,"column":69}},"29":{"start":{"line":77,"column":5},"end":{"line":79,"column":6}},"30":{"start":{"line":78,"column":6},"end":{"line":78,"column":47}},"31":{"start":{"line":81,"column":21},"end":{"line":83,"column":6}},"32":{"start":{"line":84,"column":26},"end":{"line":84,"column":46}},"33":{"start":{"line":85,"column":5},"end":{"line":87,"column":8}},"34":{"start":{"line":89,"column":5},"end":{"line":89,"column":46}},"35":{"start":{"line":92,"column":4},"end":{"line":92,"column":16}},"36":{"start":{"line":95,"column":3},"end":{"line":95,"column":15}},"37":{"start":{"line":100,"column":0},"end":{"line":100,"column":32}}},"fnMap":{"0":{"name":"(anonymous_0)","decl":{"start":{"line":6,"column":1},"end":{"line":6,"column":2}},"loc":{"start":{"line":6,"column":39},"end":{"line":27,"column":2}},"line":6},"1":{"name":"(anonymous_1)","decl":{"start":{"line":29,"column":1},"end":{"line":29,"column":2}},"loc":{"start":{"line":29,"column":42},"end":{"line":41,"column":2}},"line":29},"2":{"name":"(anonymous_2)","decl":{"start":{"line":43,"column":1},"end":{"line":43,"column":2}},"loc":{"start":{"line":43,"column":39},"end":{"line":58,"column":2}},"line":43},"3":{"name":"(anonymous_3)","decl":{"start":{"line":60,"column":1},"end":{"line":60,"column":2}},"loc":{"start":{"line":60,"column":36},"end":{"line":97,"column":2}},"line":60}},"branchMap":{"0":{"loc":{"start":{"line":51,"column":3},"end":{"line":53,"column":4}},"type":"if","locations":[{"start":{"line":51,"column":3},"end":{"line":53,"column":4}},{"start":{},"end":{}}],"line":51},"1":{"loc":{"start":{"line":65,"column":4},"end":{"line":67,"column":5}},"type":"if","locations":[{"start":{"line":65,"column":4},"end":{"line":67,"column":5}},{"start":{},"end":{}}],"line":65},"2":{"loc":{"start":{"line":65,"column":8},"end":{"line":65,"column":27}},"type":"binary-expr","locations":[{"start":{"line":65,"column":8},"end":{"line":65,"column":14}},{"start":{"line":65,"column":18},"end":{"line":65,"column":27}}],"line":65},"3":{"loc":{"start":{"line":74,"column":4},"end":{"line":90,"column":5}},"type":"if","locations":[{"start":{"line":74,"column":4},"end":{"line":90,"column":5}},{"start":{"line":88,"column":11},"end":{"line":90,"column":5}}],"line":74},"4":{"loc":{"start":{"line":77,"column":5},"end":{"line":79,"column":6}},"type":"if","locations":[{"start":{"line":77,"column":5},"end":{"line":79,"column":6}},{"start":{},"end":{}}],"line":77}},"s":{"0":6,"1":6,"2":6,"3":9,"4":9,"5":9,"6":9,"7":1,"8":1,"9":8,"10":1,"11":1,"12":1,"13":0,"14":1,"15":1,"16":1,"17":1,"18":0,"19":1,"20":0,"21":12,"22":12,"23":12,"24":12,"25":2,"26":10,"27":10,"28":8,"29":8,"30":1,"31":7,"32":7,"33":7,"34":2,"35":5,"36":0,"37":6},"f":{"0":9,"1":1,"2":1,"3":12},"b":{"0":[0,1],"1":[2,10],"2":[12,11],"3":[8,2],"4":[1,7]},"_coverageSchema":"1a1c01bbd47fc00a2c39e90264f33305004495a9","hash":"2968352dffb12e255985568ae5057fdb2220c105"}
,"D:\\hactiv8\\Phase 3\\Project\\Mody-Project\\server\\controllers\\userWallet.js": {"path":"D:\\hactiv8\\Phase 3\\Project\\Mody-Project\\server\\controllers\\userWallet.js","statementMap":{"0":{"start":{"line":1,"column":60},"end":{"line":1,"column":80}},"1":{"start":{"line":5,"column":2},"end":{"line":19,"column":3}},"2":{"start":{"line":6,"column":26},"end":{"line":6,"column":34}},"3":{"start":{"line":7,"column":23},"end":{"line":14,"column":5}},"4":{"start":{"line":16,"column":3},"end":{"line":16,"column":37}},"5":{"start":{"line":18,"column":3},"end":{"line":18,"column":15}},"6":{"start":{"line":23,"column":2},"end":{"line":35,"column":3}},"7":{"start":{"line":24,"column":38},"end":{"line":24,"column":46}},"8":{"start":{"line":26,"column":25},"end":{"line":30,"column":5}},"9":{"start":{"line":32,"column":3},"end":{"line":32,"column":39}},"10":{"start":{"line":34,"column":3},"end":{"line":34,"column":15}},"11":{"start":{"line":39,"column":2},"end":{"line":59,"column":3}},"12":{"start":{"line":40,"column":28},"end":{"line":40,"column":38}},"13":{"start":{"line":41,"column":3},"end":{"line":43,"column":4}},"14":{"start":{"line":42,"column":4},"end":{"line":42,"column":33}},"15":{"start":{"line":45,"column":28},"end":{"line":45,"column":67}},"16":{"start":{"line":46,"column":3},"end":{"line":48,"column":4}},"17":{"start":{"line":47,"column":4},"end":{"line":47,"column":31}},"18":{"start":{"line":50,"column":3},"end":{"line":54,"column":6}},"19":{"start":{"line":56,"column":3},"end":{"line":56,"column":95}},"20":{"start":{"line":58,"column":3},"end":{"line":58,"column":15}},"21":{"start":{"line":63,"column":2},"end":{"line":98,"column":3}},"22":{"start":{"line":64,"column":28},"end":{"line":64,"column":38}},"23":{"start":{"line":65,"column":28},"end":{"line":65,"column":36}},"24":{"start":{"line":66,"column":3},"end":{"line":68,"column":4}},"25":{"start":{"line":67,"column":4},"end":{"line":67,"column":33}},"26":{"start":{"line":70,"column":3},"end":{"line":72,"column":4}},"27":{"start":{"line":71,"column":4},"end":{"line":71,"column":33}},"28":{"start":{"line":74,"column":3},"end":{"line":76,"column":4}},"29":{"start":{"line":75,"column":4},"end":{"line":75,"column":36}},"30":{"start":{"line":78,"column":29},"end":{"line":78,"column":68}},"31":{"start":{"line":79,"column":3},"end":{"line":81,"column":4}},"32":{"start":{"line":80,"column":4},"end":{"line":80,"column":31}},"33":{"start":{"line":83,"column":3},"end":{"line":93,"column":5}},"34":{"start":{"line":95,"column":3},"end":{"line":95,"column":95}},"35":{"start":{"line":97,"column":3},"end":{"line":97,"column":15}},"36":{"start":{"line":102,"column":0},"end":{"line":102,"column":28}}},"fnMap":{"0":{"name":"(anonymous_0)","decl":{"start":{"line":4,"column":1},"end":{"line":4,"column":2}},"loc":{"start":{"line":4,"column":47},"end":{"line":20,"column":2}},"line":4},"1":{"name":"(anonymous_1)","decl":{"start":{"line":22,"column":1},"end":{"line":22,"column":2}},"loc":{"start":{"line":22,"column":47},"end":{"line":36,"column":2}},"line":22},"2":{"name":"(anonymous_2)","decl":{"start":{"line":38,"column":1},"end":{"line":38,"column":2}},"loc":{"start":{"line":38,"column":47},"end":{"line":60,"column":2}},"line":38},"3":{"name":"(anonymous_3)","decl":{"start":{"line":62,"column":1},"end":{"line":62,"column":2}},"loc":{"start":{"line":62,"column":47},"end":{"line":99,"column":2}},"line":62}},"branchMap":{"0":{"loc":{"start":{"line":41,"column":3},"end":{"line":43,"column":4}},"type":"if","locations":[{"start":{"line":41,"column":3},"end":{"line":43,"column":4}},{"start":{},"end":{}}],"line":41},"1":{"loc":{"start":{"line":46,"column":3},"end":{"line":48,"column":4}},"type":"if","locations":[{"start":{"line":46,"column":3},"end":{"line":48,"column":4}},{"start":{},"end":{}}],"line":46},"2":{"loc":{"start":{"line":66,"column":3},"end":{"line":68,"column":4}},"type":"if","locations":[{"start":{"line":66,"column":3},"end":{"line":68,"column":4}},{"start":{},"end":{}}],"line":66},"3":{"loc":{"start":{"line":70,"column":3},"end":{"line":72,"column":4}},"type":"if","locations":[{"start":{"line":70,"column":3},"end":{"line":72,"column":4}},{"start":{},"end":{}}],"line":70},"4":{"loc":{"start":{"line":74,"column":3},"end":{"line":76,"column":4}},"type":"if","locations":[{"start":{"line":74,"column":3},"end":{"line":76,"column":4}},{"start":{},"end":{}}],"line":74},"5":{"loc":{"start":{"line":79,"column":3},"end":{"line":81,"column":4}},"type":"if","locations":[{"start":{"line":79,"column":3},"end":{"line":81,"column":4}},{"start":{},"end":{}}],"line":79}},"s":{"0":6,"1":1,"2":1,"3":1,"4":1,"5":0,"6":5,"7":5,"8":5,"9":1,"10":4,"11":3,"12":3,"13":3,"14":1,"15":2,"16":2,"17":1,"18":1,"19":1,"20":2,"21":4,"22":4,"23":4,"24":4,"25":0,"26":4,"27":1,"28":3,"29":1,"30":2,"31":2,"32":1,"33":1,"34":1,"35":3,"36":6},"f":{"0":1,"1":5,"2":3,"3":4},"b":{"0":[1,2],"1":[1,1],"2":[0,4],"3":[1,3],"4":[1,2],"5":[1,1]},"_coverageSchema":"1a1c01bbd47fc00a2c39e90264f33305004495a9","hash":"258bc8f8f93e4c7d83ab5c7a18e85fcc679e0db5"}
,"D:\\hactiv8\\Phase 3\\Project\\Mody-Project\\server\\controllers\\wallet.js": {"path":"D:\\hactiv8\\Phase 3\\Project\\Mody-Project\\server\\controllers\\wallet.js","statementMap":{"0":{"start":{"line":1,"column":60},"end":{"line":1,"column":80}},"1":{"start":{"line":5,"column":2},"end":{"line":31,"column":3}},"2":{"start":{"line":6,"column":18},"end":{"line":6,"column":26}},"3":{"start":{"line":8,"column":19},"end":{"line":26,"column":5}},"4":{"start":{"line":28,"column":3},"end":{"line":28,"column":33}},"5":{"start":{"line":30,"column":3},"end":{"line":30,"column":15}},"6":{"start":{"line":35,"column":2},"end":{"line":75,"column":3}},"7":{"start":{"line":36,"column":24},"end":{"line":36,"column":34}},"8":{"start":{"line":38,"column":3},"end":{"line":40,"column":4}},"9":{"start":{"line":39,"column":4},"end":{"line":39,"column":33}},"10":{"start":{"line":42,"column":18},"end":{"line":66,"column":5}},"11":{"start":{"line":68,"column":3},"end":{"line":70,"column":4}},"12":{"start":{"line":69,"column":4},"end":{"line":69,"column":31}},"13":{"start":{"line":72,"column":3},"end":{"line":72,"column":32}},"14":{"start":{"line":74,"column":3},"end":{"line":74,"column":15}},"15":{"start":{"line":79,"column":2},"end":{"line":96,"column":3}},"16":{"start":{"line":80,"column":20},"end":{"line":80,"column":28}},"17":{"start":{"line":81,"column":18},"end":{"line":81,"column":26}},"18":{"start":{"line":83,"column":21},"end":{"line":85,"column":5}},"19":{"start":{"line":87,"column":3},"end":{"line":91,"column":6}},"20":{"start":{"line":93,"column":3},"end":{"line":93,"column":35}},"21":{"start":{"line":95,"column":3},"end":{"line":95,"column":15}},"22":{"start":{"line":100,"column":2},"end":{"line":112,"column":3}},"23":{"start":{"line":101,"column":24},"end":{"line":101,"column":34}},"24":{"start":{"line":103,"column":3},"end":{"line":107,"column":6}},"25":{"start":{"line":109,"column":3},"end":{"line":109,"column":88}},"26":{"start":{"line":111,"column":3},"end":{"line":111,"column":15}},"27":{"start":{"line":116,"column":2},"end":{"line":140,"column":3}},"28":{"start":{"line":117,"column":24},"end":{"line":117,"column":34}},"29":{"start":{"line":118,"column":20},"end":{"line":118,"column":28}},"30":{"start":{"line":119,"column":3},"end":{"line":119,"column":54}},"31":{"start":{"line":119,"column":25},"end":{"line":119,"column":54}},"32":{"start":{"line":121,"column":3},"end":{"line":123,"column":4}},"33":{"start":{"line":122,"column":4},"end":{"line":122,"column":36}},"34":{"start":{"line":125,"column":25},"end":{"line":132,"column":4}},"35":{"start":{"line":133,"column":3},"end":{"line":137,"column":4}},"36":{"start":{"line":134,"column":4},"end":{"line":134,"column":89}},"37":{"start":{"line":136,"column":4},"end":{"line":136,"column":31}},"38":{"start":{"line":139,"column":3},"end":{"line":139,"column":15}},"39":{"start":{"line":144,"column":0},"end":{"line":144,"column":28}}},"fnMap":{"0":{"name":"(anonymous_0)","decl":{"start":{"line":4,"column":1},"end":{"line":4,"column":2}},"loc":{"start":{"line":4,"column":43},"end":{"line":32,"column":2}},"line":4},"1":{"name":"(anonymous_1)","decl":{"start":{"line":34,"column":1},"end":{"line":34,"column":2}},"loc":{"start":{"line":34,"column":46},"end":{"line":76,"column":2}},"line":34},"2":{"name":"(anonymous_2)","decl":{"start":{"line":78,"column":1},"end":{"line":78,"column":2}},"loc":{"start":{"line":78,"column":43},"end":{"line":97,"column":2}},"line":78},"3":{"name":"(anonymous_3)","decl":{"start":{"line":99,"column":1},"end":{"line":99,"column":2}},"loc":{"start":{"line":99,"column":43},"end":{"line":113,"column":2}},"line":99},"4":{"name":"(anonymous_4)","decl":{"start":{"line":115,"column":1},"end":{"line":115,"column":2}},"loc":{"start":{"line":115,"column":43},"end":{"line":141,"column":2}},"line":115}},"branchMap":{"0":{"loc":{"start":{"line":38,"column":3},"end":{"line":40,"column":4}},"type":"if","locations":[{"start":{"line":38,"column":3},"end":{"line":40,"column":4}},{"start":{},"end":{}}],"line":38},"1":{"loc":{"start":{"line":68,"column":3},"end":{"line":70,"column":4}},"type":"if","locations":[{"start":{"line":68,"column":3},"end":{"line":70,"column":4}},{"start":{},"end":{}}],"line":68},"2":{"loc":{"start":{"line":119,"column":3},"end":{"line":119,"column":54}},"type":"if","locations":[{"start":{"line":119,"column":3},"end":{"line":119,"column":54}},{"start":{},"end":{}}],"line":119},"3":{"loc":{"start":{"line":121,"column":3},"end":{"line":123,"column":4}},"type":"if","locations":[{"start":{"line":121,"column":3},"end":{"line":123,"column":4}},{"start":{},"end":{}}],"line":121},"4":{"loc":{"start":{"line":133,"column":3},"end":{"line":137,"column":4}},"type":"if","locations":[{"start":{"line":133,"column":3},"end":{"line":137,"column":4}},{"start":{"line":135,"column":10},"end":{"line":137,"column":4}}],"line":133}},"s":{"0":6,"1":1,"2":1,"3":1,"4":1,"5":0,"6":3,"7":3,"8":3,"9":1,"10":2,"11":2,"12":1,"13":1,"14":2,"15":3,"16":3,"17":3,"18":3,"19":1,"20":1,"21":2,"22":1,"23":1,"24":1,"25":1,"26":0,"27":3,"28":3,"29":3,"30":3,"31":0,"32":3,"33":2,"34":1,"35":1,"36":1,"37":0,"38":2,"39":6},"f":{"0":1,"1":3,"2":3,"3":1,"4":3},"b":{"0":[1,2],"1":[1,1],"2":[0,3],"3":[2,1],"4":[1,0]},"_coverageSchema":"1a1c01bbd47fc00a2c39e90264f33305004495a9","hash":"fe646b231c052608b2941932cd79ac79915ecfaf"}
,"D:\\hactiv8\\Phase 3\\Project\\Mody-Project\\server\\helpers\\bcrypt.js": {"path":"D:\\hactiv8\\Phase 3\\Project\\Mody-Project\\server\\helpers\\bcrypt.js","statementMap":{"0":{"start":{"line":1,"column":15},"end":{"line":1,"column":34}},"1":{"start":{"line":3,"column":21},"end":{"line":5,"column":1}},"2":{"start":{"line":4,"column":1},"end":{"line":4,"column":38}},"3":{"start":{"line":7,"column":24},"end":{"line":9,"column":1}},"4":{"start":{"line":8,"column":1},"end":{"line":8,"column":53}},"5":{"start":{"line":11,"column":0},"end":{"line":11,"column":51}}},"fnMap":{"0":{"name":"(anonymous_0)","decl":{"start":{"line":3,"column":21},"end":{"line":3,"column":22}},"loc":{"start":{"line":3,"column":35},"end":{"line":5,"column":1}},"line":3},"1":{"name":"(anonymous_1)","decl":{"start":{"line":7,"column":24},"end":{"line":7,"column":25}},"loc":{"start":{"line":7,"column":54},"end":{"line":9,"column":1}},"line":7}},"branchMap":{},"s":{"0":6,"1":6,"2":20,"3":6,"4":8,"5":6},"f":{"0":20,"1":8},"b":{},"_coverageSchema":"1a1c01bbd47fc00a2c39e90264f33305004495a9","hash":"2b0dff9441425937808172f48cc84122226557e3"}
,"D:\\hactiv8\\Phase 3\\Project\\Mody-Project\\server\\helpers\\jwt.js": {"path":"D:\\hactiv8\\Phase 3\\Project\\Mody-Project\\server\\helpers\\jwt.js","statementMap":{"0":{"start":{"line":1,"column":12},"end":{"line":1,"column":35}},"1":{"start":{"line":3,"column":18},"end":{"line":3,"column":29}},"2":{"start":{"line":5,"column":20},"end":{"line":7,"column":1}},"3":{"start":{"line":6,"column":2},"end":{"line":6,"column":38}},"4":{"start":{"line":9,"column":20},"end":{"line":11,"column":1}},"5":{"start":{"line":10,"column":2},"end":{"line":10,"column":38}},"6":{"start":{"line":13,"column":0},"end":{"line":13,"column":46}}},"fnMap":{"0":{"name":"(anonymous_0)","decl":{"start":{"line":5,"column":20},"end":{"line":5,"column":21}},"loc":{"start":{"line":5,"column":33},"end":{"line":7,"column":1}},"line":5},"1":{"name":"(anonymous_1)","decl":{"start":{"line":9,"column":20},"end":{"line":9,"column":21}},"loc":{"start":{"line":9,"column":31},"end":{"line":11,"column":1}},"line":9}},"branchMap":{},"s":{"0":6,"1":6,"2":6,"3":7,"4":6,"5":55,"6":6},"f":{"0":7,"1":55},"b":{},"_coverageSchema":"1a1c01bbd47fc00a2c39e90264f33305004495a9","hash":"911f8303e9a9c1e439f06b4f136c2f72945a52fa"}
,"D:\\hactiv8\\Phase 3\\Project\\Mody-Project\\server\\middlewares\\authentication.js": {"path":"D:\\hactiv8\\Phase 3\\Project\\Mody-Project\\server\\middlewares\\authentication.js","statementMap":{"0":{"start":{"line":1,"column":17},"end":{"line":1,"column":37}},"1":{"start":{"line":2,"column":24},"end":{"line":2,"column":49}},"2":{"start":{"line":3,"column":23},"end":{"line":25,"column":1}},"3":{"start":{"line":4,"column":1},"end":{"line":24,"column":2}},"4":{"start":{"line":5,"column":27},"end":{"line":5,"column":38}},"5":{"start":{"line":7,"column":2},"end":{"line":9,"column":3}},"6":{"start":{"line":8,"column":3},"end":{"line":8,"column":34}},"7":{"start":{"line":10,"column":18},"end":{"line":10,"column":43}},"8":{"start":{"line":11,"column":17},"end":{"line":11,"column":24}},"9":{"start":{"line":12,"column":22},"end":{"line":12,"column":45}},"10":{"start":{"line":14,"column":2},"end":{"line":16,"column":3}},"11":{"start":{"line":15,"column":3},"end":{"line":15,"column":34}},"12":{"start":{"line":18,"column":2},"end":{"line":20,"column":4}},"13":{"start":{"line":21,"column":2},"end":{"line":21,"column":9}},"14":{"start":{"line":23,"column":2},"end":{"line":23,"column":14}},"15":{"start":{"line":27,"column":0},"end":{"line":27,"column":36}}},"fnMap":{"0":{"name":"(anonymous_0)","decl":{"start":{"line":3,"column":23},"end":{"line":3,"column":24}},"loc":{"start":{"line":3,"column":49},"end":{"line":25,"column":1}},"line":3}},"branchMap":{"0":{"loc":{"start":{"line":7,"column":2},"end":{"line":9,"column":3}},"type":"if","locations":[{"start":{"line":7,"column":2},"end":{"line":9,"column":3}},{"start":{},"end":{}}],"line":7},"1":{"loc":{"start":{"line":14,"column":2},"end":{"line":16,"column":3}},"type":"if","locations":[{"start":{"line":14,"column":2},"end":{"line":16,"column":3}},{"start":{},"end":{}}],"line":14}},"s":{"0":6,"1":6,"2":6,"3":63,"4":63,"5":63,"6":8,"7":55,"8":54,"9":54,"10":54,"11":0,"12":54,"13":54,"14":9,"15":6},"f":{"0":63},"b":{"0":[8,55],"1":[0,54]},"_coverageSchema":"1a1c01bbd47fc00a2c39e90264f33305004495a9","hash":"f4613ec6ea0b25016aaa791cc0e18db74433bc3c"}
,"D:\\hactiv8\\Phase 3\\Project\\Mody-Project\\server\\middlewares\\authorization.js": {"path":"D:\\hactiv8\\Phase 3\\Project\\Mody-Project\\server\\middlewares\\authorization.js","statementMap":{"0":{"start":{"line":1,"column":44},"end":{"line":1,"column":64}},"1":{"start":{"line":3,"column":1},"end":{"line":26,"column":2}},"2":{"start":{"line":4,"column":28},"end":{"line":4,"column":38}},"3":{"start":{"line":5,"column":26},"end":{"line":5,"column":67}},"4":{"start":{"line":7,"column":2},"end":{"line":9,"column":3}},"5":{"start":{"line":8,"column":3},"end":{"line":8,"column":42}},"6":{"start":{"line":11,"column":25},"end":{"line":16,"column":4}},"7":{"start":{"line":17,"column":2},"end":{"line":23,"column":3}},"8":{"start":{"line":18,"column":3},"end":{"line":18,"column":31}},"9":{"start":{"line":19,"column":9},"end":{"line":23,"column":3}},"10":{"start":{"line":20,"column":3},"end":{"line":20,"column":10}},"11":{"start":{"line":22,"column":3},"end":{"line":22,"column":31}},"12":{"start":{"line":25,"column":2},"end":{"line":25,"column":14}},"13":{"start":{"line":30,"column":1},"end":{"line":48,"column":2}},"14":{"start":{"line":31,"column":23},"end":{"line":31,"column":31}},"15":{"start":{"line":32,"column":21},"end":{"line":32,"column":52}},"16":{"start":{"line":33,"column":2},"end":{"line":35,"column":3}},"17":{"start":{"line":34,"column":3},"end":{"line":34,"column":36}},"18":{"start":{"line":36,"column":25},"end":{"line":41,"column":4}},"19":{"start":{"line":42,"column":2},"end":{"line":44,"column":3}},"20":{"start":{"line":43,"column":3},"end":{"line":43,"column":44}},"21":{"start":{"line":45,"column":2},"end":{"line":45,"column":9}},"22":{"start":{"line":47,"column":2},"end":{"line":47,"column":14}},"23":{"start":{"line":52,"column":1},"end":{"line":77,"column":2}},"24":{"start":{"line":53,"column":23},"end":{"line":53,"column":33}},"25":{"start":{"line":54,"column":2},"end":{"line":54,"column":53}},"26":{"start":{"line":54,"column":24},"end":{"line":54,"column":53}},"27":{"start":{"line":56,"column":21},"end":{"line":56,"column":52}},"28":{"start":{"line":58,"column":2},"end":{"line":60,"column":3}},"29":{"start":{"line":59,"column":3},"end":{"line":59,"column":36}},"30":{"start":{"line":62,"column":25},"end":{"line":67,"column":4}},"31":{"start":{"line":69,"column":2},"end":{"line":73,"column":3}},"32":{"start":{"line":70,"column":3},"end":{"line":70,"column":31}},"33":{"start":{"line":71,"column":9},"end":{"line":73,"column":3}},"34":{"start":{"line":72,"column":3},"end":{"line":72,"column":31}},"35":{"start":{"line":74,"column":2},"end":{"line":74,"column":8}},"36":{"start":{"line":76,"column":2},"end":{"line":76,"column":14}},"37":{"start":{"line":80,"column":0},"end":{"line":84,"column":2}}},"fnMap":{"0":{"name":"authorizationTransactionRole","decl":{"start":{"line":2,"column":15},"end":{"line":2,"column":43}},"loc":{"start":{"line":2,"column":60},"end":{"line":27,"column":1}},"line":2},"1":{"name":"readOrCreateTransaction","decl":{"start":{"line":29,"column":15},"end":{"line":29,"column":38}},"loc":{"start":{"line":29,"column":55},"end":{"line":49,"column":1}},"line":29},"2":{"name":"deleteAuthorization","decl":{"start":{"line":51,"column":15},"end":{"line":51,"column":34}},"loc":{"start":{"line":51,"column":51},"end":{"line":78,"column":1}},"line":51}},"branchMap":{"0":{"loc":{"start":{"line":7,"column":2},"end":{"line":9,"column":3}},"type":"if","locations":[{"start":{"line":7,"column":2},"end":{"line":9,"column":3}},{"start":{},"end":{}}],"line":7},"1":{"loc":{"start":{"line":17,"column":2},"end":{"line":23,"column":3}},"type":"if","locations":[{"start":{"line":17,"column":2},"end":{"line":23,"column":3}},{"start":{"line":19,"column":9},"end":{"line":23,"column":3}}],"line":17},"2":{"loc":{"start":{"line":19,"column":9},"end":{"line":23,"column":3}},"type":"if","locations":[{"start":{"line":19,"column":9},"end":{"line":23,"column":3}},{"start":{"line":21,"column":9},"end":{"line":23,"column":3}}],"line":19},"3":{"loc":{"start":{"line":19,"column":13},"end":{"line":19,"column":81}},"type":"binary-expr","locations":[{"start":{"line":19,"column":13},"end":{"line":19,"column":44}},{"start":{"line":19,"column":48},"end":{"line":19,"column":81}}],"line":19},"4":{"loc":{"start":{"line":33,"column":2},"end":{"line":35,"column":3}},"type":"if","locations":[{"start":{"line":33,"column":2},"end":{"line":35,"column":3}},{"start":{},"end":{}}],"line":33},"5":{"loc":{"start":{"line":42,"column":2},"end":{"line":44,"column":3}},"type":"if","locations":[{"start":{"line":42,"column":2},"end":{"line":44,"column":3}},{"start":{},"end":{}}],"line":42},"6":{"loc":{"start":{"line":54,"column":2},"end":{"line":54,"column":53}},"type":"if","locations":[{"start":{"line":54,"column":2},"end":{"line":54,"column":53}},{"start":{},"end":{}}],"line":54},"7":{"loc":{"start":{"line":58,"column":2},"end":{"line":60,"column":3}},"type":"if","locations":[{"start":{"line":58,"column":2},"end":{"line":60,"column":3}},{"start":{},"end":{}}],"line":58},"8":{"loc":{"start":{"line":69,"column":2},"end":{"line":73,"column":3}},"type":"if","locations":[{"start":{"line":69,"column":2},"end":{"line":73,"column":3}},{"start":{"line":71,"column":9},"end":{"line":73,"column":3}}],"line":69},"9":{"loc":{"start":{"line":71,"column":9},"end":{"line":73,"column":3}},"type":"if","locations":[{"start":{"line":71,"column":9},"end":{"line":73,"column":3}},{"start":{},"end":{}}],"line":71}},"s":{"0":6,"1":9,"2":9,"3":9,"4":9,"5":2,"6":7,"7":7,"8":0,"9":7,"10":5,"11":2,"12":4,"13":3,"14":3,"15":3,"16":3,"17":0,"18":3,"19":3,"20":0,"21":3,"22":0,"23":5,"24":5,"25":5,"26":1,"27":4,"28":4,"29":2,"30":2,"31":2,"32":0,"33":2,"34":1,"35":1,"36":4,"37":6},"f":{"0":9,"1":3,"2":5},"b":{"0":[2,7],"1":[0,7],"2":[5,2],"3":[7,2],"4":[0,3],"5":[0,3],"6":[1,4],"7":[2,2],"8":[0,2],"9":[1,1]},"_coverageSchema":"1a1c01bbd47fc00a2c39e90264f33305004495a9","hash":"df08940c38ca6845a956b3e536ba48352098552b"}
,"D:\\hactiv8\\Phase 3\\Project\\Mody-Project\\server\\middlewares\\errorHandler.js": {"path":"D:\\hactiv8\\Phase 3\\Project\\Mody-Project\\server\\middlewares\\errorHandler.js","statementMap":{"0":{"start":{"line":2,"column":1},"end":{"line":2,"column":25}},"1":{"start":{"line":3,"column":1},"end":{"line":11,"column":2}},"2":{"start":{"line":7,"column":17},"end":{"line":9,"column":4}},"3":{"start":{"line":8,"column":3},"end":{"line":8,"column":24}},"4":{"start":{"line":10,"column":2},"end":{"line":10,"column":44}},"5":{"start":{"line":12,"column":1},"end":{"line":38,"column":2}},"6":{"start":{"line":13,"column":2},"end":{"line":13,"column":63}},"7":{"start":{"line":14,"column":8},"end":{"line":38,"column":2}},"8":{"start":{"line":15,"column":2},"end":{"line":15,"column":50}},"9":{"start":{"line":16,"column":8},"end":{"line":38,"column":2}},"10":{"start":{"line":17,"column":2},"end":{"line":17,"column":62}},"11":{"start":{"line":18,"column":8},"end":{"line":38,"column":2}},"12":{"start":{"line":19,"column":2},"end":{"line":19,"column":58}},"13":{"start":{"line":20,"column":8},"end":{"line":38,"column":2}},"14":{"start":{"line":21,"column":2},"end":{"line":21,"column":53}},"15":{"start":{"line":22,"column":8},"end":{"line":38,"column":2}},"16":{"start":{"line":23,"column":2},"end":{"line":23,"column":49}},"17":{"start":{"line":24,"column":8},"end":{"line":38,"column":2}},"18":{"start":{"line":25,"column":2},"end":{"line":25,"column":54}},"19":{"start":{"line":26,"column":8},"end":{"line":38,"column":2}},"20":{"start":{"line":27,"column":2},"end":{"line":27,"column":67}},"21":{"start":{"line":28,"column":8},"end":{"line":38,"column":2}},"22":{"start":{"line":29,"column":2},"end":{"line":29,"column":64}},"23":{"start":{"line":30,"column":8},"end":{"line":38,"column":2}},"24":{"start":{"line":31,"column":2},"end":{"line":31,"column":62}},"25":{"start":{"line":32,"column":8},"end":{"line":38,"column":2}},"26":{"start":{"line":33,"column":2},"end":{"line":33,"column":68}},"27":{"start":{"line":34,"column":8},"end":{"line":38,"column":2}},"28":{"start":{"line":35,"column":2},"end":{"line":35,"column":53}},"29":{"start":{"line":37,"column":2},"end":{"line":37,"column":61}},"30":{"start":{"line":41,"column":0},"end":{"line":41,"column":30}}},"fnMap":{"0":{"name":"errorHandler","decl":{"start":{"line":1,"column":9},"end":{"line":1,"column":21}},"loc":{"start":{"line":1,"column":45},"end":{"line":39,"column":1}},"line":1},"1":{"name":"(anonymous_1)","decl":{"start":{"line":7,"column":34},"end":{"line":7,"column":35}},"loc":{"start":{"line":7,"column":45},"end":{"line":9,"column":3}},"line":7}},"branchMap":{"0":{"loc":{"start":{"line":3,"column":1},"end":{"line":11,"column":2}},"type":"if","locations":[{"start":{"line":3,"column":1},"end":{"line":11,"column":2}},{"start":{},"end":{}}],"line":3},"1":{"loc":{"start":{"line":4,"column":2},"end":{"line":5,"column":49}},"type":"binary-expr","locations":[{"start":{"line":4,"column":2},"end":{"line":4,"column":43}},{"start":{"line":5,"column":2},"end":{"line":5,"column":49}}],"line":4},"2":{"loc":{"start":{"line":12,"column":1},"end":{"line":38,"column":2}},"type":"if","locations":[{"start":{"line":12,"column":1},"end":{"line":38,"column":2}},{"start":{"line":14,"column":8},"end":{"line":38,"column":2}}],"line":12},"3":{"loc":{"start":{"line":14,"column":8},"end":{"line":38,"column":2}},"type":"if","locations":[{"start":{"line":14,"column":8},"end":{"line":38,"column":2}},{"start":{"line":16,"column":8},"end":{"line":38,"column":2}}],"line":14},"4":{"loc":{"start":{"line":16,"column":8},"end":{"line":38,"column":2}},"type":"if","locations":[{"start":{"line":16,"column":8},"end":{"line":38,"column":2}},{"start":{"line":18,"column":8},"end":{"line":38,"column":2}}],"line":16},"5":{"loc":{"start":{"line":18,"column":8},"end":{"line":38,"column":2}},"type":"if","locations":[{"start":{"line":18,"column":8},"end":{"line":38,"column":2}},{"start":{"line":20,"column":8},"end":{"line":38,"column":2}}],"line":18},"6":{"loc":{"start":{"line":20,"column":8},"end":{"line":38,"column":2}},"type":"if","locations":[{"start":{"line":20,"column":8},"end":{"line":38,"column":2}},{"start":{"line":22,"column":8},"end":{"line":38,"column":2}}],"line":20},"7":{"loc":{"start":{"line":20,"column":12},"end":{"line":20,"column":79}},"type":"binary-expr","locations":[{"start":{"line":20,"column":12},"end":{"line":20,"column":41}},{"start":{"line":20,"column":45},"end":{"line":20,"column":79}}],"line":20},"8":{"loc":{"start":{"line":22,"column":8},"end":{"line":38,"column":2}},"type":"if","locations":[{"start":{"line":22,"column":8},"end":{"line":38,"column":2}},{"start":{"line":24,"column":8},"end":{"line":38,"column":2}}],"line":22},"9":{"loc":{"start":{"line":24,"column":8},"end":{"line":38,"column":2}},"type":"if","locations":[{"start":{"line":24,"column":8},"end":{"line":38,"column":2}},{"start":{"line":26,"column":8},"end":{"line":38,"column":2}}],"line":24},"10":{"loc":{"start":{"line":26,"column":8},"end":{"line":38,"column":2}},"type":"if","locations":[{"start":{"line":26,"column":8},"end":{"line":38,"column":2}},{"start":{"line":28,"column":8},"end":{"line":38,"column":2}}],"line":26},"11":{"loc":{"start":{"line":28,"column":8},"end":{"line":38,"column":2}},"type":"if","locations":[{"start":{"line":28,"column":8},"end":{"line":38,"column":2}},{"start":{"line":30,"column":8},"end":{"line":38,"column":2}}],"line":28},"12":{"loc":{"start":{"line":30,"column":8},"end":{"line":38,"column":2}},"type":"if","locations":[{"start":{"line":30,"column":8},"end":{"line":38,"column":2}},{"start":{"line":32,"column":8},"end":{"line":38,"column":2}}],"line":30},"13":{"loc":{"start":{"line":32,"column":8},"end":{"line":38,"column":2}},"type":"if","locations":[{"start":{"line":32,"column":8},"end":{"line":38,"column":2}},{"start":{"line":34,"column":8},"end":{"line":38,"column":2}}],"line":32},"14":{"loc":{"start":{"line":34,"column":8},"end":{"line":38,"column":2}},"type":"if","locations":[{"start":{"line":34,"column":8},"end":{"line":38,"column":2}},{"start":{"line":36,"column":8},"end":{"line":38,"column":2}}],"line":34}},"s":{"0":55,"1":55,"2":21,"3":26,"4":21,"5":55,"6":5,"7":50,"8":4,"9":46,"10":3,"11":43,"12":0,"13":43,"14":9,"15":34,"16":3,"17":31,"18":5,"19":26,"20":2,"21":24,"22":0,"23":24,"24":2,"25":22,"26":1,"27":21,"28":0,"29":21,"30":6},"f":{"0":55,"1":26},"b":{"0":[21,34],"1":[55,35],"2":[5,50],"3":[4,46],"4":[3,43],"5":[0,43],"6":[9,34],"7":[43,35],"8":[3,31],"9":[5,26],"10":[2,24],"11":[0,24],"12":[2,22],"13":[1,21],"14":[0,21]},"_coverageSchema":"1a1c01bbd47fc00a2c39e90264f33305004495a9","hash":"5339c17736df2f127a3768351f8997016a7e0a64"}
,"D:\\hactiv8\\Phase 3\\Project\\Mody-Project\\server\\models\\category.js": {"path":"D:\\hactiv8\\Phase 3\\Project\\Mody-Project\\server\\models\\category.js","statementMap":{"0":{"start":{"line":2,"column":18},"end":{"line":2,"column":38}},"1":{"start":{"line":3,"column":0},"end":{"line":42,"column":2}},"2":{"start":{"line":6,"column":3},"end":{"line":6,"column":70}},"3":{"start":{"line":9,"column":1},"end":{"line":40,"column":3}},"4":{"start":{"line":41,"column":1},"end":{"line":41,"column":17}}},"fnMap":{"0":{"name":"(anonymous_0)","decl":{"start":{"line":3,"column":17},"end":{"line":3,"column":18}},"loc":{"start":{"line":3,"column":43},"end":{"line":42,"column":1}},"line":3},"1":{"name":"(anonymous_1)","decl":{"start":{"line":5,"column":2},"end":{"line":5,"column":3}},"loc":{"start":{"line":5,"column":27},"end":{"line":7,"column":3}},"line":5}},"branchMap":{},"s":{"0":6,"1":6,"2":6,"3":6,"4":6},"f":{"0":6,"1":6},"b":{},"_coverageSchema":"1a1c01bbd47fc00a2c39e90264f33305004495a9","hash":"13b7b051f1922da37ea7a14cd25418a05dcf9221"}
,"D:\\hactiv8\\Phase 3\\Project\\Mody-Project\\server\\models\\index.js": {"path":"D:\\hactiv8\\Phase 3\\Project\\Mody-Project\\server\\models\\index.js","statementMap":{"0":{"start":{"line":3,"column":11},"end":{"line":3,"column":24}},"1":{"start":{"line":4,"column":13},"end":{"line":4,"column":28}},"2":{"start":{"line":5,"column":18},"end":{"line":5,"column":38}},"3":{"start":{"line":6,"column":17},"end":{"line":6,"column":42}},"4":{"start":{"line":7,"column":12},"end":{"line":7,"column":49}},"5":{"start":{"line":8,"column":15},"end":{"line":8,"column":65}},"6":{"start":{"line":9,"column":11},"end":{"line":9,"column":13}},"7":{"start":{"line":12,"column":0},"end":{"line":16,"column":1}},"8":{"start":{"line":13,"column":2},"end":{"line":13,"column":74}},"9":{"start":{"line":15,"column":2},"end":{"line":15,"column":87}},"10":{"start":{"line":18,"column":0},"end":{"line":26,"column":5}},"11":{"start":{"line":21,"column":4},"end":{"line":21,"column":90}},"12":{"start":{"line":24,"column":18},"end":{"line":24,"column":85}},"13":{"start":{"line":25,"column":4},"end":{"line":25,"column":27}},"14":{"start":{"line":28,"column":0},"end":{"line":32,"column":3}},"15":{"start":{"line":29,"column":2},"end":{"line":31,"column":3}},"16":{"start":{"line":30,"column":4},"end":{"line":30,"column":32}},"17":{"start":{"line":34,"column":0},"end":{"line":34,"column":25}},"18":{"start":{"line":35,"column":0},"end":{"line":35,"column":25}},"19":{"start":{"line":37,"column":0},"end":{"line":37,"column":20}}},"fnMap":{"0":{"name":"(anonymous_0)","decl":{"start":{"line":20,"column":10},"end":{"line":20,"column":11}},"loc":{"start":{"line":20,"column":18},"end":{"line":22,"column":3}},"line":20},"1":{"name":"(anonymous_1)","decl":{"start":{"line":23,"column":11},"end":{"line":23,"column":12}},"loc":{"start":{"line":23,"column":19},"end":{"line":26,"column":3}},"line":23},"2":{"name":"(anonymous_2)","decl":{"start":{"line":28,"column":24},"end":{"line":28,"column":25}},"loc":{"start":{"line":28,"column":37},"end":{"line":32,"column":1}},"line":28}},"branchMap":{"0":{"loc":{"start":{"line":7,"column":12},"end":{"line":7,"column":49}},"type":"binary-expr","locations":[{"start":{"line":7,"column":12},"end":{"line":7,"column":32}},{"start":{"line":7,"column":36},"end":{"line":7,"column":49}}],"line":7},"1":{"loc":{"start":{"line":12,"column":0},"end":{"line":16,"column":1}},"type":"if","locations":[{"start":{"line":12,"column":0},"end":{"line":16,"column":1}},{"start":{"line":14,"column":7},"end":{"line":16,"column":1}}],"line":12},"2":{"loc":{"start":{"line":21,"column":11},"end":{"line":21,"column":89}},"type":"binary-expr","locations":[{"start":{"line":21,"column":12},"end":{"line":21,"column":35}},{"start":{"line":21,"column":41},"end":{"line":21,"column":58}},{"start":{"line":21,"column":64},"end":{"line":21,"column":88}}],"line":21},"3":{"loc":{"start":{"line":29,"column":2},"end":{"line":31,"column":3}},"type":"if","locations":[{"start":{"line":29,"column":2},"end":{"line":31,"column":3}},{"start":{},"end":{}}],"line":29}},"s":{"0":6,"1":6,"2":6,"3":6,"4":6,"5":6,"6":6,"7":6,"8":0,"9":6,"10":6,"11":42,"12":36,"13":36,"14":6,"15":36,"16":36,"17":6,"18":6,"19":6},"f":{"0":42,"1":36,"2":36},"b":{"0":[6,0],"1":[0,6],"2":[42,42,36],"3":[36,0]},"_coverageSchema":"1a1c01bbd47fc00a2c39e90264f33305004495a9","hash":"71387be665ca958661b5fe4d76ec7ce2609c9f75"}
,"D:\\hactiv8\\Phase 3\\Project\\Mody-Project\\server\\models\\profile.js": {"path":"D:\\hactiv8\\Phase 3\\Project\\Mody-Project\\server\\models\\profile.js","statementMap":{"0":{"start":{"line":2,"column":18},"end":{"line":2,"column":38}},"1":{"start":{"line":3,"column":0},"end":{"line":34,"column":2}},"2":{"start":{"line":6,"column":6},"end":{"line":6,"column":63}},"3":{"start":{"line":9,"column":2},"end":{"line":32,"column":4}},"4":{"start":{"line":33,"column":2},"end":{"line":33,"column":17}}},"fnMap":{"0":{"name":"(anonymous_0)","decl":{"start":{"line":3,"column":17},"end":{"line":3,"column":18}},"loc":{"start":{"line":3,"column":43},"end":{"line":34,"column":1}},"line":3},"1":{"name":"(anonymous_1)","decl":{"start":{"line":5,"column":4},"end":{"line":5,"column":5}},"loc":{"start":{"line":5,"column":29},"end":{"line":7,"column":5}},"line":5}},"branchMap":{},"s":{"0":6,"1":6,"2":6,"3":6,"4":6},"f":{"0":6,"1":6},"b":{},"_coverageSchema":"1a1c01bbd47fc00a2c39e90264f33305004495a9","hash":"7e201999c9dc577652666ababc790ed8258abf95"}
,"D:\\hactiv8\\Phase 3\\Project\\Mody-Project\\server\\models\\transaction.js": {"path":"D:\\hactiv8\\Phase 3\\Project\\Mody-Project\\server\\models\\transaction.js","statementMap":{"0":{"start":{"line":2,"column":18},"end":{"line":2,"column":38}},"1":{"start":{"line":3,"column":0},"end":{"line":107,"column":2}},"2":{"start":{"line":11,"column":3},"end":{"line":11,"column":72}},"3":{"start":{"line":12,"column":3},"end":{"line":12,"column":64}},"4":{"start":{"line":13,"column":3},"end":{"line":13,"column":68}},"5":{"start":{"line":16,"column":1},"end":{"line":105,"column":3}},"6":{"start":{"line":106,"column":1},"end":{"line":106,"column":20}}},"fnMap":{"0":{"name":"(anonymous_0)","decl":{"start":{"line":3,"column":17},"end":{"line":3,"column":18}},"loc":{"start":{"line":3,"column":43},"end":{"line":107,"column":1}},"line":3},"1":{"name":"(anonymous_1)","decl":{"start":{"line":10,"column":2},"end":{"line":10,"column":3}},"loc":{"start":{"line":10,"column":27},"end":{"line":14,"column":3}},"line":10}},"branchMap":{},"s":{"0":6,"1":6,"2":6,"3":6,"4":6,"5":6,"6":6},"f":{"0":6,"1":6},"b":{},"_coverageSchema":"1a1c01bbd47fc00a2c39e90264f33305004495a9","hash":"d3abd782436965fbfcfb2298d62e8f02d7929ece"}
,"D:\\hactiv8\\Phase 3\\Project\\Mody-Project\\server\\models\\user.js": {"path":"D:\\hactiv8\\Phase 3\\Project\\Mody-Project\\server\\models\\user.js","statementMap":{"0":{"start":{"line":2,"column":18},"end":{"line":2,"column":38}},"1":{"start":{"line":3,"column":25},"end":{"line":3,"column":53}},"2":{"start":{"line":4,"column":0},"end":{"line":75,"column":2}},"3":{"start":{"line":7,"column":6},"end":{"line":7,"column":60}},"4":{"start":{"line":8,"column":6},"end":{"line":8,"column":65}},"5":{"start":{"line":9,"column":6},"end":{"line":9,"column":64}},"6":{"start":{"line":12,"column":2},"end":{"line":73,"column":4}},"7":{"start":{"line":66,"column":10},"end":{"line":66,"column":62}},"8":{"start":{"line":69,"column":10},"end":{"line":69,"column":46}},"9":{"start":{"line":74,"column":2},"end":{"line":74,"column":14}}},"fnMap":{"0":{"name":"(anonymous_0)","decl":{"start":{"line":4,"column":17},"end":{"line":4,"column":18}},"loc":{"start":{"line":4,"column":43},"end":{"line":75,"column":1}},"line":4},"1":{"name":"(anonymous_1)","decl":{"start":{"line":6,"column":4},"end":{"line":6,"column":5}},"loc":{"start":{"line":6,"column":29},"end":{"line":10,"column":5}},"line":6},"2":{"name":"(anonymous_2)","decl":{"start":{"line":65,"column":22},"end":{"line":65,"column":23}},"loc":{"start":{"line":65,"column":36},"end":{"line":67,"column":9}},"line":65},"3":{"name":"(anonymous_3)","decl":{"start":{"line":68,"column":21},"end":{"line":68,"column":22}},"loc":{"start":{"line":68,"column":35},"end":{"line":70,"column":9}},"line":68}},"branchMap":{},"s":{"0":6,"1":6,"2":6,"3":6,"4":6,"5":6,"6":6,"7":2,"8":1,"9":6},"f":{"0":6,"1":6,"2":2,"3":1},"b":{},"_coverageSchema":"1a1c01bbd47fc00a2c39e90264f33305004495a9","hash":"49d31b7ef0be17b15365bae994071a4ae1ccb56d"}
,"D:\\hactiv8\\Phase 3\\Project\\Mody-Project\\server\\models\\userwallet.js": {"path":"D:\\hactiv8\\Phase 3\\Project\\Mody-Project\\server\\models\\userwallet.js","statementMap":{"0":{"start":{"line":2,"column":18},"end":{"line":2,"column":38}},"1":{"start":{"line":3,"column":0},"end":{"line":55,"column":2}},"2":{"start":{"line":6,"column":3},"end":{"line":6,"column":67}},"3":{"start":{"line":7,"column":3},"end":{"line":7,"column":63}},"4":{"start":{"line":10,"column":1},"end":{"line":53,"column":3}},"5":{"start":{"line":54,"column":1},"end":{"line":54,"column":19}}},"fnMap":{"0":{"name":"(anonymous_0)","decl":{"start":{"line":3,"column":17},"end":{"line":3,"column":18}},"loc":{"start":{"line":3,"column":43},"end":{"line":55,"column":1}},"line":3},"1":{"name":"(anonymous_1)","decl":{"start":{"line":5,"column":2},"end":{"line":5,"column":3}},"loc":{"start":{"line":5,"column":27},"end":{"line":8,"column":3}},"line":5}},"branchMap":{},"s":{"0":6,"1":6,"2":6,"3":6,"4":6,"5":6},"f":{"0":6,"1":6},"b":{},"_coverageSchema":"1a1c01bbd47fc00a2c39e90264f33305004495a9","hash":"7c4e1c4b7a2214ea1df737ff83d8ee706f3d92c2"}
,"D:\\hactiv8\\Phase 3\\Project\\Mody-Project\\server\\models\\wallet.js": {"path":"D:\\hactiv8\\Phase 3\\Project\\Mody-Project\\server\\models\\wallet.js","statementMap":{"0":{"start":{"line":2,"column":18},"end":{"line":2,"column":38}},"1":{"start":{"line":3,"column":0},"end":{"line":37,"column":2}},"2":{"start":{"line":6,"column":3},"end":{"line":6,"column":66}},"3":{"start":{"line":7,"column":3},"end":{"line":7,"column":65}},"4":{"start":{"line":10,"column":1},"end":{"line":32,"column":3}},"5":{"start":{"line":33,"column":1},"end":{"line":35,"column":4}},"6":{"start":{"line":34,"column":2},"end":{"line":34,"column":21}},"7":{"start":{"line":36,"column":1},"end":{"line":36,"column":15}}},"fnMap":{"0":{"name":"(anonymous_0)","decl":{"start":{"line":3,"column":17},"end":{"line":3,"column":18}},"loc":{"start":{"line":3,"column":43},"end":{"line":37,"column":1}},"line":3},"1":{"name":"(anonymous_1)","decl":{"start":{"line":5,"column":2},"end":{"line":5,"column":3}},"loc":{"start":{"line":5,"column":27},"end":{"line":8,"column":3}},"line":5},"2":{"name":"(anonymous_2)","decl":{"start":{"line":33,"column":21},"end":{"line":33,"column":22}},"loc":{"start":{"line":33,"column":42},"end":{"line":35,"column":2}},"line":33}},"branchMap":{},"s":{"0":6,"1":6,"2":6,"3":6,"4":6,"5":6,"6":1,"7":6},"f":{"0":6,"1":6,"2":1},"b":{},"_coverageSchema":"1a1c01bbd47fc00a2c39e90264f33305004495a9","hash":"dae2712f86225c04fd1f3143d97efb1aa838b42e"}
,"D:\\hactiv8\\Phase 3\\Project\\Mody-Project\\server\\routes\\categories.js": {"path":"D:\\hactiv8\\Phase 3\\Project\\Mody-Project\\server\\routes\\categories.js","statementMap":{"0":{"start":{"line":1,"column":19},"end":{"line":1,"column":46}},"1":{"start":{"line":2,"column":27},"end":{"line":2,"column":61}},"2":{"start":{"line":4,"column":0},"end":{"line":4,"column":54}},"3":{"start":{"line":5,"column":0},"end":{"line":5,"column":53}},"4":{"start":{"line":6,"column":0},"end":{"line":6,"column":66}},"5":{"start":{"line":7,"column":0},"end":{"line":7,"column":69}},"6":{"start":{"line":9,"column":0},"end":{"line":9,"column":28}}},"fnMap":{},"branchMap":{},"s":{"0":6,"1":6,"2":6,"3":6,"4":6,"5":6,"6":6},"f":{},"b":{},"_coverageSchema":"1a1c01bbd47fc00a2c39e90264f33305004495a9","hash":"6a69167db10551fd7342ab627669de0b65e5cb6e"}
,"D:\\hactiv8\\Phase 3\\Project\\Mody-Project\\server\\routes\\index.js": {"path":"D:\\hactiv8\\Phase 3\\Project\\Mody-Project\\server\\routes\\index.js","statementMap":{"0":{"start":{"line":1,"column":16},"end":{"line":1,"column":34}},"1":{"start":{"line":2,"column":15},"end":{"line":2,"column":31}},"2":{"start":{"line":4,"column":14},"end":{"line":4,"column":32}},"3":{"start":{"line":5,"column":19},"end":{"line":5,"column":42}},"4":{"start":{"line":6,"column":16},"end":{"line":6,"column":36}},"5":{"start":{"line":7,"column":21},"end":{"line":7,"column":46}},"6":{"start":{"line":8,"column":20},"end":{"line":8,"column":44}},"7":{"start":{"line":9,"column":17},"end":{"line":9,"column":38}},"8":{"start":{"line":10,"column":27},"end":{"line":10,"column":67}},"9":{"start":{"line":12,"column":0},"end":{"line":12,"column":28}},"10":{"start":{"line":13,"column":0},"end":{"line":13,"column":27}},"11":{"start":{"line":14,"column":0},"end":{"line":14,"column":38}},"12":{"start":{"line":15,"column":0},"end":{"line":15,"column":32}},"13":{"start":{"line":16,"column":0},"end":{"line":16,"column":42}},"14":{"start":{"line":17,"column":0},"end":{"line":17,"column":40}},"15":{"start":{"line":18,"column":0},"end":{"line":18,"column":34}},"16":{"start":{"line":20,"column":0},"end":{"line":20,"column":24}}},"fnMap":{},"branchMap":{},"s":{"0":6,"1":6,"2":6,"3":6,"4":6,"5":6,"6":6,"7":6,"8":6,"9":6,"10":6,"11":6,"12":6,"13":6,"14":6,"15":6,"16":6},"f":{},"b":{},"_coverageSchema":"1a1c01bbd47fc00a2c39e90264f33305004495a9","hash":"01b9dfcb54445cffe5d50a33f24ae073221794c7"}
,"D:\\hactiv8\\Phase 3\\Project\\Mody-Project\\server\\routes\\profiles.js": {"path":"D:\\hactiv8\\Phase 3\\Project\\Mody-Project\\server\\routes\\profiles.js","statementMap":{"0":{"start":{"line":1,"column":17},"end":{"line":1,"column":44}},"1":{"start":{"line":2,"column":26},"end":{"line":2,"column":59}},"2":{"start":{"line":4,"column":0},"end":{"line":4,"column":50}},"3":{"start":{"line":5,"column":0},"end":{"line":5,"column":56}},"4":{"start":{"line":7,"column":0},"end":{"line":7,"column":25}}},"fnMap":{},"branchMap":{},"s":{"0":6,"1":6,"2":6,"3":6,"4":6},"f":{},"b":{},"_coverageSchema":"1a1c01bbd47fc00a2c39e90264f33305004495a9","hash":"2e1c3ecf067e853f1b40c64a4cbc90b992f27a9f"}
,"D:\\hactiv8\\Phase 3\\Project\\Mody-Project\\server\\routes\\transactions.js": {"path":"D:\\hactiv8\\Phase 3\\Project\\Mody-Project\\server\\routes\\transactions.js","statementMap":{"0":{"start":{"line":1,"column":31},"end":{"line":1,"column":68}},"1":{"start":{"line":2,"column":21},"end":{"line":2,"column":48}},"2":{"start":{"line":3,"column":66},"end":{"line":3,"column":105}},"3":{"start":{"line":6,"column":0},"end":{"line":6,"column":86}},"4":{"start":{"line":7,"column":0},"end":{"line":7,"column":90}},"5":{"start":{"line":8,"column":0},"end":{"line":8,"column":81}},"6":{"start":{"line":9,"column":0},"end":{"line":9,"column":111}},"7":{"start":{"line":10,"column":0},"end":{"line":10,"column":108}},"8":{"start":{"line":13,"column":0},"end":{"line":13,"column":30}}},"fnMap":{},"branchMap":{},"s":{"0":6,"1":6,"2":6,"3":6,"4":6,"5":6,"6":6,"7":6,"8":6},"f":{},"b":{},"_coverageSchema":"1a1c01bbd47fc00a2c39e90264f33305004495a9","hash":"7b735008364d4934df8d4357f66508b6f901605a"}
,"D:\\hactiv8\\Phase 3\\Project\\Mody-Project\\server\\routes\\userWallets.js": {"path":"D:\\hactiv8\\Phase 3\\Project\\Mody-Project\\server\\routes\\userWallets.js","statementMap":{"0":{"start":{"line":1,"column":16},"end":{"line":1,"column":34}},"1":{"start":{"line":2,"column":20},"end":{"line":2,"column":36}},"2":{"start":{"line":3,"column":29},"end":{"line":3,"column":65}},"3":{"start":{"line":5,"column":0},"end":{"line":5,"column":60}},"4":{"start":{"line":6,"column":0},"end":{"line":6,"column":61}},"5":{"start":{"line":7,"column":0},"end":{"line":7,"column":76}},"6":{"start":{"line":8,"column":0},"end":{"line":8,"column":73}},"7":{"start":{"line":10,"column":0},"end":{"line":10,"column":29}}},"fnMap":{},"branchMap":{},"s":{"0":6,"1":6,"2":6,"3":6,"4":6,"5":6,"6":6,"7":6},"f":{},"b":{},"_coverageSchema":"1a1c01bbd47fc00a2c39e90264f33305004495a9","hash":"ed31824b0aba0aefb4293dd65998439f263e8682"}
,"D:\\hactiv8\\Phase 3\\Project\\Mody-Project\\server\\routes\\users.js": {"path":"D:\\hactiv8\\Phase 3\\Project\\Mody-Project\\server\\routes\\users.js","statementMap":{"0":{"start":{"line":1,"column":16},"end":{"line":1,"column":34}},"1":{"start":{"line":2,"column":23},"end":{"line":2,"column":53}},"2":{"start":{"line":3,"column":14},"end":{"line":3,"column":30}},"3":{"start":{"line":4,"column":27},"end":{"line":4,"column":67}},"4":{"start":{"line":6,"column":0},"end":{"line":6,"column":49}},"5":{"start":{"line":7,"column":0},"end":{"line":7,"column":43}},"6":{"start":{"line":8,"column":0},"end":{"line":8,"column":26}},"7":{"start":{"line":9,"column":0},"end":{"line":9,"column":43}},"8":{"start":{"line":10,"column":0},"end":{"line":10,"column":47}},"9":{"start":{"line":12,"column":0},"end":{"line":12,"column":23}}},"fnMap":{},"branchMap":{},"s":{"0":6,"1":6,"2":6,"3":6,"4":6,"5":6,"6":6,"7":6,"8":6,"9":6},"f":{},"b":{},"_coverageSchema":"1a1c01bbd47fc00a2c39e90264f33305004495a9","hash":"a8ced8117f3a4f6bbbb7470c52e4e94e52d400e0"}
,"D:\\hactiv8\\Phase 3\\Project\\Mody-Project\\server\\routes\\wallets.js": {"path":"D:\\hactiv8\\Phase 3\\Project\\Mody-Project\\server\\routes\\wallets.js","statementMap":{"0":{"start":{"line":1,"column":16},"end":{"line":1,"column":34}},"1":{"start":{"line":2,"column":16},"end":{"line":2,"column":32}},"2":{"start":{"line":3,"column":25},"end":{"line":3,"column":57}},"3":{"start":{"line":4,"column":32},"end":{"line":4,"column":71}},"4":{"start":{"line":6,"column":0},"end":{"line":6,"column":48}},"5":{"start":{"line":7,"column":0},"end":{"line":7,"column":60}},"6":{"start":{"line":8,"column":0},"end":{"line":8,"column":49}},"7":{"start":{"line":9,"column":0},"end":{"line":9,"column":81}},"8":{"start":{"line":10,"column":0},"end":{"line":10,"column":57}},"9":{"start":{"line":12,"column":0},"end":{"line":12,"column":25}}},"fnMap":{},"branchMap":{},"s":{"0":6,"1":6,"2":6,"3":6,"4":6,"5":6,"6":6,"7":6,"8":6,"9":6},"f":{},"b":{},"_coverageSchema":"1a1c01bbd47fc00a2c39e90264f33305004495a9","hash":"40313e131f8d494e60138e4cbdda23cd64b8cfd1"}
}
