TN:
SF:app.js
FNF:0
FNH:0
DA:1,6
DA:2,6
DA:5,6
DA:6,6
DA:7,6
DA:9,6
DA:10,6
DA:12,6
DA:13,6
DA:14,6
DA:16,6
DA:17,6
DA:19,6
LF:13
LH:13
BRDA:1,0,0,6
BRDA:1,0,1,0
BRF:2
BRH:1
end_of_record
TN:
SF:controllers\category.js
FN:4,(anonymous_0)
FN:17,(anonymous_1)
FN:29,(anonymous_2)
FN:47,(anonymous_3)
FNF:4
FNH:4
FNDA:1,(anonymous_0)
FNDA:3,(anonymous_1)
FNDA:4,(anonymous_2)
FNDA:2,(anonymous_3)
DA:1,6
DA:5,1
DA:6,1
DA:11,1
DA:13,0
DA:18,3
DA:19,3
DA:20,3
DA:21,1
DA:25,2
DA:30,4
DA:31,4
DA:32,4
DA:34,4
DA:36,2
DA:37,1
DA:39,1
DA:43,3
DA:48,2
DA:49,2
DA:51,2
DA:52,2
DA:53,1
DA:55,1
DA:59,1
DA:64,6
LF:26
LH:25
BRDA:36,0,0,1
BRDA:36,0,1,1
BRDA:52,1,0,1
BRDA:52,1,1,1
BRF:4
BRH:4
end_of_record
TN:
SF:controllers\profile.js
FN:4,(anonymous_0)
FN:19,(anonymous_1)
FNF:2
FNH:2
FNDA:1,(anonymous_0)
FNDA:1,(anonymous_1)
DA:1,6
DA:5,1
DA:6,1
DA:11,1
DA:12,1
DA:15,0
DA:20,1
DA:21,1
DA:23,1
DA:36,1
DA:38,0
DA:43,6
LF:12
LH:10
BRDA:11,0,0,1
BRDA:11,0,1,0
BRDA:36,1,0,1
BRDA:36,1,1,0
BRF:4
BRH:2
end_of_record
TN:
SF:controllers\transaction.js
FN:5,(anonymous_0)
FN:105,(anonymous_1)
FN:160,(anonymous_2)
FN:221,(anonymous_3)
FN:255,(anonymous_4)
FNF:5
FNH:4
FNDA:4,(anonymous_0)
FNDA:1,(anonymous_1)
FNDA:2,(anonymous_2)
FNDA:1,(anonymous_3)
FNDA:0,(anonymous_4)
DA:1,6
DA:2,6
DA:6,4
DA:7,4
DA:8,4
DA:9,4
DA:11,4
DA:13,4
DA:15,4
DA:16,0
DA:18,4
DA:19,4
DA:21,4
DA:22,4
DA:33,0
DA:34,0
DA:47,4
DA:64,1
DA:66,1
DA:68,1
DA:69,1
DA:80,0
DA:81,0
DA:94,1
DA:96,1
DA:100,3
DA:101,3
DA:106,1
DA:107,1
DA:108,1
DA:109,1
DA:110,1
DA:111,1
DA:113,1
DA:114,0
DA:117,1
DA:118,1
DA:129,0
DA:130,0
DA:143,1
DA:150,1
DA:151,1
DA:155,0
DA:156,0
DA:161,2
DA:162,2
DA:163,2
DA:165,2
DA:180,1
DA:182,1
DA:184,1
DA:185,1
DA:196,0
DA:197,0
DA:210,1
DA:211,1
DA:216,1
DA:217,1
DA:222,1
DA:223,1
DA:224,1
DA:225,1
DA:237,1
DA:238,0
DA:245,1
DA:246,1
DA:247,0
DA:249,1
DA:251,0
DA:256,0
DA:257,0
DA:259,0
DA:260,0
DA:263,0
DA:279,0
DA:280,0
DA:282,0
DA:284,0
DA:289,6
LF:79
LH:55
BRDA:15,0,0,0
BRDA:15,0,1,4
BRDA:21,1,0,4
BRDA:21,1,1,0
BRDA:33,2,0,0
BRDA:33,2,1,0
BRDA:68,3,0,1
BRDA:68,3,1,0
BRDA:80,4,0,0
BRDA:80,4,1,0
BRDA:113,5,0,0
BRDA:113,5,1,1
BRDA:117,6,0,1
BRDA:117,6,1,0
BRDA:129,7,0,0
BRDA:129,7,1,0
BRDA:184,8,0,1
BRDA:184,8,1,0
BRDA:196,9,0,0
BRDA:196,9,1,0
BRDA:237,10,0,0
BRDA:237,10,1,1
BRDA:246,11,0,0
BRDA:246,11,1,1
BRDA:259,12,0,0
BRDA:259,12,1,0
BRDA:279,13,0,0
BRDA:279,13,1,0
BRF:28
BRH:8
end_of_record
TN:
SF:controllers\user.js
FN:6,(anonymous_0)
FN:29,(anonymous_1)
FN:43,(anonymous_2)
FN:60,(anonymous_3)
FNF:4
FNH:4
FNDA:9,(anonymous_0)
FNDA:1,(anonymous_1)
FNDA:1,(anonymous_2)
FNDA:12,(anonymous_3)
DA:1,6
DA:2,6
DA:3,6
DA:7,9
DA:8,9
DA:9,9
DA:14,9
DA:16,1
DA:20,1
DA:25,8
DA:30,1
DA:31,1
DA:37,1
DA:39,0
DA:44,1
DA:45,1
DA:46,1
DA:51,1
DA:52,0
DA:54,1
DA:56,0
DA:61,12
DA:62,12
DA:63,12
DA:65,12
DA:66,2
DA:68,10
DA:74,10
DA:75,8
DA:77,8
DA:78,1
DA:81,7
DA:84,7
DA:85,7
DA:89,2
DA:92,5
DA:95,0
DA:100,6
LF:38
LH:34
BRDA:51,0,0,0
BRDA:51,0,1,1
BRDA:65,1,0,2
BRDA:65,1,1,10
BRDA:65,2,0,12
BRDA:65,2,1,11
BRDA:74,3,0,8
BRDA:74,3,1,2
BRDA:77,4,0,1
BRDA:77,4,1,7
BRF:10
BRH:9
end_of_record
TN:
SF:controllers\userWallet.js
FN:4,(anonymous_0)
FN:22,(anonymous_1)
FN:38,(anonymous_2)
FN:62,(anonymous_3)
FNF:4
FNH:4
FNDA:1,(anonymous_0)
FNDA:5,(anonymous_1)
FNDA:3,(anonymous_2)
FNDA:4,(anonymous_3)
DA:1,6
DA:5,1
DA:6,1
DA:7,1
DA:16,1
DA:18,0
DA:23,5
DA:24,5
DA:26,5
DA:32,1
DA:34,4
DA:39,3
DA:40,3
DA:41,3
DA:42,1
DA:45,2
DA:46,2
DA:47,1
DA:50,1
DA:56,1
DA:58,2
DA:63,4
DA:64,4
DA:65,4
DA:66,4
DA:67,0
DA:70,4
DA:71,1
DA:74,3
DA:75,1
DA:78,2
DA:79,2
DA:80,1
DA:83,1
DA:95,1
DA:97,3
DA:102,6
LF:37
LH:35
BRDA:41,0,0,1
BRDA:41,0,1,2
BRDA:46,1,0,1
BRDA:46,1,1,1
BRDA:66,2,0,0
BRDA:66,2,1,4
BRDA:70,3,0,1
BRDA:70,3,1,3
BRDA:74,4,0,1
BRDA:74,4,1,2
BRDA:79,5,0,1
BRDA:79,5,1,1
BRF:12
BRH:11
end_of_record
TN:
SF:controllers\wallet.js
FN:4,(anonymous_0)
FN:34,(anonymous_1)
FN:78,(anonymous_2)
FN:99,(anonymous_3)
FN:115,(anonymous_4)
FNF:5
FNH:5
FNDA:1,(anonymous_0)
FNDA:3,(anonymous_1)
FNDA:3,(anonymous_2)
FNDA:1,(anonymous_3)
FNDA:3,(anonymous_4)
DA:1,6
DA:5,1
DA:6,1
DA:8,1
DA:28,1
DA:30,0
DA:35,3
DA:36,3
DA:38,3
DA:39,1
DA:42,2
DA:68,2
DA:69,1
DA:72,1
DA:74,2
DA:79,3
DA:80,3
DA:81,3
DA:83,3
DA:87,1
DA:93,1
DA:95,2
DA:100,1
DA:101,1
DA:103,1
DA:109,1
DA:111,0
DA:116,3
DA:117,3
DA:118,3
DA:119,3
DA:121,3
DA:122,2
DA:125,1
DA:133,1
DA:134,1
DA:136,0
DA:139,2
DA:144,6
LF:39
LH:36
BRDA:38,0,0,1
BRDA:38,0,1,2
BRDA:68,1,0,1
BRDA:68,1,1,1
BRDA:119,2,0,0
BRDA:119,2,1,3
BRDA:121,3,0,2
BRDA:121,3,1,1
BRDA:133,4,0,1
BRDA:133,4,1,0
BRF:10
BRH:8
end_of_record
TN:
SF:helpers\bcrypt.js
FN:3,(anonymous_0)
FN:7,(anonymous_1)
FNF:2
FNH:2
FNDA:20,(anonymous_0)
FNDA:8,(anonymous_1)
DA:1,6
DA:3,6
DA:4,20
DA:7,6
DA:8,8
DA:11,6
LF:6
LH:6
BRF:0
BRH:0
end_of_record
TN:
SF:helpers\jwt.js
FN:5,(anonymous_0)
FN:9,(anonymous_1)
FNF:2
FNH:2
FNDA:7,(anonymous_0)
FNDA:55,(anonymous_1)
DA:1,6
DA:3,6
DA:5,6
DA:6,7
DA:9,6
DA:10,55
DA:13,6
LF:7
LH:7
BRF:0
BRH:0
end_of_record
TN:
SF:middlewares\authentication.js
FN:3,(anonymous_0)
FNF:1
FNH:1
FNDA:63,(anonymous_0)
DA:1,6
DA:2,6
DA:3,6
DA:4,63
DA:5,63
DA:7,63
DA:8,8
DA:10,55
DA:11,54
DA:12,54
DA:14,54
DA:15,0
DA:18,54
DA:21,54
DA:23,9
DA:27,6
LF:16
LH:15
BRDA:7,0,0,8
BRDA:7,0,1,55
BRDA:14,1,0,0
BRDA:14,1,1,54
BRF:4
BRH:3
end_of_record
TN:
SF:middlewares\authorization.js
FN:2,authorizationTransactionRole
FN:29,readOrCreateTransaction
FN:51,deleteAuthorization
FNF:3
FNH:3
FNDA:9,authorizationTransactionRole
FNDA:3,readOrCreateTransaction
FNDA:5,deleteAuthorization
DA:1,6
DA:3,9
DA:4,9
DA:5,9
DA:7,9
DA:8,2
DA:11,7
DA:17,7
DA:18,0
DA:19,7
DA:20,5
DA:22,2
DA:25,4
DA:30,3
DA:31,3
DA:32,3
DA:33,3
DA:34,0
DA:36,3
DA:42,3
DA:43,0
DA:45,3
DA:47,0
DA:52,5
DA:53,5
DA:54,5
DA:56,4
DA:58,4
DA:59,2
DA:62,2
DA:69,2
DA:70,0
DA:71,2
DA:72,1
DA:74,1
DA:76,4
DA:80,6
LF:37
LH:32
BRDA:7,0,0,2
BRDA:7,0,1,7
BRDA:17,1,0,0
BRDA:17,1,1,7
BRDA:19,2,0,5
BRDA:19,2,1,2
BRDA:19,3,0,7
BRDA:19,3,1,2
BRDA:33,4,0,0
BRDA:33,4,1,3
BRDA:42,5,0,0
BRDA:42,5,1,3
BRDA:54,6,0,1
BRDA:54,6,1,4
BRDA:58,7,0,2
BRDA:58,7,1,2
BRDA:69,8,0,0
BRDA:69,8,1,2
BRDA:71,9,0,1
BRDA:71,9,1,1
BRF:20
BRH:16
end_of_record
TN:
SF:middlewares\errorHandler.js
FN:1,errorHandler
FN:7,(anonymous_1)
FNF:2
FNH:2
FNDA:55,errorHandler
FNDA:26,(anonymous_1)
DA:2,55
DA:3,55
DA:7,21
DA:8,26
DA:10,21
DA:12,55
DA:13,5
DA:14,50
DA:15,4
DA:16,46
DA:17,3
DA:18,43
DA:19,0
DA:20,43
DA:21,9
DA:22,34
DA:23,3
DA:24,31
DA:25,5
DA:26,26
DA:27,2
DA:28,24
DA:29,0
DA:30,24
DA:31,2
DA:32,22
DA:33,1
DA:34,21
DA:35,0
DA:37,21
DA:41,6
LF:31
LH:28
BRDA:3,0,0,21
BRDA:3,0,1,34
BRDA:4,1,0,55
BRDA:4,1,1,35
BRDA:12,2,0,5
BRDA:12,2,1,50
BRDA:14,3,0,4
BRDA:14,3,1,46
BRDA:16,4,0,3
BRDA:16,4,1,43
BRDA:18,5,0,0
BRDA:18,5,1,43
BRDA:20,6,0,9
BRDA:20,6,1,34
BRDA:20,7,0,43
BRDA:20,7,1,35
BRDA:22,8,0,3
BRDA:22,8,1,31
BRDA:24,9,0,5
BRDA:24,9,1,26
BRDA:26,10,0,2
BRDA:26,10,1,24
BRDA:28,11,0,0
BRDA:28,11,1,24
BRDA:30,12,0,2
BRDA:30,12,1,22
BRDA:32,13,0,1
BRDA:32,13,1,21
BRDA:34,14,0,0
BRDA:34,14,1,21
BRF:30
BRH:27
end_of_record
TN:
SF:models\category.js
FN:3,(anonymous_0)
FN:5,(anonymous_1)
FNF:2
FNH:2
FNDA:6,(anonymous_0)
FNDA:6,(anonymous_1)
DA:2,6
DA:3,6
DA:6,6
DA:9,6
DA:41,6
LF:5
LH:5
BRF:0
BRH:0
end_of_record
TN:
SF:models\index.js
FN:20,(anonymous_0)
FN:23,(anonymous_1)
FN:28,(anonymous_2)
FNF:3
FNH:3
FNDA:42,(anonymous_0)
FNDA:36,(anonymous_1)
FNDA:36,(anonymous_2)
DA:3,6
DA:4,6
DA:5,6
DA:6,6
DA:7,6
DA:8,6
DA:9,6
DA:12,6
DA:13,0
DA:15,6
DA:18,6
DA:21,42
DA:24,36
DA:25,36
DA:28,6
DA:29,36
DA:30,36
DA:34,6
DA:35,6
DA:37,6
LF:20
LH:19
BRDA:7,0,0,6
BRDA:7,0,1,0
BRDA:12,1,0,0
BRDA:12,1,1,6
BRDA:21,2,0,42
BRDA:21,2,1,42
BRDA:21,2,2,36
BRDA:29,3,0,36
BRDA:29,3,1,0
BRF:9
BRH:6
end_of_record
TN:
SF:models\profile.js
FN:3,(anonymous_0)
FN:5,(anonymous_1)
FNF:2
FNH:2
FNDA:6,(anonymous_0)
FNDA:6,(anonymous_1)
DA:2,6
DA:3,6
DA:6,6
DA:9,6
DA:33,6
LF:5
LH:5
BRF:0
BRH:0
end_of_record
TN:
SF:models\transaction.js
FN:3,(anonymous_0)
FN:10,(anonymous_1)
FNF:2
FNH:2
FNDA:6,(anonymous_0)
FNDA:6,(anonymous_1)
DA:2,6
DA:3,6
DA:11,6
DA:12,6
DA:13,6
DA:16,6
DA:106,6
LF:7
LH:7
BRF:0
BRH:0
end_of_record
TN:
SF:models\user.js
FN:4,(anonymous_0)
FN:6,(anonymous_1)
FN:65,(anonymous_2)
FN:68,(anonymous_3)
FNF:4
FNH:4
FNDA:6,(anonymous_0)
FNDA:6,(anonymous_1)
FNDA:2,(anonymous_2)
FNDA:1,(anonymous_3)
DA:2,6
DA:3,6
DA:4,6
DA:7,6
DA:8,6
DA:9,6
DA:12,6
DA:66,2
DA:69,1
DA:74,6
LF:10
LH:10
BRF:0
BRH:0
end_of_record
TN:
SF:models\userwallet.js
FN:3,(anonymous_0)
FN:5,(anonymous_1)
FNF:2
FNH:2
FNDA:6,(anonymous_0)
FNDA:6,(anonymous_1)
DA:2,6
DA:3,6
DA:6,6
DA:7,6
DA:10,6
DA:54,6
LF:6
LH:6
BRF:0
BRH:0
end_of_record
TN:
SF:models\wallet.js
FN:3,(anonymous_0)
FN:5,(anonymous_1)
FN:33,(anonymous_2)
FNF:3
FNH:3
FNDA:6,(anonymous_0)
FNDA:6,(anonymous_1)
FNDA:1,(anonymous_2)
DA:2,6
DA:3,6
DA:6,6
DA:7,6
DA:10,6
DA:33,6
DA:34,1
DA:36,6
LF:8
LH:8
BRF:0
BRH:0
end_of_record
TN:
SF:routes\categories.js
FNF:0
FNH:0
DA:1,6
DA:2,6
DA:4,6
DA:5,6
DA:6,6
DA:7,6
DA:9,6
LF:7
LH:7
BRF:0
BRH:0
end_of_record
TN:
SF:routes\index.js
FNF:0
FNH:0
DA:1,6
DA:2,6
DA:4,6
DA:5,6
DA:6,6
DA:7,6
DA:8,6
DA:9,6
DA:10,6
DA:12,6
DA:13,6
DA:14,6
DA:15,6
DA:16,6
DA:17,6
DA:18,6
DA:20,6
LF:17
LH:17
BRF:0
BRH:0
end_of_record
TN:
SF:routes\profiles.js
FNF:0
FNH:0
DA:1,6
DA:2,6
DA:4,6
DA:5,6
DA:7,6
LF:5
LH:5
BRF:0
BRH:0
end_of_record
TN:
SF:routes\transactions.js
FNF:0
FNH:0
DA:1,6
DA:2,6
DA:3,6
DA:6,6
DA:7,6
DA:8,6
DA:9,6
DA:10,6
DA:13,6
LF:9
LH:9
BRF:0
BRH:0
end_of_record
TN:
SF:routes\userWallets.js
FNF:0
FNH:0
DA:1,6
DA:2,6
DA:3,6
DA:5,6
DA:6,6
DA:7,6
DA:8,6
DA:10,6
LF:8
LH:8
BRF:0
BRH:0
end_of_record
TN:
SF:routes\users.js
FNF:0
FNH:0
DA:1,6
DA:2,6
DA:3,6
DA:4,6
DA:6,6
DA:7,6
DA:8,6
DA:9,6
DA:10,6
DA:12,6
LF:10
LH:10
BRF:0
BRH:0
end_of_record
TN:
SF:routes\wallets.js
FNF:0
FNH:0
DA:1,6
DA:2,6
DA:3,6
DA:4,6
DA:6,6
DA:7,6
DA:8,6
DA:9,6
DA:10,6
DA:12,6
LF:10
LH:10
BRF:0
BRH:0
end_of_record
