TN:
SF:app.js
FNF:0
FNH:0
DA:1,6
DA:2,6
DA:5,6
DA:6,6
DA:7,6
DA:9,6
DA:10,6
DA:12,6
DA:13,6
DA:14,6
DA:16,6
DA:17,6
DA:19,6
LF:13
LH:13
BRDA:1,0,0,6
BRDA:1,0,1,0
BRF:2
BRH:1
end_of_record
TN:
SF:controllers\category.js
FN:4,(anonymous_0)
FN:17,(anonymous_1)
FN:29,(anonymous_2)
FN:47,(anonymous_3)
FNF:4
FNH:4
FNDA:1,(anonymous_0)
FNDA:3,(anonymous_1)
FNDA:4,(anonymous_2)
FNDA:2,(anonymous_3)
DA:1,6
DA:5,1
DA:6,1
DA:11,1
DA:13,0
DA:18,3
DA:19,3
DA:20,3
DA:21,1
DA:25,2
DA:30,4
DA:31,4
DA:32,4
DA:34,4
DA:36,2
DA:37,1
DA:39,1
DA:43,3
DA:48,2
DA:49,2
DA:51,2
DA:52,2
DA:53,1
DA:55,1
DA:59,1
DA:64,6
LF:26
LH:25
BRDA:36,0,0,1
BRDA:36,0,1,1
BRDA:52,1,0,1
BRDA:52,1,1,1
BRF:4
BRH:4
end_of_record
TN:
SF:controllers\profile.js
FN:4,(anonymous_0)
FN:19,(anonymous_1)
FNF:2
FNH:2
FNDA:1,(anonymous_0)
FNDA:1,(anonymous_1)
DA:1,6
DA:5,1
DA:6,1
DA:11,1
DA:12,1
DA:15,0
DA:20,1
DA:21,1
DA:23,1
DA:36,1
DA:38,0
DA:43,6
LF:12
LH:10
BRDA:11,0,0,1
BRDA:11,0,1,0
BRDA:36,1,0,1
BRDA:36,1,1,0
BRF:4
BRH:2
end_of_record
TN:
SF:controllers\transaction.js
FN:5,(anonymous_0)
FN:101,(anonymous_1)
FN:151,(anonymous_2)
FN:212,(anonymous_3)
FN:243,(anonymous_4)
FNF:5
FNH:5
FNDA:7,(anonymous_0)
FNDA:3,(anonymous_1)
FNDA:3,(anonymous_2)
FNDA:3,(anonymous_3)
FNDA:1,(anonymous_4)
DA:1,6
DA:2,6
DA:6,7
DA:7,7
DA:8,7
DA:10,7
DA:12,7
DA:14,7
DA:15,7
DA:17,7
DA:18,2
DA:29,5
DA:30,5
DA:43,7
DA:60,4
DA:62,4
DA:63,4
DA:64,4
DA:65,1
DA:76,3
DA:77,3
DA:90,4
DA:92,4
DA:96,3
DA:97,3
DA:102,3
DA:103,3
DA:104,3
DA:105,3
DA:106,3
DA:107,3
DA:109,3
DA:110,1
DA:121,2
DA:122,2
DA:134,3
DA:141,3
DA:142,3
DA:146,0
DA:147,0
DA:152,3
DA:153,3
DA:154,3
DA:156,3
DA:171,2
DA:173,2
DA:175,2
DA:176,1
DA:187,1
DA:188,1
DA:201,2
DA:202,2
DA:207,1
DA:208,1
DA:213,3
DA:214,3
DA:215,3
DA:216,3
DA:228,3
DA:229,1
DA:236,3
DA:237,3
DA:239,0
DA:244,1
DA:245,1
DA:247,1
DA:263,1
DA:265,0
DA:270,6
LF:69
LH:65
BRDA:17,0,0,2
BRDA:17,0,1,5
BRDA:29,1,0,5
BRDA:29,1,1,0
BRDA:64,2,0,1
BRDA:64,2,1,3
BRDA:76,3,0,3
BRDA:76,3,1,0
BRDA:109,4,0,1
BRDA:109,4,1,2
BRDA:121,5,0,2
BRDA:121,5,1,0
BRDA:175,6,0,1
BRDA:175,6,1,1
BRDA:187,7,0,1
BRDA:187,7,1,0
BRDA:228,8,0,1
BRDA:228,8,1,2
BRF:18
BRH:14
end_of_record
TN:
SF:controllers\user.js
FN:6,(anonymous_0)
FN:29,(anonymous_1)
FN:43,(anonymous_2)
FN:60,(anonymous_3)
FN:99,(anonymous_4)
FNF:5
FNH:4
FNDA:9,(anonymous_0)
FNDA:1,(anonymous_1)
FNDA:1,(anonymous_2)
FNDA:21,(anonymous_3)
FNDA:0,(anonymous_4)
DA:1,6
DA:2,6
DA:3,6
DA:7,9
DA:8,9
DA:9,9
DA:14,9
DA:16,1
DA:20,1
DA:25,8
DA:30,1
DA:31,1
DA:37,1
DA:39,0
DA:44,1
DA:45,1
DA:46,1
DA:51,1
DA:52,0
DA:54,1
DA:56,0
DA:61,21
DA:62,21
DA:63,21
DA:65,21
DA:66,2
DA:68,19
DA:74,19
DA:75,17
DA:77,17
DA:78,1
DA:81,16
DA:84,16
DA:85,16
DA:89,2
DA:92,5
DA:95,0
DA:100,0
DA:101,0
DA:102,0
DA:103,0
DA:107,0
DA:109,0
DA:121,0
DA:125,0
DA:134,0
DA:139,6
LF:47
LH:34
BRDA:51,0,0,0
BRDA:51,0,1,1
BRDA:65,1,0,2
BRDA:65,1,1,19
BRDA:65,2,0,21
BRDA:65,2,1,20
BRDA:74,3,0,17
BRDA:74,3,1,2
BRDA:77,4,0,1
BRDA:77,4,1,16
BRF:10
BRH:9
end_of_record
TN:
SF:controllers\userWallet.js
FN:4,(anonymous_0)
FN:22,(anonymous_1)
FN:38,(anonymous_2)
FN:62,(anonymous_3)
FNF:4
FNH:4
FNDA:1,(anonymous_0)
FNDA:5,(anonymous_1)
FNDA:3,(anonymous_2)
FNDA:4,(anonymous_3)
DA:1,6
DA:5,1
DA:6,1
DA:7,1
DA:16,1
DA:18,0
DA:23,5
DA:24,5
DA:26,5
DA:32,1
DA:34,4
DA:39,3
DA:40,3
DA:41,3
DA:42,1
DA:45,2
DA:46,2
DA:47,1
DA:50,1
DA:56,1
DA:58,2
DA:63,4
DA:64,4
DA:65,4
DA:66,4
DA:67,0
DA:70,4
DA:71,1
DA:74,3
DA:75,1
DA:78,2
DA:79,2
DA:80,1
DA:83,1
DA:95,1
DA:97,3
DA:102,6
LF:37
LH:35
BRDA:41,0,0,1
BRDA:41,0,1,2
BRDA:46,1,0,1
BRDA:46,1,1,1
BRDA:66,2,0,0
BRDA:66,2,1,4
BRDA:70,3,0,1
BRDA:70,3,1,3
BRDA:74,4,0,1
BRDA:74,4,1,2
BRDA:79,5,0,1
BRDA:79,5,1,1
BRF:12
BRH:11
end_of_record
TN:
SF:controllers\wallet.js
FN:4,(anonymous_0)
FN:34,(anonymous_1)
FN:78,(anonymous_2)
FN:99,(anonymous_3)
FN:115,(anonymous_4)
FNF:5
FNH:5
FNDA:1,(anonymous_0)
FNDA:3,(anonymous_1)
FNDA:4,(anonymous_2)
FNDA:1,(anonymous_3)
FNDA:3,(anonymous_4)
DA:1,6
DA:5,1
DA:6,1
DA:8,1
DA:28,1
DA:30,0
DA:35,3
DA:36,3
DA:38,3
DA:39,1
DA:42,2
DA:68,2
DA:69,1
DA:72,1
DA:74,2
DA:79,4
DA:80,4
DA:81,4
DA:83,4
DA:87,2
DA:93,2
DA:95,2
DA:100,1
DA:101,1
DA:103,1
DA:109,1
DA:111,0
DA:116,3
DA:117,3
DA:118,3
DA:119,3
DA:121,3
DA:122,2
DA:125,1
DA:133,1
DA:134,1
DA:136,0
DA:139,2
DA:144,6
LF:39
LH:36
BRDA:38,0,0,1
BRDA:38,0,1,2
BRDA:68,1,0,1
BRDA:68,1,1,1
BRDA:119,2,0,0
BRDA:119,2,1,3
BRDA:121,3,0,2
BRDA:121,3,1,1
BRDA:133,4,0,1
BRDA:133,4,1,0
BRF:10
BRH:8
end_of_record
TN:
SF:helpers\bcrypt.js
FN:3,(anonymous_0)
FN:7,(anonymous_1)
FNF:2
FNH:2
FNDA:20,(anonymous_0)
FNDA:17,(anonymous_1)
DA:1,6
DA:3,6
DA:4,20
DA:7,6
DA:8,17
DA:11,6
LF:6
LH:6
BRF:0
BRH:0
end_of_record
TN:
SF:helpers\jwt.js
FN:4,(anonymous_0)
FN:8,(anonymous_1)
FNF:2
FNH:2
FNDA:16,(anonymous_0)
FNDA:72,(anonymous_1)
DA:1,6
DA:2,6
DA:4,6
DA:5,16
DA:8,6
DA:9,72
DA:12,6
LF:7
LH:7
BRF:0
BRH:0
end_of_record
TN:
SF:middlewares\authentication.js
FN:4,(anonymous_0)
FNF:1
FNH:1
FNDA:81,(anonymous_0)
DA:1,6
DA:2,6
DA:4,6
DA:5,81
DA:6,81
DA:8,81
DA:9,9
DA:11,72
DA:12,70
DA:13,70
DA:15,70
DA:16,0
DA:19,70
DA:22,70
DA:24,11
DA:29,6
LF:16
LH:15
BRDA:8,0,0,9
BRDA:8,0,1,72
BRDA:15,1,0,0
BRDA:15,1,1,70
BRF:4
BRH:3
end_of_record
TN:
SF:middlewares\authorization.js
FN:2,authorizationTransactionRole
FN:33,readOrCreateTransaction
FN:55,deleteAuthorization
FNF:3
FNH:3
FNDA:21,authorizationTransactionRole
FNDA:7,readOrCreateTransaction
FNDA:4,deleteAuthorization
DA:1,6
DA:3,21
DA:4,21
DA:6,21
DA:7,3
DA:10,18
DA:11,18
DA:12,3
DA:15,15
DA:21,15
DA:22,1
DA:23,14
DA:24,11
DA:26,3
DA:29,10
DA:34,7
DA:35,7
DA:36,7
DA:37,7
DA:38,1
DA:40,6
DA:46,6
DA:47,0
DA:49,6
DA:51,1
DA:56,4
DA:57,4
DA:58,4
DA:60,3
DA:62,3
DA:63,1
DA:66,2
DA:73,2
DA:74,0
DA:75,2
DA:76,1
DA:78,1
DA:80,3
DA:84,6
LF:39
LH:37
BRDA:6,0,0,3
BRDA:6,0,1,18
BRDA:11,1,0,3
BRDA:11,1,1,15
BRDA:21,2,0,1
BRDA:21,2,1,14
BRDA:23,3,0,11
BRDA:23,3,1,3
BRDA:23,4,0,14
BRDA:23,4,1,5
BRDA:37,5,0,1
BRDA:37,5,1,6
BRDA:46,6,0,0
BRDA:46,6,1,6
BRDA:58,7,0,1
BRDA:58,7,1,3
BRDA:62,8,0,1
BRDA:62,8,1,2
BRDA:73,9,0,0
BRDA:73,9,1,2
BRDA:75,10,0,1
BRDA:75,10,1,1
BRF:22
BRH:20
end_of_record
TN:
SF:middlewares\errorHandler.js
FN:1,errorHandler
FN:7,(anonymous_1)
FNF:2
FNH:2
FNDA:63,errorHandler
FNDA:26,(anonymous_1)
DA:2,63
DA:3,63
DA:7,21
DA:8,26
DA:10,21
DA:12,63
DA:13,5
DA:14,58
DA:15,7
DA:16,51
DA:17,3
DA:18,48
DA:19,0
DA:20,48
DA:21,11
DA:22,37
DA:23,5
DA:24,32
DA:25,5
DA:26,27
DA:27,3
DA:28,24
DA:29,0
DA:30,24
DA:31,2
DA:32,22
DA:33,1
DA:34,21
DA:35,0
DA:37,21
DA:41,6
LF:31
LH:28
BRDA:3,0,0,21
BRDA:3,0,1,42
BRDA:4,1,0,63
BRDA:4,1,1,43
BRDA:12,2,0,5
BRDA:12,2,1,58
BRDA:14,3,0,7
BRDA:14,3,1,51
BRDA:16,4,0,3
BRDA:16,4,1,48
BRDA:18,5,0,0
BRDA:18,5,1,48
BRDA:20,6,0,11
BRDA:20,6,1,37
BRDA:20,7,0,48
BRDA:20,7,1,39
BRDA:22,8,0,5
BRDA:22,8,1,32
BRDA:24,9,0,5
BRDA:24,9,1,27
BRDA:26,10,0,3
BRDA:26,10,1,24
BRDA:28,11,0,0
BRDA:28,11,1,24
BRDA:30,12,0,2
BRDA:30,12,1,22
BRDA:32,13,0,1
BRDA:32,13,1,21
BRDA:34,14,0,0
BRDA:34,14,1,21
BRF:30
BRH:27
end_of_record
TN:
SF:models\category.js
FN:3,(anonymous_0)
FN:5,(anonymous_1)
FNF:2
FNH:2
FNDA:6,(anonymous_0)
FNDA:6,(anonymous_1)
DA:2,6
DA:3,6
DA:6,6
DA:9,6
DA:41,6
LF:5
LH:5
BRF:0
BRH:0
end_of_record
TN:
SF:models\index.js
FN:20,(anonymous_0)
FN:23,(anonymous_1)
FN:28,(anonymous_2)
FNF:3
FNH:3
FNDA:42,(anonymous_0)
FNDA:36,(anonymous_1)
FNDA:36,(anonymous_2)
DA:3,6
DA:4,6
DA:5,6
DA:6,6
DA:7,6
DA:8,6
DA:9,6
DA:12,6
DA:13,0
DA:15,6
DA:18,6
DA:21,42
DA:24,36
DA:25,36
DA:28,6
DA:29,36
DA:30,36
DA:34,6
DA:35,6
DA:37,6
LF:20
LH:19
BRDA:7,0,0,6
BRDA:7,0,1,0
BRDA:12,1,0,0
BRDA:12,1,1,6
BRDA:21,2,0,42
BRDA:21,2,1,42
BRDA:21,2,2,36
BRDA:29,3,0,36
BRDA:29,3,1,0
BRF:9
BRH:6
end_of_record
TN:
SF:models\profile.js
FN:3,(anonymous_0)
FN:5,(anonymous_1)
FNF:2
FNH:2
FNDA:6,(anonymous_0)
FNDA:6,(anonymous_1)
DA:2,6
DA:3,6
DA:6,6
DA:9,6
DA:33,6
LF:5
LH:5
BRF:0
BRH:0
end_of_record
TN:
SF:models\transaction.js
FN:3,(anonymous_0)
FN:10,(anonymous_1)
FNF:2
FNH:2
FNDA:6,(anonymous_0)
FNDA:6,(anonymous_1)
DA:2,6
DA:3,6
DA:11,6
DA:12,6
DA:13,6
DA:16,6
DA:106,6
LF:7
LH:7
BRF:0
BRH:0
end_of_record
TN:
SF:models\user.js
FN:4,(anonymous_0)
FN:6,(anonymous_1)
FN:65,(anonymous_2)
FN:68,(anonymous_3)
FNF:4
FNH:4
FNDA:6,(anonymous_0)
FNDA:6,(anonymous_1)
FNDA:2,(anonymous_2)
FNDA:1,(anonymous_3)
DA:2,6
DA:3,6
DA:4,6
DA:7,6
DA:8,6
DA:9,6
DA:12,6
DA:66,2
DA:69,1
DA:74,6
LF:10
LH:10
BRF:0
BRH:0
end_of_record
TN:
SF:models\userwallet.js
FN:3,(anonymous_0)
FN:5,(anonymous_1)
FNF:2
FNH:2
FNDA:6,(anonymous_0)
FNDA:6,(anonymous_1)
DA:2,6
DA:3,6
DA:6,6
DA:7,6
DA:10,6
DA:54,6
LF:6
LH:6
BRF:0
BRH:0
end_of_record
TN:
SF:models\wallet.js
FN:3,(anonymous_0)
FN:5,(anonymous_1)
FN:33,(anonymous_2)
FNF:3
FNH:3
FNDA:6,(anonymous_0)
FNDA:6,(anonymous_1)
FNDA:2,(anonymous_2)
DA:2,6
DA:3,6
DA:6,6
DA:7,6
DA:10,6
DA:33,6
DA:34,2
DA:36,6
LF:8
LH:8
BRF:0
BRH:0
end_of_record
TN:
SF:routes\categories.js
FNF:0
FNH:0
DA:1,6
DA:2,6
DA:4,6
DA:5,6
DA:6,6
DA:7,6
DA:9,6
LF:7
LH:7
BRF:0
BRH:0
end_of_record
TN:
SF:routes\index.js
FNF:0
FNH:0
DA:1,6
DA:2,6
DA:4,6
DA:5,6
DA:6,6
DA:7,6
DA:8,6
DA:9,6
DA:10,6
DA:12,6
DA:13,6
DA:14,6
DA:15,6
DA:16,6
DA:17,6
DA:18,6
DA:20,6
LF:17
LH:17
BRF:0
BRH:0
end_of_record
TN:
SF:routes\profiles.js
FNF:0
FNH:0
DA:1,6
DA:2,6
DA:4,6
DA:5,6
DA:7,6
LF:5
LH:5
BRF:0
BRH:0
end_of_record
TN:
SF:routes\transactions.js
FNF:0
FNH:0
DA:1,6
DA:2,6
DA:3,6
DA:6,6
DA:7,6
DA:8,6
DA:9,6
DA:10,6
DA:13,6
LF:9
LH:9
BRF:0
BRH:0
end_of_record
TN:
SF:routes\userWallets.js
FNF:0
FNH:0
DA:1,6
DA:2,6
DA:3,6
DA:5,6
DA:6,6
DA:7,6
DA:8,6
DA:10,6
LF:8
LH:8
BRF:0
BRH:0
end_of_record
TN:
SF:routes\users.js
FNF:0
FNH:0
DA:1,6
DA:2,6
DA:3,6
DA:4,6
DA:6,6
DA:7,6
DA:8,6
DA:9,6
DA:10,6
DA:11,6
DA:13,6
LF:11
LH:11
BRF:0
BRH:0
end_of_record
TN:
SF:routes\wallets.js
FNF:0
FNH:0
DA:1,6
DA:2,6
DA:3,6
DA:4,6
DA:6,6
DA:7,6
DA:8,6
DA:9,6
DA:10,6
DA:12,6
LF:10
LH:10
BRF:0
BRH:0
end_of_record
